500
0 2768 6619 1412 4584 105 9130 4855 6029 4079 9840 6073 914 5715 4020 1207 2079 548 719 1981 2052 7455
1 4704 3184 5767 169 1997 3575 621 7181 9392 9811 5142 3735 6688
2 5008 5169 1794 1369 8457 8762 7591 8650 9710
3 641 6692 6469 9318 871 8137 1127 1004 3630 8893 2192 6321 4402 1521 3863 3827 7545 7997 7262
4 896 5122 75 1668 1541 6406 199 7244 5962 9995 4364 8209 9874 9301 8460 4314 7899 7710 8251 7185 1319 7289 6251 9260 9965 2990 3697 2674 1779 5108 8428 6454 4857 6139 1873
5 6369 5443 1188 8705 2345 8711 6572 2799 4720 5748 7006 2006 5417 4705 7517 9822
6 9698 7237 7110 1834 8427 2575 9364 7285 4340 5199 4412 9534
7 9324 5194 9580 654 8252 4592 7566 6038 1371 7996 606 8764
8 7488 8738 8613 488 8586 9804 8526 9041 3219 9333 9433 7707 1770 1055
9 5187 7119 8999 1800 8746 6449 9070 9453 336 7537 6290 3099 5755 9721 5211 2847
10 8193 834 8069 6662 9159 7688 843 770 1615 1105 6356 9749 9942 7064 9921 9820 925 2594 1445 1638 4651 3885 6045 1330 4855 952 8313 703 541 1272 511
11 4257 5636 1958 7697 5345 3116 1617 692 6737 3609 9245 3271
12 3936 5346 2065 1746 4622 6669 6865 6226 4435 2612 8981 7865 122
13 2210 4004 9735 8125 3146 3051 1719 8174 6543 3473 6036 1838 3102 5783 4314 1652 1498 1535 8445 4606 981
14 3233 3543 3243 1510 9094 2343 2647 108 6002 5300 7381 5399 3129 2047 796 3549 7669
15 3456 6467 9349 8392 6451 7500 3982 730 6364 9029 5600 8994 7844 3365 1769 3883 1773 1774 1800 755 169 7804
16 6465 9803 3652 5253 6214 6945 1611 8077 7438 4624 5522 979 7647 6359 475 3109 2144 1121 6693 6311 3499 3827 5109 5179 5245 4213
17 6433 7490 9992 8970 8300 270 4946 4307 6133 8502 9912 947
18 1954 1572 6313 362 2220 4365 1550 367 9298 1139 1077 6040 7641 1947 7884 2346 5010
19 8386 9093 518 1352 8716 1026 2962 2454 5631 7320 221 5061 1979 7397 5416 3434 5739 9388 5294 6525 6258 2555 6461 3326 3007
20 2272 1060 2344 5852 1354 6063 2704 6289 4306 3862 8441 4956 5565
21 896 7933 9861 9990 8135 6216 574 3500 6765 782 7663 4594 6030 3158 2583 9049 7835 1583 7791 3797 6981
22 2592 8481 2162 1204 4741 2534 2118 8187 9308 7983 8368
23 6337 2946 1063 172 9717 3948 6062 5775 9809 949 1146 1503 415
24 4352 8131 7120 4293 1463 5966 6992 6482 5014 6551 4176 8168 1962 4717 1263 1328 6705 3058 3509 6134 7031 9018 5866
25 7137 7747 9156 5893 7432 747 908 9357 6993 9667 6231 2611 8031 8543
26 4736 5441 2531 2245 2855 9994 5355 1516 7055 2325 8021 2917 6810 6556 133
27 4192 9592 6339 6918 632 7469 6125 2161 6131 406 4728 1341
28 1344 835 8133 4423 2123 5708 718 9615 6851 2105 88 2589 3104 7586 8043 8428 9133 5742 7358 116 8245 3190 7351 6201 6074 4539 9598 7604
29 6881 4934 6407 7753 3404 4110 79 6832 4785 4502 4377 5690 1531 8156 29
30 4928 3073 898 6115 1796 4901 3233 5962 9004 6701 8141 4721 2066 7987 1472 7638 7476 2271 5119
31 3137 5668 8816 3913 1295 3152 8018 9013 22 2308 6462 7327
32 6829 5444 9351 3625 6891 1708 9101 14 5583 1328 3391 244 1557 3638 4823 6776 7439 250 6767 447
33 5664 4162 7203 6373 169 802 3438 5615 1779 5449 152 2238 5283
34 6884 5413 3048 5643 3821 7950 7437 4531 1878 1390 3795 2103 5939 3323 2653 7454 6131
35 5728 9312 2499 3525 5286 9991 4200 7083 7651 7088 691 3288 1658
36 7969 1220 790 8689 9480 7873 1271 2284 4874 5822
37 7392 5441 7045 4296 3081 5911 5870 4434 499 6837 8343 5882 9367 2432 8021
38 5504 1536 2818 5957 9896 714 4178 5053 5490 6675 8884 9589 5562 8349 8159
39 9120 3331 8036 7751 4011 36 6094 6191 1426 8787 8835 1774 1625 4666 5743 3743 478 9013
40 6400 5504 6370 542 8289 6249 9459 9300 4277 8696 9530 8572 1149 5758
41 2626 7332 5989 4135 3977 4010 7852 8301 44 1619 8852 5113 3485 4223
42 7296 5441 9026 6323 5006 135 6409 842 4107 7629 3022 3981 8593 1042 5390 1622 6296 90 4367 8157 6424 3025 2897 8824 6764 3823 3505 8883 1139 6014 2156 9336 1276 7742
43 7072 66 1123 8491 2407 8223 9319 5740 9538 5519 7920 2067 3700 3093 9144 884 6075 7516 8989 3711 7509
44 707 5605 305 5393 893 9457 5110 2038 1178 7199 2941 7870 4575
45 1920 8770 9688 5492 578 2383 4561 3474 6997 6487 5784 4159 5340 2781 7013 2209 6178 8037 6376 4188 6250 5099 4399 7026 1524 2615 3160 7801 3194 8223 2538 6270 3541
46 7821 2179 9573 6091 3885 3278 7533 1619 2755 2739 2041 239 3467
47 1061 4726 7880 7049 9132 365 3662 2416 6545 5268 8533 6582 9335 3452 1631
48 5953 8259 8858 7048 8681 4330 9708 9485 7581 2512 2806 9833 9050 7837
49 4546 9219 2382 4419 1560 8154 7899 3100 2335 8932 9317 7142 9063 860 2972 4842 1959 7790 3005 6196 7143 7160 571 7210
50 9088 9731 3077 5578 3859 8660 1301 5014 9623 4571 2077 2722 8102 4199 9138 1455 496 5234 7160 8084 6650 1343
51 6528 9027 4054 2630 135 9609 523 2711 7261 8850 660 7061 9302 8535 8728 1049 6938 3036 733 9697 2341 6170 3496 8722 1711 753 1050 4084 8566 7036 3135
52 6114 613 1798 295 2345 8412 9167 8240 564 8661 8471 3064 1274 2234 8297 7101
53 2608 2660 1864 5099 1743 7344 4914 5652 8790 279 5176 926
54 8674 935 6538 7915 8354 802 4686 276 4478 7031 3931 3006 5557
55 3643 9443 2150 4684 1898 7147 7372 4045 750 9101 2576 2317 3657 4474 1051 4924
56 9376 6405 5350 9000 2058 3819 2540 3309 2607 1554 4851 1398 1048 6010 5531 3708 4133
57 5921 6978 8163 1476 4197 7782 4714 4171 5164 3374 8911 7024 82 3059 2361 1019 3901 7679
58 9989 4327 8968 7115 4140 7566 2704 8113 126 4792 8252 1565 606
59 1185 7108 1366 2577 5609 9738 1611 2158 6902 9558 7063 9048 8247 2744 443 6940 1662
60 9408 7203 4586 5868 3523 5682 2355 1145 2457 6266 4345 30
61 4801 4099 5572 518 5448 5386 5583 412 3666 9428 8022 6810 2639 8476 8218 1570 3747 2886 6375 5993 2858 8107 9837 1181 2293 8759 9023 9013
62 6020 3446 9478 8327 5928 7049 6700 2125 4687 9682 3732 1429 214 4695 1353 5307 5341 8830 3423
63 9283 8793 9352 5257 6155 4728 9936 8209 2322 3731 8789 9623 3095 7001 4527 9692 5341 8912 5794 1960 2601 9645 210 1711 4786 1141 2679 9080 8828 5181 2943
64 1216 1025 9026 4035 6148 9734 9224 2635 6416 9044 6550 6360 1241 7200 2018 8931 4710 487 3498 3703 1072 6261 1335 1272 6073 9275 252
65 2114 2422 4230 9313 6218 2318 7057 2322 6547 8854 5207 6817 3939 4136 300 8146 4788 3190 6516 4219 9042 4607
66 9101 3846 696 3625 1898 1435 2890 5134 8527
67 4450 7883 4389 3111 7657 3754 5547 7714 8113 7762 9171 5748 1142 9535 4849 6428 1470 2847
68 4225 1698 2340 3631 6256 873 7696 3860 726 983 633 1786 3035 3998 4847
69 1089 7121 4977 8170 4396 9613 9006 3345 4531 1430 9176 1665 8829 7448 8159
70 7266 8427 164 6022 6184 7228 2699 5421 9838 3277 881 8467 23 8538 7023 540 3166
71 8480 3233 5899 676 6695 3660 8775 5228 6160 4721 1668 6324 6742 793 5300 3261 5119
72 4289 7108 7862 9606 9483 9677 5874 854 8247 9048 5145 7194 6940 4063
73 8002 8579 9220 6021 5062 3751 3304 1354 603 4110 4271 5064 8114 2164 7733 9462 9224 5787 7485 446 255
74 9347 7556 779 5326 6223 3504 7281 7155 2398 4836 1590 9431 9305 1020 6301 6686
75 8514 505 7972 9096 9261 3182 9069 4808 7636 7511 3641 1627 3060
76 6082 9347 2693 4809 3543 1750 7191 4632 5785 7579 9885 1822 9093 1067 9388 6061 2735 625 286 3830 2233 7292 1791
77 6212 4610 8644 7756 4106 8907 4300 3469 6351 5907 9493 6404 9498 6941 3745 6058 1757 9521 1010 5301 9852 7978 117
78 5824 6656 5547 5060 8453 2566 5448 8908 7896 1496 8410 2543 2013 6046 8816 7652 4134 4455 9523 1642 6955 9901 6447 4720 1969 9139 2164 5301 273
79 2466 4323 740 1607 4073 3052 6798 5329 3923 1865 9449 1148 4733 8574
80 960 3841 8711 5132 847 7448 7641 9244 802 955 5348 5862 1383 9640 8199 9392 5362 1332 7166 6710 8443 4925 7367
81 3584 7361 7491 8900 6070 8071 2184 3532 6283 8268 9806 9241 3864 5849 9947 8925 4069 9505 5797 6825 4589 5149 2289 8566 8441 4669
82 4002 9444 5282 9 9495 2850 3535 4400 1848 7095 5752 9391 2882 2399
83 96 131 8740 3590 4092 108 847 9363 8405 2582 2396 7091 4060 3453 4021
84 5889 259 6980 2693 776 4237 8910 2895 3792 7057 9622 9368 5901 719 9244 8342 3103 5860 1317 4326 5992 9129 1002 1391 3121 2422 745 4985 5532 6909 6526 9023
85 9104 1669 1066 8456 2474 7691 4333 2127 9392 7955 7574 5431 9757 4350 3071
86 2240 9152 5443 7783 9704 3625 5386 7248 4824 2260 5461 2576 3479 2136 7451 5020 6014
87 2496 8513 6082 8235 3720 5321 7746 7438 8146 5907 3285 6616 5913 7694 219 6044 352 5857 2085 8169 8362 3243 9007 5044 5877 3305 1941 4923 6141 7806 7968
88 2240 1601 3909 3905 3144 9036 524 2190 8600 5326 5592 5156 9742 2203 668 4959 5412 5429 5862 871 5226 6699 9132 496 8306 5685 9465 1148 9021 8693
89 5120 5905 6131 2468 3622 17 8585 4953 7774
90 9519 1186 8723 4494 2729 7945 4842 4763 1308 5790 6607
91 8193 130 7429 200 394 3723 5836 5090 412 349 7902 4258 2275 5351 188 7468 7725 4783 3312 6001 8883 2037 8954 5244 3580 5821 4286 949
92 96 867 5477 5558 5775 4170 6541 2605 8466 1179 1429 726 4343 8314 5371 6236 7165 3547
93 3265 9797 2662 1801 9066 8716 9421 6717 6837 2617 8250 3069
94 4928 5953 9979 8423 712 6124 7082 9484 7949 4654 111 8360 5107 183 4314 8859 3612 5502
95 7298 8499 5827 4791 7256 8819 9850 4653 1261 927
96 5793 4132 1285 9702 5031 3786 3127 3375 6897 9780 2647 6244 778 7998
97 1937 8712 5514 9719 3020 9309 5713 6675 8622 3677 8862 5218 5795 3684 6949 5863 9003 9581 3758 6895 9555 1781 758 7607 1721 7710 5998
98 2240 4036 3557 8391 2952 2379 9332 9380 9108 6015 1980 4933
99 992 8747 6978 3651 804 4551 1835 2059 3630 9235 8212 2965 2294 9464 3897 5483 7335 6015
100 5569 7204 325 1441 9160 9545 3691 4780 6415 9491 3845 53 3798 9207 5647 6617 9252 4347 285 559 5797
101 6849 6083 3876 5703 4040 2252 9400 1237 8792 2884 4573 9567
102 9248 6465 3460 678 4679 4840 425 2058 5479 685 9102 5933 7312 8462 6101 9083 3548 4778 4636 2113
103 4193 2196 6325 4391 8148 6426 3655 9196 7854 8447
104 7553 5509 8008 1289 2255 5304 6867 7894 8431 1182 3167 866 9444 1957 9255 2858 2155 2413 9007 3376 9032 8434 7795 9585 6584 6270 2943
105 9040 2288 7874 4933 2696 9225 2602 9291 4397 7984 2324 6101 3330 8937 8770 1145 4151 5884 8189 6608 7285
106 7233 900 1932 1356 3853 5848 5715 9750 4504 5595 5661 1566 6687 7204 39 9514 2988 9713 7443 2232 3513 8042 7167
107 7606 4750 7195 1042 1299 174 7961 730 7003 1501 4450 9443 8228 3046 2857 8748 1774 755 2486 9655 7097 3835 6652 7486
108 2752 3841 4866 8390 4034 8911 7252 729 6809 8015 834 30 5407 6368 6534 2844 1137 7721 6060 3053 1327 8753 6889 7289 7085 639
109 5536 2480 8930 7204 5541 3777 7628 8045 8431 3088 5715 8688 1016 4749 9551 6815 26 6789
110 929 8043 5 7174 1675 6124 111 2578 631 9945 5183 7485 447
111 7456 1632 3427 3238 7367 2472 6908 9354 2542 7709 626 6677 4950 3959 348 3101
112 352 3745 331 1124 8583 4680 6377 3914 43 4957 6331 9930 6421 9161 1560 8505 3322 2875 8874 9758
113 2785 4290 6051 5188 935 5770 2061 6702 79 7254 2135 8719 8927 5630 1439
114 3232 1377 522 3 326 8234 5743 2898 6467 5621 5494 7833 8186 1083 8572 9386 3486
115 1025 9090 4579 22 4362 2415 1119 1425 851 1818 2070 9786 1167 4348 234 8797 5375
116 9008 1890 2059 9384 7561 6586 8747 7043 1853 9823 6015
117 7296 7126 583 4237 4752 9745 2003 468 8982 5783 6554 1402 9374 9073 9955 1317 4561 8552 7275 2476 8493 8125 2097 949 9654 1336 4602 8315 6141 4661
118 113 9954 6379 1988 8295 9432 105 8603 492 2078
119 2114 771 5383 1868 8270 3087 9745 7321 3164 4254 9055 1315 3812 1959 1000 5564 1323 8049 2996 1721 8058 3260
120 643 5397 1457 872 6057 3755 782 7134 4112 7921 2226 5043 4565 7702 2120 2526 5055
121 4995 1860 9032 6025 8780 912 4243 7572 1174 5689 667 3741 7710 2662 1446 3945 9712 3316 9086 2871 9172 4414
122 5504 4481 1058 7558 3494 9825 1195 1453 1774 6578 1111 2712 7836 3261 2494
123 3616 4257 1410 5721 1958 5558 9784 5144 5241 7288 1167
124 9089 5762 3588 1918 5638 1287 7304 6922 7179 4558 3602 5636 3226 8092 3098 9480 8799 7396 2990 2417 6963 4510 6326 6280 5023 3836 5373 1534 7103
125 3211 4420 69 552 523 7629 6671 1362 4179 8307 6170 8431 4442 5150 3103 1058 9511 3240 7975 5548 2349 4526 9327 5552 1192 7410 2771 2100 2613 246 7699 9259
126 4130 2371 5007 7673 145 3529 1250 4302 8015 1393 3699 6740 6423 9688 3284 3354 283 8105 7481
127 6914 2248 5450 971 7948 6797 2192 2518 2970 4572 9181 5022 1120 9573 2342 3111 4007 9007 285 8798 3254 5752 9273 4091 2877
128 8257 8612 7557 4521 4363 2668 6190 6041 657 1458 3032 3543 5848 7001 4984 6523 8797
129 7392 7713 6915 3493 8097 713 6698 7021 1361 4984 3161 6938 2365 6181 4511
130 8896 9283 9540 8134 8969 270 2936 1299 9109 4822 3827 6532 4958 9887 6306 8361 8812 8300 4307 6133 3017 4216 569 9533 4670
131 259 6193 5126 5063 7240 2441 8887 719 4880 1877 5654 761 1496 4252 3336 1567 4260 6054 8423 4264 8362 5831 5804 7089 3510 8055 7
132 4875 3972 4070 6154 9067 4719 6448 4375 1144 7737 1787 2141
133 2896 916 4654 1896 2331 5068 7837 4798 2815
134 2560 7779 7157 4648 2777 2426 5115 9693 4909 4991
135 4801 1223 7880 650 1931 6928 9169 786 3669 8918 3545 9839 5468 6623 6691 2857 9706 5869 2223 7153 7922 6771 1449 6397 6229 4799
136 1920 1826 2211 5572 1478 6630 5095 9736 2569 7127 5517 528 7185 5749 6327 4888 9759 5755 3997 501
137 6048 3395 8462 5072 451 5716 8278 4760 5658 3101 351 1248 9827 8293 3047 2792 5223 7852 7153 626 9911 9279
138 6274 8843 8615 1640 105 5067 6924 5069 2927 2321 3186 4948 7669 8982 5559 2488 1650 8167
139 7811 1814 1095 7720 2633 1323 4908 1767 7336 2802 4148 2198 8468 2319 7156 8699
140 400 5155 1157 2760 7946 3341 8592 2611 6787 8889 5162 9019 8477 3806 389
141 6336 7682 8451 9478 2121 3018 2123 2125 6414 6224 9873 4627 4884 6680 1625 8284 8290 5481 4843 4658 1227 201 1209 2175
142 2304 7618 1924 2789 646 1639 5034 910 7151 7601 8052 9175 3384 9146 5373 5925
143 8898 7304 2697 3403 2892 9039 8848 7569 6355 8406 6615 6494 9056 673 3683 2404 5478 9576 8043 9517 6895 3637 822 4816
144 5060 8677 710 6921 8074 9419 3468 2169 5809 2518 8121 8089 794 8246 9213 6405
145 5687 8580 3830 1607 1644 3411 8203 2668 502 4879 6739 9876 8853 4726 3383 9615 2422 7582
146 2817 8387 5493 7173 1793 3144 4907 3050 1579 1966 5359 3408 5864 6499 4821 3665 9110 8408 863 8284 9205
147 3008 7875 836 1224 5166 431 336 5074 4883 4110 3992 5370 3579 6429
148 4033 1595 3023 745 8157 8880 6706 7325 2521 3728 1147 60 6896 3888
149 4416 800 5028 5349 6054 169 2986 9931 9676 8013 3310 7606 5431 8377 3964 7517 3941
150 2049 1387 6853 9990 5921 6216 2604 1871 9296 8814 7895 6744 4065 7909 6631 4843 8684 3885 3758 1264 8756 1141 4472 7162 9852 1469
151 9153 1666 6198 2439 3561 9162 5899 8151 8176 8145 7706 8406 2007 3066 5903 1809 9450 4869
152 4993 5027 1574 9025 5900 1515 812 376 2292 7615 4572 6137 8440 7860 8634 6555 6460 1405 5022 575
153 3670 3009 1125 3006 4359 6538 1515 6796 9293 6351 9713 4306 1140 5333 310 1495 5111 8895 6165 3222 8439
154 3616 6500 4613 246 5558 7385 1066 7551 1292 1582 1663
155 8195 3268 5639 843 3405 8142 9101 2449 7314 7765 2302 9563 9565 3744 6305 1051 7845 8486 7720 1898 4588 5869 7154 9139 1524 3061 2962
156 5507 5895 200 9751 3149 2895 4501 151 9816 3482 5339 491 8484 9957 4774 2983 7979 6766 3567 4144 569 7162 5515 3262
157 8263 4168 6732 4066 2958 399 2574 9244 4254 7071 5857 8738 4195 4958 1638 8230 8681 1323 3309 1649 6899 8414 5880 8570 9852
158 6851 6020 5509 7751 9483 7759 5368 9043 7525 3547 8220 8733 6725 7992 6049 5477 5802 5035 236 813 1138 3379 6772 182 6840 1375 1277
159 6464 7428 7976 4970 3083 4716 8722 8573 6770 7219 789 6410 6460 3293 7550
160 7874 1478 1034 3704 7314 9619 4053 3705 8668 6260 2533 9953 4707 9060 9317 5224 809 5676 756 7736 4148 4222
161 8967 7240 9545 6385 3916 6734 4241 6547 6676 3989 8406 6423 3865 3804 5240 7652 102 5553 9704 5788 8236 6909 2160 7473 7922 332 7225 6458 828 4413 8062
162 4672 3600 6537 8190 76 7949 8046 2128 2868 8821 2167 4154 5724 606
163 4801 3363 4677 6369 713 4906 6060 7438 6041 4944 2546 5395 1556 7413 7318 1833 2612 5059 257 1950
164 8672 3649 739 6357 6614 2129 3070 2618 2827 4382 8277
165 3428 3493 6503 4487 3820 8717 4941 4433 9031 3581 766 150 4071 9144 8580 8890 1252 6269 3710
166 9216 2048 1092 101 1610 4587 2732 4463 1137 7672 9753 6799 4892 6143
167 3520 385 2818 2373 9569 6078 2215 7276 5198 221 8594 7284 382 8823 6232 8377 7481 5916 4893 254
168 3297 7459 3813 6844 7274 956 1645 9295 752 6609 9746 1587 2100 4245 2908 5406
169 7967 8196 6727 9224 9129 3178 5803 5580 3282 9775 8402 9075 2740 8309 8022 3064 2970 2559 765 702 9141
170 260 1093 7974 2407 2249 5293 402 4093 6960 6834 3125 4567 1177 2458 476 2204 3134 4453
171 8800 3425 4802 8388 6117 5990 9852 5180 6608 6676 4702 5924 28 8158
172 1473 9826 2926 870 3079 3304 2798 5838 7183 8529 4115 2100 597 5497 7054 883 9594 4031
173 929 2486 6470 8488 7050 7789 79 8360 2408 4566 1529 111 5439
174 3713 8450 4100 6886 490 8439 2028 5934 2418 6067 1038 8503 8708 9499 4311 1710
175 321 9411 4641 8200 7852 9425 7564 784 6641 8242 2515 2197 9430 202 6362 1793 10
176 9280 5089 610 6116 4015 4807 6141 5961 1546 1067 5166 367 6482 6227 2292 2010 6735 5053
177 8683 8934 6599 3721 6699 6514 5230 2797 208 6738 7059 84 6709 8671 3320 6459 3355 157 3039
178 2017 674 9764 933 3910 9511 9611 2060 7949 5200 9681 7890 4819 4026 7291 1150
179 3776 1542 199 1674 7180 8655 7889 8275 2389 2867 9696 3553 5923 7206 7143 6000 4787 3128 5946 955 3018 2239
180 4832 7009 4035 5700 7077 8507 1841 1289 6795 3047 2545 9171 5525 8758 6743 8601 6486 8700 6077 5215
181 8416 1760 1058 5307 9668 9413 3910 9511 7912 3211 4590 8498 3904 7291 3869 9215
182 8864 2947 7044 3752 716 5006 989 8848 3432 9939 3476 6808 8804 699 9139 4542 7839
183 9184 353 2 6267 4294 6670 722 51 4564 7352 8793 9627 9533 7679
184 4805 3110 2951 9928 713 8939 8350 2546 366 3119 4944 4529 1746 3540 2549 6134 8766 2437
185 3392 5563 8711 2409 1964 8269 2189 6674 8564 1077 479 2105 59 5309 725
186 2113 1542 3720 4170 8599 7820 4814 8464 5783 2904 1626 9758 1569 6821 4081 6954 3115 2030 4719 1800 7090 9777 9848 1149 4106
187 1056 9025 9120 9510 4664 2568 2537 1340 7981 688 6545 6453 9577 1944 1849 6076 9661 5365
188 1122 5507 7716 1154 6696 2121 5196 4706 1552 9714 6773 6724 2811 6748 3189
189 8845 2147 4127 6731 4781 4559 3154 9236 602 5247 4187 8474 8959
190 2246 9559 9187 7684 4325 6374 503 9582 5649 9618 787 2932 3285 9398 951 2969 8051 9374 6197
191 5601 7090 4999 7270 8215 2698 5255 1852 893 3613
192 3267 4356 2117 551 8713 2570 6476 5871 4304 9124 5778 4692 7727 9015 8345 1657 6875 9372 1534
193 7426 1476 5446 3207 1740 77 5775 7826 9492 8150 601 2201 2074 476 9374 8930 8928 226 4486 4647 9898 3111 3053 7924 3061 9720 6196 3445
194 7456 7936 7044 165 4967 9192 6537 2634 6583 2382 1839 6320 3528 2546 8212 1556 4407 7865 4944 5854
195 3426 8421 3210 3607 9005 8057 1424 7313 9810 1971 4951 3193 666 5438
196 7683 8900 6550 8711 8392 7434 2892 3533 1935 6480 3537 3987 2390 6487 6044 5280 3553 9381 6353 9512 8595 3068
197 6912 3554 9476 5688 6920 7049 7786 7596 4909 4878 5869 2704 3857 6131 4104 3138 2745 4028 9805
198 8027 6020 1413 2376 169 5275 7627 3789 7342 7213 4688 4209 340 2779 517
199 4160 8417 323 833 5224 1898 1978 5208 5842 6869 1718 7096 8698 7323 5053 8702
200 7874 8111 1734 1289 9802 76 6610 2966 7064 1306 475 2972 541 3870 9637 5216 7652 4901 5286 6962 7400 427 3914 4909 7790 815 7856 3240 8498 8179 2551 952 7290 2491 7740 1917 7294 9407
201 6178 6015 9253 8391 457 5546 4491 6348 6588 4240 6258 1846 7977 5719 7642 2171 4556 4639 9740 1343
202 1121 7780 6917 8881 6280 7177 2823 5004 497 2994 2099 1715 4409 6340 4284
203 7408 7249 193 2424 7769 5041 9771 8044 4938 9943 2329
204 4896 7393 2944 3975 9160 3114 6412 3805 7088 6451 8471 1368 1689 90 8379 7932 6298 4851
205 8129 3554 6884 2213 7086 2505 9198 4541 1520 7406 2429 4286 639
206 3074 1731 7333 1032 6537 5130 5003 9388 5581 7822 7217 9138 3447 4180 1109 9865 7511 5605 1989
207 3716 709 2630 7880 7948 3405 4880 81 659 985 6558 4531 3054 8687 2929 1668 7219 8949 8121 5692 9470 1845
208 4256 3329 258 4708 7910 1431 8986 3183 1714 3565
209 4416 6530 1859 3495 8008 9930 5451 1581 6990 6413 4496 4317 691 4916 5085 2307 287 4060 861 7383 8189
210 9605 3079 2569 5771 3020 3981 78 2004 8206 1880 477 9822 9701 3680 3937 3234 2597 6054 647 6257 6494 4558 4285 2111
211 3425 6338 2373 7233 1961 8202 9323 7660 8365 3783 6800 8017 6581 9461 9481 7545 6331 2428 7389 7349
212 1408 9393 4626 8724 7461 4854 8055 425 8214 3746 3854
213 3264 8304 5444 3877 2663 9770 4812 1552 148 5845 5978 9660 1898 7743
214 3632 5554 2228 837 4646 9239 2920 9466 9675 2029 2958
215 8000 8897 21 3847 3038 5233 6650 3771 9085 2766
216 6560 5409 546 7483 3269 3270 8936 5768 9739 2893 6478 7855 3213 1425 5875 9172 6230 311 6736 9211 4670
217 7267 5412 678 1255 3752 3561 4937 9580 494 1871 6460 2769 5271 9102 9565 553 8570 2651 7324 797 9129
218 9409 6531 893 1153 4362 8413 7949 4719 176 9194 7090 5950 5430 2999 6584 8539 9436 9034 6174
219 1504 7135 8842 5964 3790 6417 5715 8597 1686 9111 3225 9465 2490 4574 7007 2016 8296 41 2538 557 9584 1273 4602 7355
220 952 769 7586 4709 5713 8680 843 6577 2062 5232 369 7027 757 7192 7952 6712 6134 3004 4702
221 4544 9281 6786 3363 423 5064 268 9031 652 9703 7431 7693 467 1492 6104 9593 8351 2396 2109 4002
222 1611 3 838 7180 5898 5643 780 205 9551 2001 9219 8344 3999 3750 5096 9197 8812 3757 9710 2804 7925 1079 6395 2421
223 3457 9730 9093 5926 6241 4904 9353 138 1391 8795 3229 4815 3023
224 3584 6144 1963 6404 3077 8518 5569 8136 6718 7692 9549 718 3023 2904 8659 4437 1560 9903 3007 8581 2147 7396 3877 2603 2565 8685 1728 2735 7280 1381 5301 6070 4985 7610 955 7932 6975 1790 1429
225 8193 1731 8133 6485 695 8014 3344 4369 3923 1454 687 3935 9377 8987 2596 7341 9518 4079 4978 1205 9655 1468 7807
226 1218 6980 2439 9608 6281 6922 4567 8396 9933 7438 463 6616 8019 1358 2774 3543 4824 738 8922 5090 8422 5670 9137 5674 6471 1071 7688 6130 7732 4341 1206 462 6197 9621
227 4224 1059 8069 6860 7917 5135 27 2930 6836 2590 6360 6484 3354 3151 6587 3166
228 6848 9636 518 8358 7 3176 7337 5388 2701 8718 4845 8333 850 7118 1292 4975 8830 511
229 7040 8994 1828 8583 3337 1159 557 4078 2959 1201 9939 6903 3089
230 7072 9857 4804 265 6986 8267 8172 5358 4042 5683 4055 332 4986 5437 2495
231 4129 6299 388 7369 2346 3831 3884 6192 2869 7575 7824 219 5658 5726 2295
232 6784 7553 3394 131 3958 523 5772 2643 7252 9878 7575 600 9566 8715 8104 4266 9197 368 4051 8894 4214 2878
233 8768 514 7817 7831 7694 3437 1358 7895 6170 8997 9527 1058 9637 2603 365 1134 2480 3326 118 4873 5880 2681 8671 4311 917
234 9216 3648 8150 2630 8265 2298 1935 8528 7992 5193 2902 4313 8794 2460 5149 7653 8998 6502 6186 6635 7782 4660 3145 1929 8952 2746
235 4320 7585 8290 4931 6843 519 9163 9186 7310 4080 4659 8116 3798 3895 6465 7577 698 6939
236 3072 49 1234 52 1717 2615 827 1436 6173 6510 6448
237 3650 4835 1252 741 8294 9192 2057 5388 4719 1009 7090 9523 5097 7549 2377 8521
238 1953 7587 8836 4616 3498 9388 3597 7247 2128 4050 7507 4660 9847 6650 3279
239 545 5474 8040 6473 1866 7531 300 6061 6504 7316 9845 1495 8856 442 4699 5855 8990 2591
240 7232 1041 8123 9383 2152 4249 9937 8087 284 777 8175
241 2112 7429 3965 5395 713 7373 3343 4944 1681 8371 1011 6653 7295
242 7808 2400 6436 8101 3370 8139 5668 1489 86 6585 6043 9407
243 2240 2368 5099 2565 2313 1614 8591 9688 20 1879 7960 8367 4765 1328 5412 9256 7787 7149 4527 2288 8168 1842 3508 9269
244 8324 3526 6759 4464 1491 7828 2718 6647 3192 7065 3707 1950
245 9316 4649 2954 3820 6509 5396 4533 2326 364 5147 6844 8605 3838
246 6018 7353 7665 2795 9005 3568 9841 1654 1303 9401 1244 689
247 6780 3362 2275 4388 2617 585 420 5069 8017 2962 2613 5751 2808 7364 3225 8164 2846 4191
248 9889 5983 7235 7483 8167 8744 9168 7987 4276 8931 953 8831 7484 703 2655
249 6916 2885 9173 4045 7632 7569 1682 6611 7637 5334 2074 2274 7395 3814 4945 1512 2411 3245 9199 4784 3624 3837 1790 3135
250 5696 2177 5762 3427 1348 3429 7110 1832 8010 5195 9164 9453 269 6576 7732 3766 3255 8632 858 7237
251 3140 901 6598 8135 7240 4215 7569 6099 8340 8405 4442 5019 5340 925 3230 5280 357 2666 110 5423 6768 2870 439 2653 8571 1916 8958
252 1728 6528 5509 4166 6195 8528 6545 979 4948 8470 2839 7001 9306 9436 5917 6672 1125 3665 6440 2794 6059 6248 4531 8951 638
253 3106 1667 7754 3718 4810 6862 850 7927 5112 671 5308 925 510 3263
254 5698 3080 3005 6423 7501 6608 5331 5078 6359 2968 9352 5083 7888 2475 4269 6728 1265 6643 2169 72 2553 7938 9903 1405 9215
255 9778 9076 6654 6775 1420 9627 6428 6221 3086 4591
256 3296 3620 8009 1164 781 8750 9135 2773 8841 1725 4222 8191
257 1665 7659 1904 8197 1414 1345 3656 8841 759 5389 7759 4176 2322 3894 6254 8855 5339 5212 6046 33 6427 4080 8807 1512 1628 6698 9831 876 2414 560 368 6454 969 7864 1905
258 1056 8012 5737 7082 215 6956 7053 7950 8125 2032 2453 2391 1850 4635 7453
259 1347 2404 1898 2923 8876 2898 1230 9357 5106 7407 6286 3638 1527 1051
260 7008 195 9028 9798 9707 6381 8221 2819 1365 4278 2616 2489 5693
261 7170 3653 6248 2444 7340 7216 4882 6195 5941 5560 4858 3772 3422
262 2304 4281 4614 647 1401 9451 7085 9262 8305 6898 6291 7150 4537 2297 9723 9906 447
263 9187 6341 6855 3817 9518 5327 2640 5379 4180 9653 9398 2057 5817 1972 4636 3092 293
264 6946 2595 1236 7272 6059 6574 465 7730 6836 2222 8150 8951 4056 820 3163 732 2270
265 5444 9494 1482 8651 9101 9874 6707 3894 7415 1720 3236 6938 1051 1898 4990
266 7328 7105 482 4899 516 5206 4129 5481 6189 3393 4399 4272 3762 3507 3894 2985 8068 2555 8635 1566
267 7686 3398 7654 421 2735 3032 2452 1973 3638 1432 1785 7765
268 3712 5163 8644 4357 7276 139 3602 3244 1902 8726 5335 3610 6941 6034 3231 3364 7333 489 8491 8812 5138 2286 1206 1081 3642 3950 9086
269 3808 7170 3515 8743 8104 6185 1287 5890 4782 7602 1256 1394 8531 5848 7993 7771 2366 2783
270 2501 9190 3825 1320 5387 7885 8686 9649 1874 980 5143 408 1847 1724 4133
271 34 4900 56 7687 4520 2412 4967 3468 1581 1809 3348 8343 54 8151 9848 5175 5401 3044 3352
272 321 5634 4644 2150 4295 1644 9200 7028 8470 2136 6457 2810 9438 6495
273 3936 6620 1419 8582 3079 3932 5706 5995 9102 3869 5875 7022 6424 2906 4060 7530 6334 1685
274 3207 3146 1867 7099 1296 1423 3984 6673 2002 7699 2349 7519 4385 5347 8614 1064 7787 4780 1106 9265 8690 3967 4020 6687 8636 1098 5887
275 2816 2976 4386 9188 4742 4513 715 780 5485 5747 3702 4727 9818 6303
276 5153 4107 3056 3681 4604 6347 5343 8687 2288 7153 9458 1364 805 6230 276 6085 735 7068 6365 1223 9349
277 5248 5445 2183 7178 8907 593 7699 216 8345 155 2013 3297 9379 1190 8618 1452 813 6258 9529 9979 316 3050 3043
278 705 3555 7652 2757 3752 9355 4365 9520 2064 6353 882 3235 8532 5077 5942 4212 4346 6332 701 9064
279 5920 2051 5861 6150 8649 2327 1293 5326 4361 3539 4661 3031 3013 1919 3356 8029 2165 1279
280 9697 9541 9254 5127 2024 2860 1805 4238 1042 3758 4054 2807 8134 2747 4957 1310
281 7683 3012 7813 6470 2951 4962 207 3409 1426 5251 7252 2837 7321 7055 1923 8414 4965 1121 3490 1670 177 8040 3880 8338 9199 304 241 5810 2168 1339 2175
282 3586 867 1992 3693 7506 7309 8495 8144 4242 3541 374 9303 4493 6554 8239 1538 1117 1613 9311
283 5440 5125 647 4712 7689 8714 8396 1935 1181 1585 9010 7060 4094 9687 2426 9819 6490 2842 5086 8716
284 7616 3714 7141 8711 8425 4907 7788 8706 3783 1839 372 6926 46 7609 7386 9659 220 2938 7741 2741
285 5168 2593 7076 9719 8524 5593 1530 9671 604 7597 7405
286 8352 8867 3656 5644 4253 240 1233 9362 3926 6136 5369 2106 1533 2430
287 7968 6049 5762 8005 1770 7435 397 8653 1840 7762 1043 4665 1399 2445 921 6042 319 1246 799
288 4032 9795 5178 1351 6472 6671 4888 7379 1401 8344 7709 4641 2979 2731 2989 6269 3376 8083 1780 9205 1337 7290 4027 5948 5547
289 4514 6568 8484 5573 5096 8716 46 7311 3856 7752 8373 8310 759 9710 8794 3397
290 4368 7650 3293 9781 3719 2962 5307 8549 3621 9710 7925
291 9304 2628 5349 6630 9511 168 9674 5247 1164 9741 9806 3533 5800 6547 5112 4697 8920 7291 2426 2687
292 321 7811 9670 7745 9160 5129 2058 7948 5133 6734 6675 469 342 6281 1113 7517 9478 1383 5097 5098 1260 946 3958 3319 1045
293 9040 2754 9732 6949 5062 970 1774 2781 592 6456 8403 1118 2136 9274 2266 5982 9125
294 4352 8676 4326 6919 4456 6579 6739 2164 7445 9014 6681 761 1180 1854 7573
295 4352 3840 6468 5445 6790 1799 6793 7653 8332 7056 9299 5465 6296 3673 1948 5917 2910 3781 6052 6022 934 6376 6565 7210 7474 8756 9270 7602 3379 9908 9014 8105 2873 374 1979 5437 2003
296 9600 7425 8130 1731 71 8267 1986 8078 5840 6737 1987 212 9301 3843 9947 1054 3553 7141 4199 872 9940 2992 760 2644 2554 1598
297 4489 7434 8556 1005 526 5009 8332 1471 1466 1087 1756 3871
298 7296 9602 7670 4173 6478 4752 3729 8722 2580 1365 281 6748 5214 7781 3234 6053 4905 874 9835 3700 9374 5302 6953 6014 6389
299 8512 8336 420 3077 7633 2332 7114 1101 654 1933 4976 2481 946 5141 8252 7806 606 9733
300 642 7048 780 5386 5580 9997 6095 977 5458 7253 7193 8987 5788 2562 4830 1633 7266 5219 5220 412 8174 6640 200 7026 2739 4150 6074 6139 622 1086
301 7841 8995 8004 774 6385 9815 1195 6893 3022 954 2001 1908 5045 2673 5816 4698 7258 3579 9146
302 6336 8005 5702 5815 7570 405 4761 6492 2909 993 7012 1734 1265 7209 8815 2033 9586 5814 9783 8442 1020 5693
303 8912 3555 8487 2185 3210 1831 2670 5789 3664 2961 4691 8863 3318 8600 2682 2705 3290 7773 9982 2527
304 8832 3232 9858 9027 8198 5053 2911 5520 2898 4884 790 663 4915 3823 6428 1118 9887 8224 1762 9211 732 683 1007 9632 9385 8313 4730 9403 2109 8958
305 7968 1956 1270 7846 8119 1901 4893 3280 7377 3096 2643 3284 9493 7030 9943 4728 2692 1309
306 5920 2305 3970 1571 7883 2892 5645 4941 7796 1843 5428 2251 8473 7000 8153 4507 1305 9903 6603 7545
307 7042 5251 5445 2630 5897 9807 3668 238 5846 9305 9944 5913 2458 9178 5090 1705 1962 5867 5038 6512 4084 8054 6327 8085 8340 1130 7486 2175
308 67 9380 4844 4966 5543 519 4393 3723 9292 176 1873 9650 3220 7477 684 3524 5531 6973 4671
309 8033 6402 3172 7177 8683 6604 9646 2834 5503 3764 8830 7881 8953 6244 9116 7261 868 1343
310 5408 3968 2339 2666 1067 8941 2350 6334 880 9557 1552 2393 4318 2645
311 4641 3202 8357 9174 7201 4108 6863 2515 2005 9430 2071 2680 6970 9205 1948 8703
312 1696 6452 2421 4487 5320 1162 7591 6300 1981 9237
313 9920 9090 7622 9260 6615 1900 8162 3375 6396 1202 4340 5589 4086 4855 116 9786 7131 1884 61
314 8624 4002 4228 4982 9495 4444 8508 7442 9340 2882 4553
315 7521 2935 7932 9703 5993 7626 3431 2732 9747 2708 2101 2199 120 4156 8351
316 8067 9604 8325 2760 5322 2146 1680 7736 6354 9428 1784 9047 3609 4890 3653 3616 4257 3106 6631 9834 9646 5103 945 5746 56 7800 441 7289 5821
317 1091 4358 5671 6024 4457 5415 9676 1039 505 7939 5172 4629 343 5912 1639 2231 574
318 3682 7652 3461 9866 6210 9426 6867 6933 504 154 5596 3742
319 8601 9859 4036 8069 7815 9548 9325 6161 279 1412 7439 8030 7771 2577 4584 1479 1133 2096 8243 8053 695 6011 4926 4917
320 1871 8707 7816 2057 788 2669 3983 8145 7155 4180 3958 697 6234 379 7965
321 2240 4705 7426 6627 4421 166 3153 7004 9993 3650 7438 4719 2288 4401 1204 2063 8988 897
322 738 2627 5947 650 6827 9004 8589 4626 3027 5780 7454 8459 5849 4155 6164 7902 8767
323 1281 8987 2340 9733 7463 1481 1610 5899 2092 4783 9232 376 2835 2264 8231 1083 6539 8511
324 2369 9007 3537 2314 301 1934 5359 1105 6261 7734 472 6458 9051 8060 1213 3327
325 225 8899 5764 9830 6625 5161 707 1615 5456 625 6035 374 3001 7513 9498 1007 2236 8147 7423
326 1793 5218 3075 3172 2438 5985 7018 401 8530 2515 5846 6936 5049
327 1601 3331 5796 6534 5446 6089 5017 139 1815 6001 9299 9460 1557 4803 5769 7641 7673 7259 6492 7293 5182
328 1314 4619 9285 7079 9255 1168 4177 9848 1112 4955 7676 7930 1957
329 3521 802 2437 5793 2184 5287 8449 8302 8765 2643 1678 6899 5431 634 3195 7677 4730 4757
330 9984 8272 8866 7524 4743 7756 4490 1228 2978 944 178 885 2550
331 4354 2883 3173 5958 5543 2088 4684 3501 2918 4470 3866 3132 2586 511
332 6464 7074 9990 1414 1383 8455 8523 9976 4786 5684 5909 5705 2456 6101 2683 485
333 3648 2752 3586 8709 3145 7179 7820 5457 6547 84 7956 3801 9114 4463 2143 2402 9083 4645 8742 2407 5674 4583 4210 8495 7858 8935 183 7864 148 1979
334 8256 2721 3012 8293 9424 449 1353 5772 7278 5295 5104 4787 4020 3574 4893 4820 5056 4317 9171 8976
335 7747 8582 6408 823 6030 2925 984 6674 6484 6871 8920 8732 4486 7526 4785 2986 7409 5997 3377 7347 7606 7351 6778
336 8512 9153 2 838 5964 76 8143 2513 2198 5655 8920 1625 4891 477 6054 3750 5799 745 2986 3373 7153 8628 309 6153 9404 8125 63
337 3395 7940 5894 1160 7767 396 8623 4403 4025 1017 6522 2299 6205
338 7429 6731 1293 3343 3664 2258 2787 3950 5364 480 355 4004 554 4786 6894 1647 2480 8049 9842 3188 9270 372
339 4449 4644 321 4744 5868 6506 8203 1644 1775 712 6226 6266 6588
340 3648 2465 1763 6153 7447 4269 7017 7025 1075 670 4341 8630 7543 9145 2524 5534 6391
341 8548 6934 8185 9643 8173 9869 6162 8787 2196 5622 8118 6329
342 9442 5318 486 7754 9867 4972 45 1646 5872 6161 3858 5977 4229
343 6466 6982 8887 1102 7213 4399 3982 8342 5401 3032 6937 4719 3837 5860 390 3303 8363 4077 9199 6448 8498 2867 5239 9657 9807 893 5054
344 6592 5248 3779 5639 1097 5898 203 7885 1231 5138 4628 8023 2074 476 6942 9312 4901 8103 5675 4024 3513 3261 9598
345 8098 8996 1317 7399 235 4077 558 7728 8177 6393 9119 6812 1375
346 4771 8260 8293 3174 7848 4265 5390 6063 816 2550 1299 2870 2711 8056 6524 6831 9500 8773
347 7360 2433 5572 3316 9991 6281 8465 8152 1115 7647 6049 7013 9510 5097 6253 3249 2290 7732 7350 3049 1465 8188 4070
348 3907 7331 8519 4749 6479 528 4562 9635 3157 1752 6938 3610 9055 8880 2466 4259 2865 2666 3307 239 2736 1585 1267 7481 4797
349 640 1697 4674 7867 6983 3593 4522 6151 3003 8303 7472 6203 1496 7739 1149
350 9377 7563 3835 1736 6633 7882 5323 8461 9391 2129 7219 6389 8598 9467 3469 1379 4731 5468
351 513 9414 8136 5387 141 5773 6544 3794 8238 8662 218 3675 8671 3681 802 4923 7012 1125 7206 552 5033 3818 2670 9968 9652 6584 1140 8251 1085 3391
352 9731 4548 6021 8609 9224 2828 5322 7948 6285 6861 6355 5270 8663 2649 3227 6621 9989 1505 6883 5989 6567 8233 5996 9968 8702 3958 5943 1339 1866 4286 7359
353 4737 6 6758 744 6762 2987 3737 8882 399 8978 55 7029 9689 4664 6137 828 5002 1694 8319
354 6785 5186 2595 455 7368 6729 5163 6636 6477 6959 3144 9388 8331 7605 6139 915
355 3011 6748 4082 8110 8720 5298 84 9238 1559 3259 9372 7487
356 4505 6306 4835 8389 3784 7243 5666 2894 4719 6129 2999 3991 4151 3673 2235 1305 2651
357 3586 8098 1349 2600 9868 5101 7020 4237 6767 1311 4117 7413 5013 1855 3932 9917 4717
358 9664 2881 9217 9448 3050 4974 5680 9265 6964 3961 3325 3902 7009
359 5250 8964 8965 8652 6986 9228 435 6030 4333 5584 4951 8644 4442 4367 1401 8927 6496 1442 6893 243 8308 7413 9716
360 6595 5029 3111 8171 4076 6738 9679 8914 8307 6486 3961 9402 4379 8220 8286
361 8832 7755 454 3463 776 2057 3531 6920 847 7120 2423 4948 2191 6752 3298 731 6086 38 6888 9834 1580 7240 3703 300 5500
362 6497 6979 196 5288 3082 2027 910 1256 7762 1364 9902 6167 3675 9149
363 9121 8258 8227 1540 598 3848 8715 9356 2413 8208 6996 630 9904
364 6692 6309 6157 7503 979 1373 3417 8719 6628 410 9935 7772 5277
365 2624 6785 5507 8068 9669 329 6295 7788 3757 9533 5651 4216 3634 4307 8502 4439 1784 1028 5340 3017 773
366 7744 7499 7302 3745 3465 6346 2699 2764 8400 3093 1017 2137 858 9075 4577 1657 9451 3117 4526 8609 115 889 5451 9979 8445
367 1219 6084 4169 9290 4299 1294 6415 2072 1117 7200 9955 997 5030 9965 8881 8053 9270 3832 4153 3386 2939 1534
368 3872 6113 8483 2852 1642 2262 6312 3242 5260 4074 7422
369 9089 6211 5029 7146 6316 3566 8490 1411 8501 9464 3259 380 6237 8895
370 7233 6082 4971 4232 5834 7179 1548 7234 5005 450 9938 2773 3097 155 2013 670 8863 3873 8610 3811 9474 4203 7598 3891 1780 9659
371 5088 1955 2500 7205 1736 4009 2866 7023 6705 9106 2805 3576 8569 7962 6463 7226 3976 2911
372 2176 7840 1464 4007 7304 10 3882 8109 7598 8784 7560 4244 7318 1624 7668 3850 810 7519
373 1601 6786 5251 5508 9605 1479 9032 330 1868 8205 5966 2383 4624 83 9238 535 4315 6110 1319 8044 1710 7087 2929 5583 8185 8125
374 8160 2274 9932 5735 3852 8682 8844 1682 4013 6130 532 6613 2522 2866 860 4746 9086
375 2571 1776 8994 5003 1031 3964 523 4813 4654 2192 2034 468 4566 4468 3034 2555 220 4958 5183
376 9600 4011 6469 3722 4811 4172 3751 4367 5138 5907 7513 5019 5340 221 4574 7457 7138 8419 4068 550 1383 6186 2155 7151 112 4401 3316 2485 9871 9407 700 5437 5054 9087
377 5505 2050 2467 4234 7090 5617 5906 1683 7669 6166 3991 6618 507 2186
378 8257 7938 1451 1510 6161 8618 5131 9772 8747 2031 6320 8785 8673 2965 5434 5402 6015
379 9344 8961 3739 5702 8808 1098 3403 2412 1296 9528 2900 5910 2456 3963 5276 2973
380 3392 7901 9640 233 3084 4398 5391 7161 474 655 9338 1342
381 7951 3458 227 2340 3877 9191 3053 2158 6285 8560 6935 888 4057 9595 3325 5278
382 1504 5697 8515 5095 3451 6925 6672 9950 4182 6905 9338 7899 1212 573 2750 9215
383 2182 5064 1132 4087 5458 4308 1110 7929 728 2139 4828 2149 7136 116 229 2790 9703 935 9836 1262 1583 1396 7095 1848 569 4539 1788 183 637
384 1156 6437 7078 7624 3996 7725 8014 4751 8753 6149 7349 2359 5752 2650 3836 9370 734 1407
385 7680 7169 9348 7880 4362 8908 8269 3731 8533 8922 413 4234 5885 2790 9065 5418 5163 1900 365 1134 8106 2416 177 1716 6262 4664 1789 1150 575
386 3074 6625 5129 2615 8429 5520 147 2900 4501 3481 1050 5391 477 6750 3232 1761 676 813 8934 5543 3562 6507 6188 4909 4462 3165 3504 9522 9583 935 6454 2608 1940 3006
387 7362 3717 9129 4175 9933 6351 8245 1014 6519 9337 8218 8731 1727 4767
388 7307 1348 457 2058 5451 8142 527 6099 218 1247 7200 4577 7842 2979 612 4517 8233 5802 2030 253 7856 7347 3701 1782 765 895
389 8975 7621 4838 4935 4458 7148 7119 3507 3572 8070 6171 1791
390 450 9003 708 5065 8780 5710 3215 272 5523 5141 2265 1956 3236 5093 9515 6765 7919 7857 8181 1336 4985 5813 9404 4181
391 3074 707 5352 7241 395 4429 6733 7740 5170 5972 4277 3320 1195 538 4828 9821 2846 4831
392 1888 7521 1985 100 8646 3169 6984 4532 4558 9040 3156 8916 605 767
393 2817 2 1670 5448 6092 5710 1807 3921 6771 3545 4377 1754 3997 8554 427 4973 8558 7752 690 2291 9268 1528 2676
394 8254 5171 7203 2406 4423 8298 6187 1389 2008 5459 5397 1763 7032 3961 1370 8801 8542
395 321 8450 4549 4865 2698 5922 5212 5788 6931 1940 5177 1175 5400 7961 8156 6622 5189 2016 9313 7202 1572 5801 5483 3308 1454 7919 2032 8822 6903 1081 991 1500 1661 3006 6549
396 6913 3714 7101 1956 4517 3548 6666 973 783 7474 9011 6292 1397 3256 6676 1226 4431 1564 4778 3781 9023
397 1376 6112 7666 2214 8241 8761 5264 4793 5628 1453
398 3969 6187 8095 6438 4071 1608 3233 7434 8011 7055 2353 3163 4341 4721 1081 5659 849 5567
399 9264 2384 5203 7749 2486 7719 3592 9035 9388 6382 7742
400 6594 6503 5097 8906 3810 7554 4912 312 7806 9721 5880 1593 1722 4411 2530
401 4385 9961 4044 1522 9743 7474 4309 4538 4539 924 3759 3775
402 512 7266 8559 9610 1197 2638 9487 4178 5011 6968 9659 9085
403 3232 3104 7355 996 5754 4356 7547 6928 8888 5330 9075 437 5880 7620 7130 2555 765 9918 3579
404 8578 7299 1702 7050 5303 8332 4274 9616 8562 819 2677 7639 1176 1243 2269 862 8341
405 4641 3202 1893 7393 6287 2434 6895 2515 2420 9205 6936 379 9903 863
406 7105 8068 5063 925 6153 5962 3147 2060 9102 6805 2451 5902 3159 6873 1117 7198 4400 2662 678 4778 2095 7792 9265 5234 7413 8375 6613 3004 7997 1982 9045
407 4448 7907 5732 2375 6089 5839 7062 2263 7864 4612 1052 6398 5951
408 8896 9568 5254 6087 7240 8432 8172 365 4400 4147 8533 4342 9077 1616 6778 7227 958 2175
409 9872 4096 5299 661 2998 4791 6557 2431 4349 4639
410 1858 132 1191 106 7147 6028 9842 6062 8658 1198 6774 2552 1220 2491 1514 4062 6367
411 7552 5157 4029 3563 3021 9038 1523 4658 7699 2349 8374 123 2166
412 9185 930 1238 7486 360 7465 3434 5356 1741 8111 2737 232 79 3604 8670 662 9993 3578 3291 297 7902
413 1091 9284 8005 4870 8522 8844 9358 271 7075 4949 2774 1430 6817 2595 1765 8678 188 6827 9709 9968 2902 1083 5052
414 2657 4698 8267 2796 114 8686 5229 624 6225 2706 1939 8666 3663 4218 2462
415 830 4324 133 904 8555 7085 8686 3120 3432 3955 7093 3414 9624 9846 5466 5471 7004 8574 3679
416 2913 7267 5764 7041 8105 4619 7852 653 541 9008 724 9532 8056 5561 3728 4475 7356 9181
417 1216 4929 450 2115 5254 1737 3146 7117 5902 656 2264 3603 148 4302 3416 9689 8090 5232 4580 7526 9959 3753 3629 1904 9073 5042 1651 3704 7802 7419 2685
418 3842 3723 324 5445 3463 2185 6859 1238 6103 6102 729 1242 9178 9633 5026 936 9543 1710 2559 8176 4337 3251 9206 6071 4095 6140 5503
419 5825 6123 3158 3041 328 9607 1736 4013 5038 4719 6448 7656 2887 7795 6802 4985 8539 9628 7090
420 1282 7643 1892 8231 7183 8905 1610 555 5607 6447 3889 8625 1750 2767 2247 7631 7868 8093 3454
421 5155 5398 6511 4679 3560 3676 167 5612 5677 9359 4528 18 6467 6390 7831 2203 8028 2621 8062
422 9728 8418 2116 4997 3944 3497 5962 3661 206 208 9656 8372 5070 2446 3241 9208 8116 9244 8180 5660
423 7009 7234 3325 3748 9349 6474 139 6604 5838 207 4432 3742 2195 3380 8782 7542 1623 7325 6394 5981 1822
424 8448 802 3659 2278 1003 9260 8781 8078 7887 9392 3381 3582 8757
425 928 1348 8904 1324 8938 3148 3758 232 1107 4942 2934 4280 2043 4252 541
426 8130 3715 3203 5448 4418 3726 4569 1105 2002 6611 3415 2392 9444 8035 4444 8989 5151 7713 675 7012 358 7078 5738 7791 7664 5362 7736 88 4784 6332 7933 6014
427 4480 6944 6722 259 6358 7751 1576 3113 9544 5259 3325 7325 7153 9684 4437 6390 6717 6075 2013 5269
428 8579 2788 7980 1546 6603 4108 7163 3920 3377 7510 663 1560 6842 5723 5756 861 3678
429 1216 7590 6920 8809 5482 7053 9422 2256 5491 9460 4853 7414 4378 5695
430 5152 6465 4161 7593 5587 1619 7924 2005 8947 6105 3418 7997 768 1183
431 19 1444 9638 6387 5258 8716 5454 9231 6065 9226 5779 1461 29 6302
432 5632 4641 9507 8387 5643 1793 2515 2599 3214 2191 4035 1329 7186 2323 4340 9430 6330 58 190 863
433 3842 2155 5316 7 3784 8329 3767 3982 8210 6101 8599 7630 2475 9310 863 6434 8891 9182 3241 7467 238 6770 6750 5367 1145 891 3453 9086 4693
434 2981 991 9159 1288 1546 3527 652 6413 7278 6447 3122 660 3822 2870 4760 3567 444 7197 6863 8618
435 6048 1602 6403 8550 6600 3113 5099 8400 5211 2335 1780 5462 3753 7483 3802 159 4540 4954 8478 895
436 1731 2532 1927 6952 4170 428 5933 6222 7087 5365 9366 9271 953 8538 6425 829 2052
437 8193 7170 1477 9862 6248 2537 6826 9666 686 5040 6900 1236 5535 7039
438 7681 3074 7212 2922 7851 2028 802 2414 3533 2508 5431 930 169 9946 5948 9018 1246 6271
439 1216 4512 3286 4534 7207 2863 2320 2673 6838 757 6901 8566 247 4037 5637
440 3584 4928 2244 9290 9871 4624 1912 7634 7459 1942 4633 1690 6875 6044 5661 5730 8803 9062 2598 2471 9330 2483 7092 7861 6324 8248 9510
441 7971 2820 9030 6712 6602 6059 7630 8463 9137 1394 7989 4920 6777 2366
442 128 5124 6282 9677 6095 8081 1426 979 1044 2543 8506 417 8036 5798 3153 2554 5743 9777 2867 4086 9722 5873 9341 7610
443 3783 9311 9163 6741 6032 3538 9079 6613 4311 8858 8183 8284 2842 9573 3043 8293 4777 170 1557 4913 8883 948 7859 6262 5239 2107 5050 4923 9533 7615
444 447 132 7365 6470 4679 4168 8782 8462 3664 1297 5341 6414 7575 2611 1562 2652 2138 9669 8992 1889 9315 2212 9637 4134 9573 175 1139 5429 311 4664 5946 8507 7740 4414 5887
445 6946 2019 9604 5925 3985 8264 9130 6573 2856 7599 1169 483 4470 1307 5980 6619
446 2464 4034 3015 456 9931 1036 8910 8015 5969 3539 5654 2263 8282 9435 538 1248 1441 4898 675 6502 3946 583 3950 4655 7536 3314 3316 55 2879
447 8832 2464 7970 9387 8870 774 296 521 7819 450 9789 591 2865 3147 7604 1719 299 7034 2907 2903
448 8320 3488 3886 5350 1672 1040 3342 816 9971 3502 1367 7059 2933
449 6465 3522 5777 264 8713 7562 6124 1994 3441 2322 7444 3990 1400 2617 7581
450 3552 865 7939 6683 325 6176 5704 6890 8364 1181 9576 7508 246 8183 857 9787 4988 42
451 2732 3345 2403 2968 8217 7260 5075 1445 3491 3108 7077 3835 9148 5292 307 5108 2358 2872 4027 8124 8061 5400 3839
452 7296 2114 6852 2982 1831 9416 3573 6797 4558 687 5105 1298 2707 7285 2102 1208 4377 5467 915 7037 7029
453 9351 457 8138 395 5902 1571 4310 5656 9115 6889 9440 609 2979 9449 3847 2413 9010 3506 6067 3956 4983 7675
454 7776 9537 5202 2469 598 201 393 5986 2157 2741
455 32 547 2533 2790 3943 1196 9423 5236 8053 5943 1656 2107 254
456 5888 7489 6659 1798 9800 2026 142 5359 2000 9768 1170 4596 7541 6967 5401 6458 732 9501 2142
457 80 3313 9986 1012 1806 678 529 9705 1194 267 7022
458 8419 9412 5317 4102 5031 9898 6917 6986 8813 590 815 6100 5230 6518 7221 7567 9930 7807
459 1984 4544 2882 8387 9926 9703 5896 5258 1259 268 8973 1693 2288 1363 6388 9369 1848 8307 5043 5662 4002
460 2752 8600 4795 6408 6730 7883 6991 8337 6163 1439 8728 4766 7775 3106 3195 1903 7216 9395 4340 4539 4663 7611 8893
461 1826 4438 6613 278 9735 2957 153 8346 4735 8701 7663
462 129 8994 291 2183 2859 140 7457 7790 1869 944 2194 8948 9842 5973 8090 1567 2237 3765
463 8256 321 3203 2694 5194 4043 7054 3727 2871 2643 6126 7960 5239 8287 1380 9655 1638 6257 5993 2539 1454 625 8499 5492 7678 6967 5880 6175 4285 7998 2239
464 1984 4896 7715 2661 3623 8776 3753 9579 1705 5295 9299 9524 7339 4039 2519 8888 267 1641 3963 2202 5533
465 7104 6401 1763 1670 3014 5608 2569 205 9102 6445 4341 1723 8253 3807
466 1952 8516 4822 6855 9832 8140 2124 9071 1555 8116 9526 8980 9627 2876 7357
467 5856 9218 7427 9988 4328 5904 3410 7123 8279 3994 4027 1084
468 3696 2225 5538 9076 5624 1290 7679 7330 5678 7663
469 3024 7613 1040 5383 5865 3530 6251 2183 9711 5296 1745 9266 497 3541 560 1465 2119 5500 5917 6538
470 385 5442 6020 7559 2713 4107 1934 2064 7698 7762 8444 2327 1476 1360 4834 937 493 7023 9075 4855 3836 5566 191
471 9476 7239 5192 8908 9742 1424 2709 5206 7770 8604 2463 4752 8676 6570 9223 8878 943 6961 6391 9337 7355 4222
472 5826 8075 2943 9417 5898 4939 7244 3474 9107 792 8345 9691 7133 286 6623 225 354 3163 7762 1134 7600 6833 6611 2206 8287 7038 3061
473 640 3792 8386 8227 2340 678 7849 7630 4047 5936 8754 9102 3830 3385 6460 4765 608 8469
474 3393 7382 4071 3274 3275 1260 8910 7325 3184 6961 5556 4886 504 8796 5277 6343
475 149 163 164 2085 7718 9545 3596 2093 6064 8021 345 7736 4377 3164 6213
476 2753 8900 5126 2407 616 7329 6570 9227 4974 6269 1329 5816 5908 3736 1496 3368 1930 9694 1695
477 1281 7069 650 9483 2188 4123 7708 1757 8734 8031 8609 4837 5929 1586 878 2589 753 8946 8692 3830 2423 4959 9085
478 3264 7713 6115 5444 9414 3521 5063 4588 5677 2401 4625 6642 7893 5526 9463 6327 3349 4385 5501 7765
479 6880 6209 4226 901 8838 2439 5704 6505 2279 205 7991 950 1943 3128 3964 7903
480 2240 6635 3012 8005 8710 2128 8977 6611 1686 9815 921 8092 4126 2784 9892 1542 8810 9259 2541 4145 7220 440 5433 7933
481 2529 6499 965 1345 1548 6685 1136 9202 3253 5334 1079 6521 6778 4319 9884 6205 4095
482 5185 1475 964 6566 134 7335 2215 6892 7694 5266 7379 9971 5497 6491 411 3987 5117 9791
483 2416 3141 8966 2218 2187 8172 9453 365 8496 6648 7568 2516 6168 9970 7482 2621 9886
484 1056 8418 838 1799 5385 5322 4343 4045 7810 3536 9522 2614 2391 8025 5082 4667 8092 798
485 6144 9666 8452 4870 7496 2699 1562 6458 7829 1946 987 1628 7133 7135 4129 9123 3364 1829 8169 3371 8748 5490 9843 437 887 3706 5437 8831
486 7076 9733 3847 9036 9964 9388 1197 6387 4407 5081 1434 5979 988 6621
487 3521 6145 5313 8209 9043 8406 8663 9496 8729 3803 989 5151 8736 6630 3377 4520 1833 748 9842 7336 8050 9395 8885 7164
488 7361 6651 9091 774 2055 3144 137 650 1739 5997 4755 1428 1429 7193 7834 6747 6019 9957 545 4091 7012 7845 4199 7622 8491 2156 9573 496 136 4211 2544 3371 4282 2875 9852 9883 3199
489 5072 563 1554 4372 1942 1752 7452 5342 7904 5219 5604 9640 876 5555 5934 4093 4264 3251 3380 2485 8696 1652 6011 3837 3518
490 7617 7301 3910 4457 6989 751 3089 5109 5193 1641 8249 6428 2301 2687
491 7008 4963 4625 648 5546 3051 3995 1357 2856 6801 259 4739 6999 1051 3388
492 1794 4740 9669 9654 5384 6029 9678 9230 8598 6681 8794 2333 6949 3428 3942 4326 3751 5096 8918 2421 438 5623 9273 5949
493 2690 8837 3207 3528 9931 13 9233 851 5656 1817 6639 9116 5818 8608 7777 4903 3240 5679 3944 9107 9461 9786
494 5506 3363 4008 4170 8140 792 8495 6986 3016 4691 2036 1749 4152 250 3002 5597 2014 8846
495 451 388 2728 2833 3154 4563 5716 6005 7126 1561 5658 2782 2207
496 7755 9829 2791 2536 9930 8363 3995 9195 8376 1937 8532 3672 2458 1051 6801 9354 8581
497 6824 6667 5956 9093 5432 4332 8907 5196 9388
498 7682 1606 5645 6222 4497 211 8981 4886 4504 5338 2264 4703 9443 2983 2856 2730 8167 876 1907 5942 3895 1851 6250
499 9761 322 6147 2533 935 9897 3338 7116 1923 2685 976 1916 4755 84 5885 7929 1852 9755 3900 1738 2175
