500
0 4855 719 6160 3049 5993 3969 9763 6067 4020 8022 8428 4081 4957 6920 105 6073 715 7765 2736 359 2302 4765 1981 6352 9615 9428 6029 2768 1452 6953 4216 4079 3251 2052 548
1 5767 3766 5882 3941 1997 7122 2177 7061 8418 812 3575 3184 4704 1355 2190 2410
2 93 1369 5120 8762 6977 4046 8457 5169 8923 5035 1140
3 6692 8572 4277 3863 9238 8893 3630 7997 7659 4402 2898 2146 2192 6469 2607 5756 3596 4339 567 2681 7099 8780 7545 871 5406 5981 1161 3827 7254
4 1668 5122 7289 9874 4314 1541 7710 75 199 9301 2674 9260 9965 8428 6454 8209 9995 3697 8251 1873 4364 5962 1779 7899 896 1319 8460 6251 7185 6406 5108 7244 4857 6139 2990
5 7006 5028 6369 5748 2345 4705 4720 1697 2248 8711 6733 2447 3806 8245 6174 5195 4133 5443 7517
6 9364 8427 9351 8637 5594 4812 4340 9538 200 1834 7285 9047 4010 3924 9808 5416 708 1456
7 6915 5859 875 295 5194 1982 6481 8351 2701 8556 5796 2162 7671 9580 8370
8 9804 7707 9041 488 8738 9433 8586 3219 1770 1055 8526 8613 9333 7488
9 336 9453 7537 5755 3099 5211 9721 6290 2847 8999 8746 1800 7119 5187 9070 6449
10 6045 9749 952 8193 1638 834 6662 1445 511 9159 8313 770 541 1105 1272 9820 843 9921 6356 7064 1330 4855 925 8069 4651 703 1615 7688 9942 2594 3885
11 7697 5231 8448 3116 2702 9641 5708 5833 6055 9245 6737 5636
12 4622 6669 5312 1849 122 6865 8295 7869 7550 4301 4347 9858 5346 6226
13 4314 3905 3146 4526 5783 1647 8125 1498 4927 2029 307 5988 3051 8174 9897 1719 1535 993 9735 3102 4606 4004 6401 7873 1702 8451 8445 6743
14 3543 3243 8693 8486 6669 6281 2647 616 4572 7669 796 227 3549 1019 9920 4860 3876 9101 9400 8605 4040 1510
15 2146 1774 2924 8392 2563 3456 730 1800 5503 6451 9349 1773 3982 2323 851 6467 8441 755 9591 1769 9430 9750 2988 3883 8994 6485 6364
16 475 2144 9803 8077 1121 6214 4213 3109 5179 6945 5253 3827 7438 1611 6311 5522 6465 6359 3652 5109 7647 5245 4624 6693 3499 979
17 7095 7490 5041 6867 4946 9263 5601 1846 7849 1918 6231 4603 5431
18 367 1954 1572 1077 5010 6313 362 1550 7641 9298 2346 2220 1139 4365 7884 1947 6040
19 1147 7186 6258 2555 9247 7320 221 8386 1352 3326 518 2962 8716 2800 3007 598 5416 3407 5294 1979 5061 6525 2454 3434 5027
20 9238 7007 5027 2704 2344 551 7566 5565 1242 5612 4485 4669 8888 700 6063 7121 8461 7149 1835
21 6765 2583 3158 260 398 7933 3797 1175 6030 2083 6216 7069 5894 8135 9423 782 340 7664 2558 9861 365 7791 9990 1770 1080 574 1185
22 8481 4741 2534 8187 2592 2118 2162 9308 8368 7983 1204
23 6062 5211 2946 5775 6367 9932 9344 949 8692 2391 7221 172 9717 9809 6076 6337
24 4352 3708 5866 6551 4320 6482 4293 4717 5014 6992 6945 3058 6263 1328 1463 3509 6705 8131 8168 4176 4206 7120 1263 1962 5966 6134
25 7137 9667 8543 5893 6993 9357 7747 7432 6231 747 908 2611 9156 8031
26 6810 3360 7040 4714 2855 1222 5950 3650 2917 5355 861 4719 3879 133 7097 7165 9994 7090 7055
27 2161 1341 6654 6918 3211 9592 7073 7929 7469 4192 8346 6003 7563 4728
28 8043 116 9615 4539 718 8133 3104 2589 7351 7586 88 3190 7358 8245 835 6851 2123 5742 9598 4423 7604 2105 5708 6201 9133 8428 1344 6074
29 4377 1531 6407 79 6881 4934 4785 6832 7753 5690 4502 8156 3404 4110 29
30 4901 1796 5059 9470 3073 9428 8195 898 6115 6701 9004 1142 5962 4928 2954 7987 2066 5732 5693 1472 6352 9407 5391 5109 8583 4011 7476
31 22 3408 764 7851 5275 1295 8816 1953 1436 3967 3145 3913 2456 7470 8924 9013 2182 863
32 7439 447 4997 1708 250 1328 5583 4823 1557 1120 244 6891 14 3661 8568 4737 8811 4991 9351 6767 9330
33 8179 152 9202 9094 8998 2540 6831 2047 5119 2865 5615 4162 2974 2776 7033 1779
34 2370 7454 3747 3048 9327 3918 2653 5413 5643 1878 7950 4859 1035 3795 4531 5865 9627 2103 3821
35 7088 1658 5728 6487 3152 691 5286 4912 6131 7530 9991 6393 5192 9907 8503 9312 4353 2418 1398
36 3281 5096 5766 7614 1220 9480 7111 6720 2421 7624 7969 790
37 7392 1067 9480 7045 8343 4537 2500 499 6065 3762 7258 8224 6706 4296 1469 7292 3081
38 5504 2818 6675 4178 5562 1536 8884 9896 5490 5053 8349 5957 9589 8159 714
39 9013 4011 4803 3331 1813 1625 4462 1242 7751 6191 8787 7407 3080 1774 4534 3916 2036 9120 8775 478 4559 3743 7758 1796
40 6370 5758 8696 7247 8371 5504 102 6400 2176 9743 8944 828 3184 7038 2717 1149 6225 527 7415 7039 2635 7553 6173 5593
41 6650 7268 3847 8852 44 3977 6818 978 3485 1895 7852 9093
42 7296 1139 3823 3981 2383 3505 7742 4367 842 90 802 6296 6014 4107 9230 7861 8157 308 6424 5390 5742 4661 1042 4224 3707 135 2156 1803 6409 8947 5006 3022 6323 1276 9026 4306 8883 752 7629 9640 2897 3101
43 8491 7042 2407 5719 1123 8223 4432 6829 3700 2604 66 3093 7072 7509 2339 7920 6412 5519 5740 2885 6075 3457 6514 1297 8849
44 7199 2038 5534 8348 2446 8265 6219 5110 2532 8549 777 1111 6424 720 4575 1922 707
45 5340 2615 5099 4159 7026 6270 2383 4561 4399 8770 1524 6997 6376 9688 6250 7801 2209 8037 2538 3541 8223 3194 3160 1920 5492 578 2781 7013 5784 6178 4188 6487 3474
46 1533 7749 3678 3885 2739 9367 239 6135 3365 2420 9573 4150 3278 7821 9977 60 6233
47 6545 7880 9132 5912 6829 1637 6260 3047 1943 7049 7593 5615 9547 983 9383 3150 2306
48 8858 4051 9485 9050 8259 8696 2512 3348 3716 8681 7048 2806 2453 981 1696 891 8200 9840 7355
49 7210 1560 9219 571 7790 3005 4546 7899 6196 9063 7142 3100 8932 2972 9317 7160 4842 4419 2382 2335 1959 860 8154 7143
50 9138 7160 2077 4199 496 5234 1301 9623 1343 3859 3077 9731 9088 6650 4571 8102 1455 8660 5578 2722 8084 5014
51 9302 6938 9027 2711 135 660 7261 523 753 1711 8850 9609 2341 7036 8728 3135 3036 8535 733 1049 9697 6170 4054 8566 6528 4084 8722 3496 7061 2630 1050
52 8240 2234 8471 2345 1798 7101 8297 8412 613 9167 8661 295 6114 1274 564 3064
53 9111 279 9249 2204 7602 1835 3398 6908 2676 7870 3164 588 5099 7596 2608 9625
54 3006 4478 276 4816 5850 6538 4283 6122 303 8031 5557 1440 2111 8674 935 7568 5910
55 2150 4684 9468 6311 7147 4045 3657 9430 4474 8660 5915 9088 1971 6556 8408 9443 6308
56 3708 1554 1048 3819 9000 6010 5531 2058 6405 2540 2607 4851 9376 5350 4133 1398 3309
57 8911 5921 8163 4171 7782 1476 2771 1627 7024 6978 3374 82 5556 4413 4714 1019 5164 1589 3382
58 2704 8163 1755 9989 721 9921 7115 6805 5422 9861 8304 4327 6417 83 8685 2305
59 443 2577 1611 5406 9498 1770 1366 9825 4741 6844 9558 3904 2158 6910 5609 1699 2744 8840 5419 2564
60 1145 4345 297 3115 5381 9577 2079 4586 8217 3502 916 1373 7422 5914
61 3747 5386 9428 6375 9013 412 5993 9023 8218 6810 9837 5583 2293 4801 2639 5572 2858 2886 1570 518 8476 8107 1181 4099 8022 8759 5448 3666
62 8219 8830 2125 5341 1845 1353 1192 1009 2194 2711 6020 5080 5307 4178 4695 1429 3637 4793 5451 238 8134 820 585 9478 232 5666 8532 2097
63 4728 3095 5257 4527 6155 7001 4786 8828 2601 3731 5341 1960 1141 5794 8209 9080 9692 9645 2322 1711 9936 2943 8912 8789 2679 9623 210 5181 9283 9352 8793
64 4035 2018 3703 1216 6360 4710 6073 6261 9734 9044 3498 6550 487 252 6416 1335 1241 7200 9224 8931 2635 1272 6148 1072 1025 9275 9026
65 6990 4230 9313 7057 8146 2318 3629 3582 6817 3190 4788 9775 2114 6218 6547 3691 2422 6516 4607 300 8854 9042 9090 2322 4579 5557
66 3494 5960 4258 532 2677 3260 9886 6873 6094 4169 6592 2997
67 1223 5547 4450 6428 2847 1142 268 9912 8302 7657 5748 9037 7883 8976 7458 3111 6154 2434 4441 3803
68 2340 726 7696 4154 1261 4136 873 1786 3184 8336 4823 4227 9067 3686 3631 3286
69 1430 1089 8170 8159 3345 7448 8829 4396 1665 4977 4531 9613 9176 7121 9006
70 7266 2699 7023 6184 8538 164 8467 6022 540 3277 5421 3166 9838 23 881 7228 8427
71 2779 7904 5144 613 5899 793 6075 1075 8775 1668 676 8864 3089 5228 4260 8480 7980 6324 6695 4349 3261 7056
72 2235 766 9483 672 3252 3735 7816 1260 5807 9754 3843 9606
73 6021 8114 5064 3304 5787 7485 5062 3751 255 2164 9220 1354 8579 603 7733 446 9462 8002 9224 4271 4110
74 6301 7556 9347 6223 9305 5326 7281 9431 2398 4836 6686 779 1020 3504 1590 7155
75 6696 987 2593 9261 9580 9052 7511 9096 8337 505 267 7309 8620 7365 4808 4863
76 2233 1791 3543 9347 7249 1750 2693 625 7579 7203 2735 5995 4115 7191 4404 7835 6082 5785 286 9885 1329 1822 5224 6061 3830
77 9852 1010 4610 6404 7756 6351 9493 3745 3469 5907 8644 9521 4300 9498 8907 1757 6058 6212 117 6941 5301 4106 7978
78 5547 1642 8410 6955 4134 9139 7896 8908 6447 8816 9901 5060 2164 4455 5301 4720 5448 5824 2013 1496 6656 9523 6046 273 7652 8453 1969 2543 2566
79 2902 6798 3923 6418 5329 3052 7253 7187 4733 8574 3687 7436 4344 1607 2466 1865 7761 9950
80 9244 5794 8711 1332 1420 6566 1345 2771 955 4925 5348 1383 960 3841 5862 7641 7367 4970 847 7448 69 751 3909 9190 5362 9640 5132 5676
81 2184 5149 8925 7361 9241 8566 3584 4669 5797 6070 3532 4069 8071 2289 9806 9947 4589 6283 5849 8268 8441 3864 6825 9505 8900 7491
82 340 8781 5752 8029 9444 3535 7504 282 507 2393 9391 4400 3235 7910 9784 794
83 4060 8405 4541 9496 2342 4021 847 3453 131 108 5122 3042 4092 2396 6041 3590 4809 4940 3550 1918 5207 6010
84 3103 4985 4988 4236 9023 2422 8910 6909 705 1391 2895 6980 776 259 5992 8342 8013 1583 9244 5860 3792 8290 2693 5889 719 9129 4429 2361 7057 4619 8690 745 6526 1351 5901 9368 4245 7036 2038 9276 3121
85 2127 2495 5152 8303 5767 1213 6460 9757 1066 4333 5345 4350 4925 5211 2810 4625 5164 3515 8647
86 2227 5386 2240 8312 6123 5443 3479 2260 868 4824 9350 9152 2136 3599 6014 1019 7443 5143 7451 1996 6770
87 9007 352 6044 3243 3285 8169 5913 6082 7968 3720 7694 5109 6141 219 2496 8235 5321 3305 297 8146 5044 4923 6860 562 5907 8362 7806 7438 1941 2085 5857 6616
88 2240 6610 2190 9021 496 9742 5326 5044 3144 1601 5690 8306 5862 9036 524 5412 3905 2203 5592 8600 668 9175 1792 4959 5429 9132 1683 5156 6699 8693 3909 9465
89 7291 5905 9511 6935 8335 668 2497 1577 2468 6617 4994 8249 2994
90 8519 4494 3746 8443 65 8051 9366 4513 8214 4842 1186 3785
91 2275 6001 7902 2037 349 949 4286 188 8883 8193 7468 200 130 4783 412 5351 5821 3723 7725 394 4258 5836 3580 3312 7429 5244 5090 8954
92 867 5477 6236 1429 726 9731 5775 7769 2640 3710 6838 4170 2411 4343 7165 6541 1080 8762 3547 8376 1179 9539 9844
93 2617 6717 8842 3265 8716 8838 39 6479 8605 900 8680 4977 8090 2662 4865 3853 6936 9066 9490
94 712 183 8423 5502 896 1933 7949 7930 410 9684 9449 4831 4314 9979 8710 108 202 75 4928 3612 8859 6024 7082 3120 7306 7095 2897 3035 4610 7806 3989 4313
95 3203 3060 8514 8805 8499 7188 1129 3705 273 3277 7256 7554 7473 9057 3772
96 3786 2647 4132 3127 778 9702 5793 1285 6897 3375 7998 5031 9780 6244
97 3758 1781 7710 1937 3684 3020 9003 8862 5713 1721 5998 6895 8712 5795 9555 9581 7607 6949 3677 6675 5218 8622 5514 9309 9719 5863 758
98 2240 2999 8305 4521 3095 9332 6960 9380 4036 136 6691 3557 4514 4390 1337 7981 3991
99 8212 2294 3651 8573 1835 6780 5511 9464 1048 5483 4402 6978 1252 9302 3897 4551 2205 9959 804 9235 7335 6675 3630
100 9160 9252 6415 4347 9545 4780 6617 3691 7204 3798 325 5569 5647 5797 559 53 9207 1441 9491 3845 285
101 7684 8989 5698 270 7447 634 8270 5541 2965 648 120 8862 4238 5703 3447 7955 5161
102 9248 6101 4679 6465 4840 3460 159 441 1086 8462 425 4796 2058 5933 7108 2173 5096 2897 4636 8784 9083 2390 685 4622 2113
103 8447 2196 4391 6426 4193 6325 7854 9196 8148 3655
104 3376 2799 269 2546 1183 5695 9032 6584 2421 2858 6270 9007 1289 866 5304 7795 2155 2413 3241 4686 1678 7553 8445 5639 8431 8008 3109 2943 8583 2278 6409 7212 6028 9444 8800 1788 5509
105 6101 7874 7984 6608 8770 4493 1145 2696 5884 91 3334 4898 7285 3666 6894 9040 5280 8189 24 4397 2927 5716 4151 1352 3330 4526
106 5595 2515 4463 6262 9411 5715 7233 7167 2232 6687 7204 9713 863 5661 9174 5848 9749 3513 82 4641 5630 9593 1932 4278 4504 1566
107 9443 7606 1774 7961 1299 4450 7486 7097 7003 174 7195 8228 755 4750 8748 1501 3046 3835 6652 730 2486 2857 9655 1042
108 6368 7252 30 639 8911 1137 3841 5407 6534 3053 4866 8015 6060 8753 1327 8390 2844 729 7721 2752 6809 7085 834 7289 4034 6889
109 4749 5715 2480 8431 4015 7204 9918 6815 8930 9551 3088 1020 6636 6038 1060 6447 1888 5338 5536 9130 5182 2999 9908 4526
110 7747 6295 8043 9668 5500 4672 4261 2205 3884 8852 1119 2578 9685 6990 447 7485 6907 6677
111 3774 1095 5085 3784 2634 2542 7367 6677 7416 7456 2074 5961 9354 7709 3238 5400 4760 8097 3704 9065 374 3427 5374 8870 4778 2753
112 9316 2875 352 4957 9930 2598 3914 9758 6421 8874 132 7170 4444 6560 1560 1301 6377 3745 6331 1271 2868 6619 5668 8042 77
113 390 4530 7254 8508 935 8927 2648 2077 5188 8408 1439 2143 8803 6192 1477 8751 8337 3354 1227
114 3 5494 1377 8300 6324 6467 7686 7556 7833 9581 2898 9729 8234 4847 4433 8151 5621 1914 5840 7989 1083
115 1025 2070 644 6127 1167 1750 925 8653 4348 1588 861 8797 1425 3495 22 2211 9341 3259 5578 5977 1292 4362
116 9176 3817 9823 1093 7561 8012 4665 9384 7043 3984 3583 9008
117 1336 4602 8493 949 5783 4561 1305 8552 468 583 9654 6554 9374 2476 7126 2003 2274 8866 39 1402 9871 9745 9189 3013 4752 8982 5630 9955 6141 7296
118 7813 594 7062 495 364 6799 3418 6573 105 2067 7116
119 2114 5564 9055 9745 8049 4254 1868 3087 5383 1721 7321 3164 8270 771 1323 3812 3260 2996 1315 1959 8058 1000
120 782 9296 7663 9480 6057 643 8019 5397 3810 8017 8723 3755 5043 9781 872 6641 3490 5283 2526 3740
121 9712 912 3741 2662 8780 2871 3316 4995 9032 1174 9086 4414 9172 7710 7572 1860 1446 6025 4243 3945 667 5689
122 3261 1195 4668 260 5504 5140 9463 3494 2712 5693 9994 7308 2616 9596 4481 6578 1058 1774
123 66 4966 9388 5395 304 9254 5154 4239 2715 8153 5721 1167 1233
124 5023 1918 8799 7304 7396 6326 5762 6922 9089 1287 6280 3836 2990 3588 7179 4510 5638 6963 2417 3602 1534 3226 5636 3098 5373 8092 7103 9480 4558
125 3103 5150 7629 246 6170 6687 6331 2100 7975 4971 552 8307 7233 6671 3240 8979 1647 3762 4420 5548 7410 8431 9259 7718 2613 523 5552 4179 3259 1192 9172 4526 7699 1058 4442 2349
126 8105 4302 6740 5007 9688 6423 7481 1393 4130 3699 3354 283 145 8015 1250 2371 7673 3284 3529
127 2518 3254 2342 1070 6797 6914 7948 5533 9898 108 9273 9181 157 5752 2877 4721 2970 3111 9573 3322 9325 971 7692 4007 6652 2192 4091
128 3543 6175 7001 5848 1790 3032 8131 2668 8257 8119 8797 713 1253 1805 9174 9904 6523 4937 5795 6043 8017 8612 2747 6190 6445 3178
129 6938 6278 6698 7254 7392 7369 3575 3391 6013 4511 1153 6521 4604 3493 1742 2087 439 6401 5260 7713
130 8134 8969 9068 9292 8896 5292 4822 9540 4464 6532 3827 255 9283 5078 4091 4670 9887 8146 6306 8812 4958 9080 1299 8361 2909 6867 569 8205 9109
131 3336 259 719 5654 7 761 7089 1496 4880 8887 4264 5063 1567 1877 2441 5831 5126 4252 3510 5804 8055 4260 8423 6054 6193 8362 7240
132 8765 5680 620 7275 7215 728 3456 3732 4238 7609 3562 4002
133 8668 8621 9219 4500 4891 4087 9923 3270 8790 1521 2896 4832 4798 4354
134 9972 5264 1161 2426 7152 3495 6500 8702 3214 4909 1850 7839 7689 3501
135 7880 7153 1449 650 9706 5869 1223 786 7922 6928 2857 3545 4799 6397 6623 9169 1931 2223 3669 6771 8918 9839 5468 4801 6691 6229
136 6327 5755 2569 5572 1478 6630 1920 501 3997 528 5749 5095 4888 7127 5517 1826 7185 9759 9736 2211
137 663 8462 8293 6437 246 3395 1248 3009 3526 8285 4760 9460 6048 4739 3047 4884 5072 7477 8807 4342 5045 8403 4180 7852 4938 2792 7737
138 8185 9965 7117 1153 7041 105 5855 3186 8982 2321 7162 6786 6924 8097 4948 2927 5069 7889 8533 7669 8985 1137 4924 8167 4736 2463 6274 379
139 1323 7811 1095 4148 2198 2633 4908 2319 2802 1767 7720 8699 8468 7336 1814 7156
140 2760 5155 400 6242 2611 1157 5280 3806 6727 1165 7014 8838 420 8805 4688 1014 8662 6011
141 1625 9478 2123 5481 1227 4658 8290 2121 6680 6336 8451 8284 7682 4627 6414 9873 2175 201 4843 1209 2125 3018 6224 4884
142 2789 1639 1924 9146 910 646 8052 7601 9175 7151 7618 5373 5925 5034 3384 2304
143 6895 6355 2404 7569 9576 6615 6494 2892 9056 822 9517 5478 4816 7304 3403 8043 8848 3683 2697 3637 8406 673 9039 8898
144 8121 3468 6405 2518 9419 8246 794 6921 2169 8677 8089 5809 9213 710 8074 5060
145 3383 9041 2422 2721 3808 5566 1665 8329 4879 5687 141 6739 1099 3232 2668 2737 3792 502 1607 5623 8580 6888 8021 3830 9615 6875
146 2817 3408 8284 5409 3799 6705 3050 3144 3665 5505 8748 4907 6112 3226 1628 4906 1579 6373 8387 5359 9611 7173 8026 4821 4299 6499
147 431 5370 3992 4883 7875 3008 6429 336 5074 3579 5166 4110 1224 836
148 745 3023 6706 6896 1276 540 9155 3888 2096 3683 601 4033 169 3728 8880 1147 802
149 7606 1810 2327 7517 2986 3947 5879 6054 5349 4362 5801 8377 9385 5389 966 4416 8313 9676 8274 1741 9793 9931 6305 3964
150 3885 7909 4807 1141 319 7162 9465 6744 4065 6631 1387 2049 8756 7895 5921 6216 1264 1871 6853 1793 9205 8156 8814 9852 9990 6931 3758 9692 4569 4843 8684
151 7151 3561 6381 4159 6198 4916 7706 8176 1079 4418 5659 7868 2439 2353 7993 5996 6977 1666 9703 3160 9740 3066 8773 8406 5899 5247 1043 5132 8145 9162
152 3807 376 9025 8634 7615 4464 1405 575 6555 4209 9621 9069 7860 5861 6137 6460 1515 7065 9710 2879 7473 9060
153 6538 6351 7547 9713 5320 1515 5333 4359 5111 8891 1277 1125 5026 7925 1140 3670 8634 9293 4264 1495 8439 3222 310 4811 3006 8503
154 1066 3101 6988 1363 1220 4613 6802 2018 3375 1292 1706 3305 246 7013 8912 8538 2882 9212
155 2962 1317 4572 58 8142 5869 9565 7845 3061 3268 5639 2302 6305 3883 7314 7889 6716 843 2292 7720 3120 8486 2442 5873 3405 9139 1574 7154 9563 8195 1524
156 569 2669 5254 200 8484 7826 365 4501 7162 8172 3942 5895 7919 9751 2983 3262 2416 5339 2895 4774 1860 3149 9816 9957 3567 5515 7457 6819 151 8533 72 5507
157 9852 5857 4195 4958 399 2958 8570 1638 9244 4168 2574 8738 8230 5880 6732 1649 1323 4254 4066 6899 3309 8681 7071 8414 8263
158 7751 1375 7992 3379 8220 182 7525 2212 6851 9483 7759 6020 6772 813 6862 5368 5509 5210 3547 8733 5477 2798 6840 1570 9043 2095 8834 5151 5802 8478 6049
159 8722 7986 9205 8247 6464 7219 1573 7367 5366 6447 4970 3396 3489 226 2710 2195
160 7314 2533 5224 4222 7874 4148 7736 9317 3705 5676 9619 4053 6260 809 9060 4707 1478 9953 1034 8668 756 3704
161 6547 9545 828 3742 8062 7652 837 3989 7922 5553 5788 102 332 8236 4241 3865 3804 6909 6385 8406 7240 6676 3916 6423 3098 1267 2160 9704 6458 1145 6734 8967 5240 2915
162 7949 2128 3173 76 8195 2902 6031 6537 1130 2004 2186 6073 1538 5724 9838 1932 7521 3100 772 3038 1309
163 3363 6060 6369 1481 4677 7266 2057 2951 7413 8069 6869 4801 1555 3689 6650 4300 1950 7110 4995 7318 257 8905 1833 3775 6762 1610 7438 9826 4191
164 3070 2827 2618 4382 8672 739 3649 2129 6614 8277 6357
165 4071 8580 6503 4433 4941 150 8890 8706 9144 6269 3820 1252 2781 8532 9928 9031 1556 3493 3581 233 1522 6362
166 1841 4463 9960 4342 2732 4828 6143 2544 9969 1137 6456 3880 9216 7672 9282 4929 854 7952 101
167 2818 7284 5198 8377 5916 6232 385 4893 3520 254 9569 7276 8594 2215 8823 221 382 2373 6078 7481
168 4709 9746 9295 956 9635 4944 8747 2100 7459 4541 7209 4404 1587 2470 5858 6924 2285 1570
169 9075 9141 9129 3064 9224 765 2559 8309 8022 5580 2740 2970 9775 6727 8402 5803 7967 702 3282 8196 3178
170 948 5293 555 6834 8986 4777 476 8028 7936 3152 2407 7971 4567 402 7564 8392 3125 2458 8831 4093 330 999 3584
171 883 8388 28 5180 5175 6374 6676 720 6608 4354 6125 8800 9513 2621 7230 9852 1749 6599
172 4115 3304 2798 9594 5838 8529 870 4031 3079 1473 2100 7183 9826 2926 883 7054 597 5497
173 7629 2150 2486 6321 2917 6150 3850 101 7789 8612 79 4277 4070 1785 5695 5957 7849 4966 7050 307 5413 6470
174 6067 9499 8439 329 490 5048 8544 8708 4311 4334 8503 5317 2028 1622 3554 2628 4100 8450 1710
175 8658 5909 321 784 9425 202 2803 2113 8070 8242 307 5654 6275 9936 2729 6362 7852 6725 2197 8822
176 6482 6551 6141 6992 2412 5961 610 9885 5166 1624 4626 6834 1546 5161 2010 1041 4015 1092 5053 4524 4523 1556 367
177 208 6459 157 3039 8671 2797 3721 3320 5230 8683 6738 6599 7059 6514 8934 6709 3355 6699 84
178 5408 626 5688 674 1150 9959 932 4819 9764 7364 8514 4026 8589 933 2060 3717 4597 7149
179 7206 8655 1542 2389 6000 1674 8275 2867 199 3553 5923 5946 955 3776 7180 7143 9696 2239 4787 3128 7889 3018
180 4035 1289 5700 8893 7077 5743 7792 8507 5896 7552 6586 8601 5525 2283 9549 8655 9700 8646 6486
181 8498 9215 3869 8297 1282 5307 1058 2093 7912 7172 8416 3977 9825 9668 8359 5155 2889 7488
182 7918 3752 3476 7670 9139 8932 989 8218 6808 8809 699 7044 8848 6639 5006 9460 5418 4797 3432 9624 7227 9149 3880 6089
183 2804 9426 1215 4201 5548 874 6670 69 9628 1912 4294 8793 7886 5149 1919 3129
184 6134 8939 7237 2437 3119 2951 7643 3540 4805 4529 366 2976 7668 8350 4434 2549 3110 701 8766 3981
185 59 3392 1964 8564 479 5309 1077 2409 8711 8269 725 2105 5563 6674 2189
186 9848 2904 9758 9252 8871 3720 1542 3704 5783 566 5849 1149 9777 6718 7820 1569 4081 1800 9555 6218 8599 2113 6954 4170 1162 4106 9832 2030 9270 1922 8464
187 5365 1340 9955 9120 727 8593 9582 2537 6545 6453 5430 4183 2051 2568 2908 5790 5022 9510 4664
188 5507 9900 8157 3189 2811 2121 971 4651 6748 1138 7716 6773 1552 1154 1122 5643 1595 6724 6696 4317
189 5461 760 5391 3116 9115 6999 9184 4799 4106 8959 9236 5786 341 5836 2147
190 9374 6374 3108 7409 951 7684 8098 8399 6197 9187 9749 1791 8672 6993 9582 9398 2932 7463 3285 787 3697
191 2638 4736 5055 8250 2531 4225 3059 4979 8906 1852
192 4304 1657 8345 8713 3293 5871 5768 551 9015 4692 1794 8609 6476 1534 9124 6875 3397 58 8361 3238 4356 2570 1711 2117 3267
193 3585 1354 9720 8150 1476 3111 8986 8930 7426 4629 9846 9374 4486 2014 5775 5446 4647 2201 1496 6196 3061 476 2074 8928 3053 3368 3207 9026 601 3117 8752 9898 77 1247 1740 9418
194 6537 8212 4967 2382 3528 7044 9836 5150 9192 4230 893 8092 3454 7456 165 18 6320 8231 1839 9901 1065 2634 8453 7936 7463 9164 4407
195 3210 9810 9005 1971 4951 3426 666 7313 3607 3193 5438 8421 8057 1424
196 3537 6550 6044 3987 8711 2892 6480 1935 7434 6353 8900 6487 7683 9381 8392 3068 9512 5280 3553 3533 2390 8595
197 5869 2745 3435 2704 7786 7049 6920 3910 9476 2553 9805 4104 4909 3857 7307 1652 2687 4028 8919
198 8027 5428 4430 7213 9030 7627 6020 3789 2376 7779 7548 399 2124 2809 2226 340 2329
199 5053 1718 8698 7323 6869 5208 4160 8417 7096 1898 5842 1978 833 323 8702 5224
200 427 7790 1289 475 7290 2966 76 2551 3914 4901 7294 4909 7400 8498 7652 3240 3870 815 7874 1306 1917 541 7740 5286 6962 952 1734 6610 9802 9407 7856 9637 7064 2972 5216 2491 8111 8179
201 1343 2171 6258 4556 6588 4639 9740 2449 4491 1846 4580 6178 7977 457 9253 6057 9586 6531 1878 5719 8170 8358 6348 7018 5546
202 8881 1715 5004 4409 2099 4284 7780 6280 7177 6917 2823 1121 6340 497 2994
203 4878 8466 6511 9988 6476 8836 4121 3215 3008 3273 9943 4216 7943 4841 5502 9495 6234
204 7088 6298 3975 6451 1368 3114 90 4851 4896 7932 8379 8471 3805 7393 1689 2944 6412 9160
205 639 8207 758 2505 4541 5597 4286 7663 7567 598 7086 6879 818 8729
206 3074 5581 8824 6537 1731 5003 2749 977 8084 7511 7333 2445 7822 9138 5605 1032 3447 4919 9865 3943 5177 4356 8312 6026 4180
207 1668 9470 81 7020 7255 7219 503 2630 2929 709 5934 1845 7880 8121 8685 4880 8687 8949 9607 4531 9330 7948 5692 535 3054 3405
208 258 4708 3183 3329 4256 8986 1431 3565 7910 1714
209 691 9010 8189 4916 9930 1581 3998 6413 1859 4060 8008 7914 7200 5085 4416 7754 5451 7383 2307 7092 6980 287 9640 6530 2540 4317
210 477 1880 3981 3079 2004 647 3937 9822 4558 6054 3234 9605 2569 78 3020 2597 5771 4285 6494 6257 3680 9701 2111 8206
211 6331 1961 7389 9323 9461 3425 7545 7660 3783 7233 6338 2428 8017 8202 7349 2373 8365 6800 6581 9481
212 6837 8983 3736 8724 3202 5007 7461 6830 1280 624
213 5129 8314 1552 9341 210 5456 7370 148 4897 7640 1982 6393 436 7941
214 2920 2029 9675 9466 2228 2958 9239 5554 837 3632 4646
215 795 6110 6501 9196 319 4312 723 1346 1481 2301 9260
216 311 7855 8936 4670 1425 5409 3270 9211 9739 5875 3269 5768 9172 2893 6478 3213 6560 6230 6736 546 7483
217 9129 9677 1871 8570 3752 9580 9565 494 9048 9997 1255 4937 5271 5412 3561 1164 553 1952 3456 25 2651 7267 3813 5145 8605 992 2349
218 7949 1877 3538 9034 176 4362 1846 8539 8355 9436 6584 5430 7224 9409 2325 5950 7164 2702 9194 6103 6496 254
219 5715 41 1686 5964 2016 1273 7007 6417 8842 3225 7135 9111 557 4574 8296 4602 8597 9584 3790 7355 1504 2538 2490 9465
220 4709 7952 3004 952 6610 5713 622 369 6824 6134 7192 3946 9627 2994 6712 7586 2062 843 5232 7027 6577 5367 5065
221 9593 7431 5064 2396 2649 9031 9281 6328 4884 2346 6786 4946 3781 4556 467 2911 7919 934 2109 3331 652 5605 8574 6113 9720 1781 3363 1661
222 838 2341 2203 9219 1079 205 780 8812 5898 3757 6060 2001 1611 3750 9551 5158 5367 3 5643 4097 7180 3362 8344 3999 9197 5688 7963 7875
223 8392 6598 3023 7263 7033 1391 1067 3229 3670 8719 6241 7411 789 3060 1197 8855 299 9388
224 7280 955 3023 4985 3007 3077 1790 3584 6404 9903 7396 6144 2735 1560 2603 1381 718 4437 1429 6975 5301 2904 8685 8581 2565 8518 8659 2147 7932 1728 1963 6718 8136 5569 3877 7692 9549 6070 7610
225 4079 1454 695 8193 1731 8133 9518 1468 3935 3923 687 2596 3344 1205 7807 8014 4978 6485 4369 9655 7341 9377 8987
226 7438 8922 462 8019 9933 4341 9608 6130 8422 1218 6980 7732 3543 2439 1358 6281 8396 5670 4824 5090 9621 738 7688 9137 463 6197 1206 6616 4567 1071 6471 6922 2774 5674
227 6360 6860 5135 1059 6836 7917 3354 8069 3166 4224 6587 2930 2590 3151 27 6484
228 8358 5388 8830 1292 511 7337 9636 850 8333 4975 7 3176 4845 6848 2701 8718 7118 518
229 6903 7018 6177 7040 557 6698 8994 8378 5472 5794 4078 1159 8892 5622 100 2249
230 1356 5358 5437 332 8267 5162 4232 1460 7072 4804 5103 4055 1157 7634 6047 9886 7904 8905 1415 9056 6986 4246
231 2346 7383 4832 4528 3125 7575 997 6283 8124 1332 504 6565 219 4129 2680 7369 7921 1640 824 244
232 8104 7575 5772 6784 9197 4214 7553 9878 4266 131 8894 600 3958 9566 8715 2643 7252 2878 4051 368 523 3394
233 2603 1358 2917 1178 3789 6170 3920 4311 514 7694 3326 9248 2480 9255 239 172 7049 7895 3374 917 1058 118 9637 8671 2343 4873 4147 1134 243
234 6635 1935 163 6502 9087 9216 4939 5193 2326 7653 5895 2746 4402 1958 1153 9219 4660 2902 4313 2298 7036 867 8528 8998 5216 5149 8204 1929 7992 5746 6186 8150 7782 2630 8794
235 7585 7310 4320 6843 6939 7577 8290 9186 4080 9163 4931 3798 3895 698 519 4659 8116 6465
236 3818 1578 1234 8615 9541 9101 4568 8689 6787 6950 2615
237 1252 3069 2057 9563 9192 8294 5097 5270 8559 7336 1009 4735 7549 5911 5388 9523 3141 3735
238 2128 6823 8836 3597 2432 7404 1953 4616 9653 1206 3644 2573 461 2975 4660
239 8990 545 8040 5855 6061 1852 8856 300 9845 1495 5474 4791 4699 6473 2495 9888 7316 2591 8110 5929
240 2206 3631 8085 1092 2214 3433 9954 6849 8357 8182 4127 7306 5920
241 7429 7373 6653 1892 8900 8371 1264 1847 3965 3343 6448 3676 2112 6282 5310 2380
242 5668 6585 8139 3370 86 1489 6043 7808 6436 8101 2400 9407
243 2240 5412 1328 9688 1842 7960 9256 4527 7149 20 2288 7787 9269 2313 4765 2368 8168 8591 2565 3508 1614 1879 5099 8367
244 9226 9028 369 8233 8647 8282 5479 9770 1950 6325 6647 1445 8507 7946 6984 1144 7320
245 6825 1963 8605 2326 580 6519 3966 884 9316 622 2415 6509 1855 1980 3820 7516
246 7665 2795 9005 4193 2324 8513 5984 8238 7353 1303 8272 8052 2604
247 2846 6796 5751 3336 5069 5920 420 2613 3362 7364 7548 2962 2617 5885 9543 2275 137 4945 585 3225 7856 564
248 8167 9168 5983 8744 4276 703 7235 2655 953 7484 8831 9889 7483 8931 7987
249 4045 3135 9199 7569 3245 9173 1512 2074 7395 3624 7637 5334 4784 1682 4945 6611 2274 7632 2885 1790 3837 2411 3814 6916
250 5762 3255 5187 7732 4240 6594 5973 269 3766 3275 9453 3358 3427 1348 858 8632 3429 2802 7026 5347 2729
251 1916 6099 8958 357 4442 901 5340 8135 8571 2666 3230 8405 5019 4215 925 5423 6598 439 110 5280 7569 7240 2870 6768 2653 8340 3140
252 979 6545 1629 1125 8528 2794 4531 5917 6528 7001 6672 1728 9436 7979 6099 7415 2010 4494 6607 638 9803 3363 5509 8470 6770 190 4875 8177 3665 4948 7110
253 325 5112 8997 671 9969 850 5308 1444 3718 9537 5663 7495 3263 5743 3106 6925
254 2553 1265 6359 9215 3005 5698 2475 6423 7888 4269 9352 7938 1405 72 3080 6608 7501 6643 6728 2169 2968 5083 5331 5078 9903
255 4591 7649 3325 7325 6221 6428 3213 9481 1063 3086 9371 9171 7009
256 9527 4222 2773 1164 8593 438 9821 966 8651 7320 5825 5082 8841 6104 126 7969 2012 1075 9135 6777 2586
257 3894 4176 5389 7759 1414 560 1905 8841 5212 2322 8197 8855 2414 3656 1904 6698 6454 7864 6254 8807 6046 876 1628 33 6427 1512 9831 4080 1665 1345 969 5339 7659 368 759
258 7950 7053 4635 9343 9436 8125 972 3506 6956 5737 1850 2032 215 9133 3560 7082 9457 2109
259 9357 7707 5436 8149 2682 1230 2898 7288 1446 3083 7384 2404 4219
260 1365 6381 8221 7143 4176 7008 4662 1724 8440 1609 482 8331 2489 9448 4776 9798 734
261 7216 3772 3653 4118 1 5941 8735 9195 9896 2444 867 3199 3550 6793
262 447 3703 6302 2297 9262 2304 4174 4312 4281 647 8228 9723 1401 6898 9451 7822 4763 7085 7484 4537 4614
263 4180 1972 5379 6667 7615 9187 3092 9398 8102 7251 9667 4636 1945 2485 2508 6855 6341 3817 2640 2001 7222 9518
264 3163 820 5098 2595 732 1176 3959 5408 7406 6946 6836 465 7010 8150 4056 5710 5625 2639 2041 3566
265 9811 9874 3846 3429 4496 3231 6385 727 6996 7469 9939 9806 5978 3236
266 3762 7105 4399 516 8635 8068 2985 3393 4129 5481 3894 1566 6189 2555 5206 7328 4899 4272 3507 482
267 2537 5201 8674 1866 2579 6248 2608 9416 6116 2735 5286 3032 1394 3790 1697 6933 9245
268 3602 2286 1902 8644 6941 3244 7333 1081 139 5138 9086 3950 1206 8726 8491 3712 7276 3610 5335 8812 3642 6034 5163 3231 4357 489 3364
269 1256 3978 1287 2736 407 2339 2783 6555 8531 7771 3319 559 214 2938 8306 8743 8104 5112 5848 3531 1004
270 9649 1874 2501 408 1320 5143 980 8686 9190 7885 4133 5387 1847 3825 1724
271 4967 7079 9848 272 3468 56 6059 5401 3352 2412 2499 4520 34 8343 9236 2797 3044 7894 6954 2796 5428 5175 1581 7607 665
272 8470 1043 7423 3081 735 1632 2136 453 4616 2810 5777 8008 3262 3814 7737 4057 9071 6495 6221 2150 8970 677 8551
273 3936 6334 4772 3079 3869 6077 6254 336 9697 3932 5995 7862 1795 1685 8719 6240 1605 6940 5875 4060
274 7699 8639 7787 3207 3724 6369 7519 6673 2349 939 4385 5696 7099 5887 2565 6687 8896 1423 8614 2412 8636 517 2002 4020 1106 3146 1097 1064 1867 8690 4780 9265 10
275 4727 4742 715 6303 2816 3702 2976 9818 5747 4513 5485 9188 4386 780
276 7153 805 276 1364 5343 7068 2288 9349 6347 735 8687 6085 4107 3056 6230 9458 6365 5153 3681 4604 1223
277 3043 8965 8345 6258 7480 3297 8272 2679 5248 7699 4033 3050 8907 9970 5477 8579 1449 2013 8894 3677 9979 155 813 3821 5445 2183 1948 5567 8618 8848 9716 7178 7442 6438
278 7652 6332 2064 9355 5077 2757 6353 3555 5942 882 4346 8532 3752 4212 9520 4365 705 3235 9064 701
279 2327 1293 1436 3013 8029 8649 2304 3539 3356 6576 5696 4661 4984 658 6768 3509 9525 3481 2165 2503 5861 4361 7585 2612 5326
280 1042 3758 1366 8937 3256 8574 2409 5629 5520 6946 9844 1648 8065 8134 4054 273 7063 5127 2860
281 3012 5726 6290 2828 4802 1339 3409 1670 7252 2951 6470 4965 1121 4962 7055 5251 4358 9199 5810 969 177 7321 9689 2168 1923 6952 207 8338 8414 7683 304 3880 8040 2175
282 374 4719 1177 1538 8495 5440 6264 752 6554 867 1613 9311 1992 3586 8239 7618 8515 8758 3541 791 9303 4242 9834 1117
283 8396 9010 7060 8716 6490 9687 2842 1181 1935 647 5086 4712 8714 4094 2426 5440 9819 1585 5125 7689
284 4835 8425 7616 7386 7788 5235 8961 1839 2938 9659 2741 372 4907 9511 4669 8711 3783 3714 3875 1031 7141 46 6344 220
285 8524 2120 7405 9719 6223 7597 9671 4565 4917 4845 3028 7406 1543 1698 8013
286 3926 2106 8352 1533 2430 4253 6136 5369 240 1233 5644 9362 8867 3656
287 7762 5023 7225 1043 5762 633 6049 1426 9619 921 8005 1770 6042 5421 8158 9885 7435 397 7504 7527 1246 7968
288 4957 7379 4888 5420 4027 2601 3376 8344 6269 2979 9795 6671 5547 7709 1780 6292 7290 2731 9734 5948 6799 1351 9574 1746 1401 5178 4944
289 8794 8827 8484 759 46 7752 8373 6148 8310 3637 6581 1290 9557 1944 8716 8578 7766 3856 7836
290 7506 9601 953 2427 1461 1989 7397 3169 8528 9296 8549 9906
291 168 6547 1443 6630 5112 2426 5209 6773 9508 8920 5247 1164 3533 6330 4697 9806 3747 6807 1656 9741 5800 5349
292 321 9160 7517 5097 7811 7745 2058 1260 6734 342 6675 3319 5129 946 1383 469 1113 1045 9670 3958 5133 9478 6281 7948 5098
293 2136 970 6949 9732 1774 5982 5062 592 2754 9125 1118 9274 2266 8403 6456 2781 9040
294 6681 6739 1854 2164 4326 761 8676 4352 6919 6579 4456 7445 1180 7573 9014
295 6022 2873 7056 4352 5668 6790 5437 4591 3781 8105 1948 3840 3276 7474 1979 9270 374 6296 8332 1799 5465 5917 3379 9014 3243 5543 1607 7210 5445 9299 3498 6468 2003 2910 9908 2059 7602 9238 6376 8756 3673 934 6052 7653
296 1598 9947 3553 1731 5840 9600 1986 2644 1054 8130 7425 7141 9940 9301 8267 1987 2992 212 71 3843 8078 760 6737 2554 4199 872
297 8154 268 3832 9191 5596 3089 6377 9804 489 8332 6160 3461 3340 7434 9906 1471 5706
298 281 9602 7670 6014 6478 3700 8722 6748 874 1365 4905 5214 6953 6389 7781 6053 4173 2580 7296 3234 5302 9835 4752 3729 9374
299 3077 6802 3901 1716 8041 7806 9733 4627 8512 1129 4739 1933 946 9548 2688 8300 4505 1101 5651 7261 8060 5141 8854 420
300 8174 7026 977 5458 3135 9997 5788 2739 6640 6074 7155 6139 4494 5219 7193 8987 780 5386 7253 5580 9837 4150 1095 6095 5393 1633 7048 412 642 1056 8093 2187 6604 200
301 1908 1195 2001 8004 774 9146 3579 6385 4698 2673 7258 7841 5045 6893 3022 8995 5816 954 9815
302 7012 9607 3241 9586 8005 5702 1734 8442 3601 405 5580 5815 1265 7570 5737 3498 255 9741 9169 2545 8815 993 6492 3016 6336 9786 1020 6356 3781 7967
303 1831 2682 2705 9982 8487 2185 8600 3210 3555 8863 2527 2670 3664 3290 3318 7773 4691 8912 2961 5789
304 732 4915 663 5520 8198 1007 9027 9403 8224 9211 8958 6428 3232 2109 8313 3823 1762 9858 1118 9632 2911 2898 4884 8832 790 4730 9887 9385 683 5053
305 7968 2643 1309 7846 4728 1956 2692 3284 7377 4893 9493 7030 1901 9943 1270 3280 3096 8119
306 9903 2892 7883 1305 7545 1571 6766 234 4507 7796 4484 2305 5088 4941 985 71 7000 2254 3970 8473 5645 871 6558
307 5445 5038 4084 238 2630 9944 5251 1962 5090 2458 5867 7042 5846 8054 2175 7486 1705 9178 9807 5897 6512 1130 3668 6327 5913 8340 8085 9305
308 176 4966 67 3723 9380 7477 4671 9292 4393 3220 5543 6973 1873 519 9650 5531 4844 3524 684
309 9116 6402 7261 3172 8830 6604 7177 7881 3764 9646 1343 6244 2834 8953 8033 5503 868 8683
310 6334 3760 1552 6211 2393 2635 7702 9516 2666 4368 1379 4306 819 5789
311 7942 4763 393 4108 6863 7290 6970 2071 9431 1948 8055 1202 2005 9001 4506 2680
312 1981 1696 1395 8855 3657 37 4223 8705 4887 6380 6300 9710 6884 64
313 2538 4340 3104 3863 7131 1209 116 9867 4086 61 4855 9920 7622 1900 5331 9044 1840 5318 1884 5589 2168 4643 6615 9260 7834 3375 2932
314 4984 4444 462 9583 6980 8508 8959 4497 689 919 8836 7870 6624 3322 9137 7987 2520
315 5458 7271 9425 2732 5993 4156 7135 917 7932 6575 7521 1451 6005 5200 1550 4949 5606 8433
316 1784 9604 7736 8211 5322 9646 9834 8325 896 4890 6018 4588 9993 5821 945 3106 6631 7289 56 6354 7309 2760 3653 8855 1311 441 2146 8067 9047 1149 2292 7191 1680 6790
317 6024 343 1091 5415 4457 5172 5671 5912 1039 7939 574 505 1639 4629 2231 9676 4358
318 3739 5994 7227 8624 1262 1325 2031 9841 7636 7626 798
319 177 6161 6397 8053 7771 8030 7748 7777 1479 8601 2577 2186 3092 695 4651 4036 3285 6011 6189 8069 3991 3427 9548 279 9618 8243 9325 7439
320 442 1871 3983 1821 2684 8145 8706 3958 7155 697 7965 6234 206 788 9678 4180
321 7426 4401 1204 6540 6310 9560 8309 3153 2240 3229 7438 6627 9993 2288 8701 6677 4705 7004 4421 166 5870 7261
322 5780 5849 2923 5166 9940 786 574 480 4626 7902 5947 144 4797 1888 4661 2875 5630 650 4175 7829 9004 6827 8966 7454 3015 3297
323 6404 2264 5300 9733 8987 2340 9420 2589 3612 5899 8452 376 9415 9800 1083 9869 7060 4783 6539 1281 3778 2234 5679
324 3537 6458 3422 111 1105 9007 5359 7544 6261 3567 8581 1934 301 4063 7743 1695 8060 4242 1144 4820 1711
325 374 8899 7513 225 1007 6625 7423 707 8147 1615 5456 2236 6035 9830 5161 9498 5764 625 3001
326 2308 4211 3702 9765 381 9559 3142 4202 8723 8530 8761 3172 5035
327 5446 3331 7585 2696 7641 3156 9299 6001 8586 7673 5182 6534 7293 1557 6492 1205 7259 5943 9750 4532 7399 516 9348 1601 139
328 9848 4619 7057 2639 6982 2602 5396 4087 1841 6694 7771 1985 2956 1112 5457 3787 1717 551 2148
329 3521 8765 2437 2184 1678 6899 8302 3195 2643 1378 5287 5793 7797 7125 7677 6861 3825 4730
330 4743 4490 7756 178 9984 1228 944 2550 2978 8866 885 7524 8272
331 7693 7847 511 3416 6056 9811 6867 6989 5678 915 5543 8502 8911 9340 2480
332 6101 649 8455 9990 6559 5909 358 6515 9178 6464 9933 8523 2295 4786 1934 485 4628 1383 6627 1414 8889 3651 178 1986 2737 9928 2782
333 8495 7179 6141 7820 183 4645 1481 4583 4210 4463 7864 7956 6547 3586 84 3609 5558 153 9083 5457 8935 1979 148 5674 5214 9114 3801 7090 2752 9169 2407 7858 5003 7004 2143
334 8293 9098 1353 3998 3504 5275 5772 3012 9337 8256 5295 5104 4857 6193 9294 2116 9603 4762 4317 7278 4787 53 2721 4037 770 4893 4020
335 7526 7606 6778 2986 3377 7747 8920 7347 6871 5997 7409 8582 6408 7351 2925 6674 6030 4486 4785 8732 823 984 6484
336 2 8512 7153 8125 6054 7605 2424 1625 8628 745 7208 4999 9404 5964 76 5105 6554 2513 8435 477 6201 1026 838 3163 6153 1100 2986 977 3750 8920 755 2088 1375 7568 3118 2198
337 6205 5894 1160 4403 6522 8623 4025 2299 7940 396 1017 7767 3395
338 7429 2787 372 8049 7972 554 4643 8450 1647 3950 5873 3664 3343 8081 6731 355 5898 1293 3188 9063 4786 9362 4004 9270 7913 4478 3195 2480
339 6588 1344 4949 6717 6843 4237 8814 4099 7066 7859 6226 5533 712 4672 4744 6734
340 1763 3666 78 2465 7134 4269 5534 670 6391 7447 6153 1075 4341 2524 4731 7307 7025 3616
341 5622 6329 6934 2196 9643 8173 8118 6162 9869 8787 8548 8185
342 9397 4972 822 7037 9889 9085 32 951 4010 5242 8851 9442 5872 7831 6161 3470 8898 5582
343 3870 4399 857 3032 2867 3102 9199 2008 3982 3303 8363 5860 6982 7684 8342 1948 9014 8498 2698 5054 3973 9807 5401 9255 3012 9780 8887 3837 2526 4077 5239 7213 9657 8487 1860 2120 9185
344 4901 9598 3779 8103 476 1097 6592 5898 3513 5675 8023 7885 6942 203 3261 2074 5248 5639 1231 4628 5138 9312 4024
345 449 1375 7401 9868 9682 7636 3250 3625 7399 1419 1051 5574
346 1299 816 2870 8260 5390 6831 3174 6063 2550 2711 7848 4265 4771 8773 8056 9500 6524 8293
347 2290 3049 7350 5097 8188 6049 7360 9510 1115 7647 5572 3249 8152 7732 3316 6253 9991 8465 7013 1465 2433 6281 4070
348 8880 1752 4259 6938 9055 6479 3610 528 2736 2466 4749 4797 4562 3307 7481 3157 1267 2865 1585 2666 9635 239 8519 7331 3907
349 7739 6203 1697 7472 6983 4522 3003 7867 1496 4674 3593 8303 6151 640 1149
350 9377 4731 7882 9467 9391 8461 7219 5323 5468 3835 7563 3469 8598 6633 1379 1736 6389 2129
351 1685 6584 9968 5033 1085 8671 6509 1125 513 5387 8742 141 2670 802 4923 552 7206 3681 1898 2932 218 3630 6544 3675 7012 3722 2171 2030 1140 8251 8136 9586 1740 9652 9463 6049 5773 9414 4464
352 9968 5989 8663 7948 1086 6021 4286 8702 7433 9731 8233 8609 2828 5996 5270 6355 3958 6621 6861 7472 9989 3979 3227 6883 6285 6567 4548 1505 4150 7746 1339 9224 5773 5322
353 4664 8319 6762 828 3737 5002 6758 6137 744 399 8978 6 9689 8882 2987 4737 55 1694 7029
354 4974 5163 5186 4864 8331 6785 6139 6729 5217 2595 6942 2570 5979 2000 1310 4415 455 7605 8425 6636 9956 6477 3144
355 6008 7078 60 6748 8588 9061 3384 8720 7487 84 3208 3078 7154
356 4151 6129 6306 2651 3784 3025 5863 7243 6530 2894 8021 1305 8389 5441 6780 613 3673 5666 837 4505 8487
357 3586 2229 1408 6767 678 2600 3932 1226 7413 9917 7086 2325 4717 4117 6966 871 9102 7009 1855 4632
358 9265 5466 1648 6964 3961 196 2055 4974 3824 9145 3050 96 16 4391
359 7413 8964 6986 1401 435 8644 6496 9716 8927 4442 6893 1442 8965 5584 8652 6030 9228 8308 4951 5250 243 4333 4367
360 3961 5088 5029 8307 8220 4379 6176 9707 6738 7728 6486 7425 6850 7765 5444 2937 4585 3111 8286 9496 6595
361 6618 4948 5500 847 3463 1405 4924 6752 454 731 684 1765 2423 300 2191 1580 7418 1421 9834 4382 6920 3831 7120 6086 3703 9085 8832 7755 7240
362 7762 1256 7591 6119 5288 910 1364 3353 9977 9149 3675 8512 4487 196 6979 9266 5031
363 8227 8258 1540 6996 9356 2413 8715 630 9121 8208 3848 9904 598
364 7772 6133 524 1646 3486 404 3417 1471 6692 654 4886 7347 5277 3309 89 9753 7813 2171 1236 621
365 1784 4439 3634 2651 7788 6324 5340 5662 8068 971 5093 6785 329 9437 5507 9533 2624 8405 8076 4203 2247 8780 9031 9669 3757 6295
366 889 7744 8609 1657 858 7499 5451 4577 115 2699 4526 9451 9075 2764 3093 7302 6346 2137 3745 8445 1017 8400 3465 3117 9979
367 9270 7200 9290 9405 8053 7912 1219 9955 4445 5030 9965 1534 866 7775 8036 9295 8684 1117 2771 8881 2251 513 5785 2072 6415 2939 6084
368 703 490 6587 2262 293 9976 1808 83 1541 8298 4459 1764 6899
369 9464 7695 2338 6133 5029 6970 3025 7146 3167 4525 2087 9930 8301 7558 5714 5747 9089 399
370 7598 8610 4232 9659 155 4203 3873 6082 7179 670 4971 5005 3811 8863 450 9474 2773 3891 1548 1780 7233 3097 5834 9938 7234 2013
371 5088 6705 6463 1955 3576 1736 7962 7226 9106 8569 2911 2866 2805 7205 2500 3976 4009 7023
372 2745 7598 8784 7519 4943 7304 8109 7560 7318 786 2176 1624 6175 4007 4257 2657 4244 10 3882 2898 5241 1464 7591
373 1868 2929 8125 4624 6786 1710 1851 1389 9238 7087 5583 1601 1319 9309 5966 8081 4237 8185 1752 7364 372 3970 1479 1491 5251 9032 5306 7974 9605 8167 1337
374 860 6613 8844 6130 5735 4746 2274 1682 532 8160 8682 4013 3852 2522 9932 2866 9086
375 2192 2123 5742 5003 6528 4695 220 5907 1031 523 9565 5264 2513 1385 9704 1776 2161 5565 3002 3429 468 6061 6730 8520 3964 284 4958
376 5019 1383 9600 4172 5138 4574 8419 7138 2485 4068 3316 5054 7513 2155 7151 9407 221 550 6469 4401 9087 4011 5907 5437 9871 4811 6186 5340 700 4367 112 7457 3722 3751
377 7669 6795 4234 6166 5435 1838 8501 8952 4128 6543 2181 2516 6126
378 6161 5402 8618 3420 3008 6320 5131 1451 8257 7938 8617 1510 5434 3134 6050 8294 5082 4525 4962
379 2900 3963 5702 7611 5693 8410 8630 5910 6715 3403 1210 2429 5626 9528 2973 8935
380 4398 9640 233 3392 655 3084 5391 474 9338 1342 7161 7901
381 3877 6729 3026 8651 2740 9939 639 4411 2158 7163 6285 8332 1892 9191 3053 5655 227 5471 2391 4382 3024 5278 9109
382 6672 6925 9338 7899 1504 1212 5697 2750 5095 4182 6905 8515 573 9215 3451 9950
383 2182 183 9544 6347 3386 4539 5458 4308 2790 8767 5064 116 7353 7929 1396 4212 1110 7136 5726 2149 4828 7749 3707 2139 9836 2223 2929 1762 862 9671 1583 9822 1132 9409 4364 569
384 3836 4871 1407 2650 3545 7349 4198 6149 8587 6437 7725 8014 914 7078 1412 9370 4584 734 8753 9706 1156 5752
385 413 8483 1134 8908 7169 3871 2790 4664 575 6262 5885 8269 9209 4234 177 8106 1150 5349 4362 4433 5163 9065 6198 5418 3731 8922 7680 1789 1900 7880 9348 56
386 935 9583 3074 6454 3165 1050 8429 2615 4501 3232 2608 477 5520 4909 6507 8934 5391 2900 676 5129 147 1761 6188 6625 3006 813 3504 3481 1940 5543 4462 9522 6750 3562
387 5429 9178 5469 6481 6351 169 5980 3726 1745 9933 2834 2673 3717 4487 7325 6519 4529 4316 8218
388 7307 612 4517 457 3701 527 895 8142 5451 253 4577 2979 7856 1247 8233 7842 7347 2030 7200 1348 765 5802 6099 2058 218 1782
389 3572 6171 8975 4458 7119 7148 4838 7621 3507 1791 8070 4935
390 4985 708 1956 9003 5065 6491 5141 958 6765 5523 3236 1304 9703 3076 9515 4544 5813 9404 7919 5710 272 8552 1336 2265 3072 450
391 4994 3476 707 5560 3304 3320 7586 3074 395 4828 538 3058 5690 2846 7123 4783 7885 3326 686 1195 4429 742 7251 8263 2139 4584 7740 2266
392 4558 4696 7521 2392 7881 3557 4400 605 9040 3313 2232 1151 2956 8384 8275 6609 767
393 5710 1754 7752 690 427 1807 1670 2291 2 8558 3997 2676 3921 2817 4973 5448 6092 3545 6771 9268 8554 1528 4377
394 5459 4423 2008 3961 5171 5397 1763 1600 1370 8117 8254 8298 7338 2406 7165 817 4755 3292 6187
395 3006 1572 6931 1454 5801 321 7919 5483 8450 4549 991 1175 1081 5922 5212 2016 6622 5400 5189 2698 9313 5177 5788 6903 3308 7961 2032 7202 1940 8156 8822 6549 1661 1500 4865
396 4347 6292 7843 3256 4431 783 1956 7474 3714 5220 6913 7101 1397 6666 9023 2562 1434 6676 4517 3781 4241 1734 1106 5396
397 3643 5628 1459 7800 881 694 2778 2734 8967 2343 3233 7291
398 7055 4071 2070 3163 3393 2071 2353 6102 2837 4341 5567 3969 7434 7266 2960 6438 1608 8876 716 8095 6187 2709 1081 2645 5659 2855
399 6526 7377 2764 985 5193 2486 117 6637 4015 2628 3539 5442 7719 3165 1229 7944
400 323 5097 6503 2037 4912 9721 1944 8798 9057 1722 3148 1593 4307 6594 6462 5347 7806
401 2837 4539 3948 4271 9961 1749 5521 9043 9825 6877 2070 6477 7374 2248 6337 2700 7474
402 4752 5102 1307 4178 6631 2792 3279 7511 3048 9659 8210 6092 733 6184 1130 9320 9487 8673 4470 3007 5817 7266
403 5880 765 2555 7620 996 437 7130 3232 3104 9918 6928 3579 7547 5754 4356 9075 8888 5330 7355
404 1702 8562 8332 862 2677 7050 2269 8341 819 7639 1176 9616 7299 4274 1243 8578 5303
405 9903 5638 1199 44 3366 6287 2179 7393 1893 8195 379 2033 6895 725 7086
406 6613 738 9265 8748 7198 7997 925 1117 2621 5234 6608 1579 4400 3004 2017 6153 4709 8375 7413 5063 5902 2095 638 2662 5342 8068 9279 9094 6812 3147 1361 3159 9045 2060 7105 3149 7896 1552
407 7864 389 5906 8889 8592 5839 1824 7482 6398 6963 1052 2263 3242 4612 1367 698
408 8896 4342 7240 6447 2031 4400 3356 3073 6317 6087 9261 3880 6778 8710 2365 7126 2576 9946 2864 7018 2225 2175
409 2431 9699 4639 9872 4191 3404 4025 2998 9289 5538 9674 9904 4349
410 6028 1858 7330 7560 9842 7147 132 2491 6035 1296 5620 1220 6062 4324 8658 2490 2143 349 6367 6774
411 3588 1794 123 1523 7779 5450 7699 3563 2349 5816 4716 9247 5309 4997 8957 3641 3533 4658
412 2737 3434 8670 930 79 1741 3604 232 3291 5356 7902 7465 3578 662 8111 360 9185 297 1238 7486 9993
413 9968 6827 9709 8352 4870 1091 2595 8844 8522 8005 2600 6817 1083 5783 6739 2774 9777 3761 7069 2745 5052 8617 7075 4557 3538 3976 3882 271 9268 9048 1430 188 8698 2902
414 1939 4218 4698 3663 8267 2657 624 2796 8686 2706 6225 5229 114 2462 8666
415 3432 5471 3414 9624 5466 8686 3120 904 3679 8555 3955 7093 7004 8574 133 4324 7085 9846 830
416 7852 653 8105 4475 724 541 9008 2913 7267 9181 8056 4619 7356 5561 9532 3728 5764 7041
417 1904 3146 3629 2685 8090 1651 7526 4302 450 5902 1216 4929 3416 656 1737 5232 9073 5042 7802 2115 148 9689 5254 2264 7117 7419 3753 3603 4580 9959 3704
418 1710 6103 5445 1242 3251 6071 6140 3463 9178 4337 3842 4095 6102 6859 5026 1238 9633 8176 729 936 5503 9206 2559 2185 324 3723 9543
419 2906 468 7795 6346 6921 3158 1736 4013 8171 8539 5825 328 530 5038 6802 4985 1014 3623 2887 2733 3607 9607
420 5607 7631 1098 7183 2767 2189 3454 1750 1037 7868 3889 1198 568 2247 8999 7005 9185 1358
421 6511 5677 6390 2212 6467 2852 4679 2134 18 2203 4528 5155 8375 8028 2945 167 9597 8585 5352 4731 9359 1876 8062
422 5962 827 9728 8116 9656 3944 3594 5660 8718 3497 208 9208 474 8933 4126 904 9244
423 139 5981 1822 1623 44 9397 7542 5838 4757 8782 2930 3689 8295 3748 1257 6842 9349 3380 7234 2307 9392 207 5737 8122 6627 6604
424 1308 5333 3381 2278 8109 8385 3582 2423 9015 4145 4214 8078 6841 4771 9808 4805 3672 108 9260
425 8938 1348 8662 4252 7564 84 6196 3758 9451 3154 8904 1107 8954 1737 541 5185 4953 928 4280 232 2808 8993
426 7933 4784 7791 5448 7012 6611 3227 3415 88 8989 1105 7664 7736 2002 7078 675 7713 4418 358 4569 2392 4055 3726 3715 5738 5362 5956 6332 6014 8130 6163 3203 4238 9444
427 2013 3113 7751 7153 6717 9684 4437 6390 977 6075 5431 5269 600 8033 1156 6722 259 2981 6358 5259 2874 467
428 6509 683 8579 4623 7525 663 1560 3377 1546 6015 5686 2788 5756 7541 4063 4289 6842 5808 4108 630 7163 7980 622 4786
429 7053 7185 3160 9032 6920 1216 2256 2992 8673 1310 3339 3638 8245 5482 4378 9029 7022 5067 6461 7372 2180 4325
430 7206 9551 3525 2005 8652 4779 2239 1183 6105 6465 3130 7570 8947 7059 5587 3233 6498 6497 3465 7997
431 6302 1444 1461 6065 6387 5779 29 5258 9231 9638 5454 9226 19 8716
432 6391 5632 9507 5643 6793 4309 58 6330 9113 3409 190 2191 7389 3214 302 128 8534 4035 1329 4340
433 6364 2475 3982 5316 3453 9086 4693 2155 238 8134 6101 1123 6434 863 1145 3784 6040 3853 469 7180 9197 8210 374 3241 8599 6770 5407 7630 7 2422 6401 8798 1273 6515 6750 6359 4680 2499 8891 3842 7467
434 6149 7197 3749 2870 3822 5846 6174 8618 6893 660 3567 1546 652 9159 2552 4760 444 6460 6413 6447 7278 3505 6863 402 991 7431
435 8400 3802 3753 3113 7483 5462 5099 6403 4954 4540 1780 6048 6600 895 159 8550 2335 1602 5211 8478
436 4170 2052 9366 8538 5933 829 953 6222 7087 2532 9271 5365 6952 1731 1927 428 6425
437 5085 8193 7463 7039 686 4389 8848 6226 8030 8278 1470 1930 2389 193 773 405 1351 7807 5596 9666
438 5948 3533 6652 3074 2414 7681 2927 7964 2028 1246 8235 7212 2037 1416 7851 756 7978 3749 6923 7770 1090 930
439 6969 5658 7353 4037 2673 8566 388 7173 2320 1216 8741 262 247 2616 2863 5228 5637
440 9330 8145 8803 5661 1912 5730 6952 4913 1739 9510 1942 4633 527 7634 9290 7861 3584 880 3606 4405 9871 4624 3684 2598 2483 8248 2608 8036 6895 6044 5080 4928
441 2805 9137 7630 8113 7971 5186 2623 1818 606 5237 8515 2022 4089 4177 6712
442 979 7317 6282 417 2554 6119 9592 9677 757 9777 3153 5798 6095 4086 2867 8081 8506 7610 5124 9722 1044 6140
443 3043 4923 4913 6613 3783 9533 2107 8293 5050 5239 2842 8858 948 9079 8284 7615 6741 4311 8183 9311 3538 4777 1557 7859 9163 170 6032 6262 8883 9573
444 8462 9637 7575 6470 2611 4679 311 1139 4664 1562 2138 8992 5887 9669 175 6414 8507 3664 4134 132 5946 5429 447 9315 1889 4414 4168 9573 7740 5341 7365 2652 2212 1297 8782
445 5925 4385 2019 9398 7599 5897 7507 5740 8795 5964 5895 6946 5980 5467 2412 767 6195 8162 3308 1169 1034 3141 1966 2856 4858 9604
446 1248 3316 2879 583 3314 8282 4898 2263 3015 8015 9435 6502 7536 1441 4655 3950 1036 4034 8910 538 55 3539 5654 9931 2464 456 5969 3946 675
447 2907 8832 299 9789 7604 2464 9387 591 3147 7034 774 8870 521 7970 2865 450 2903 296 1719 7819
448 1040 8320 5350 3502 2933 9971 3488 3342 7059 816 1367 3886 1672
449 6465 9167 8218 8713 6502 264 4213 3813 3583 2617 4116 6301 2322 8714 6069 4942 3441 7170 7243 8106 2554
450 8183 857 7508 3552 325 5704 5911 4988 451 865 405 9787 6176 2744 1181 9576 8909 7072 9681 6683 7939 6549
451 4027 5108 5292 7077 3491 2732 5400 1445 3835 9148 8217 8061 2403 307 2968 3345 2872 8124 3108 7260 5075 2358 3839
452 2707 7029 3395 7296 1831 6039 250 5467 3496 2114 4558 6797 687 2982 6662 1208 2618 738 7285 94 776 6112 7037 6699 1406 915 4377 2199 7946 9615
453 6889 5902 2979 344 457 9010 4310 1571 9115 2413 5656 2730 6067 3506 9440 7675 2692 3956 609 9351 4983 9449 9372 395
454 7776 5202 201 9537 2157 2469 5986 2741 598 393
455 2107 254 452 5529 6150 6129 6721 1919 7906 2533 8467 8053 6603 4737 2790 6145
456 6458 6967 6659 5359 5888 9800 2026 9501 2000 5401 732 4596 7489 142 1798 7541 1170 2142 9768
457 2324 3313 9812 267 4241 9986 8736 8391 529 8595 1806 4933 4143
458 6518 5230 7221 9412 6100 590 5317 8813 4102 9898 9930 5031 6986 6917 7807 815 8419 7567
459 5043 1984 8700 3394 8973 2606 7643 8307 5662 4029 8387 7927 5258 5896 6388 1259 4210 3843 8995 4743
460 4340 3106 7775 4539 8728 8337 9395 4795 8893 2752 1903 7216 4663 7883 3195 8600 7611 6730 6408 6991 6163 4766 1439
461 396 9818 2173 278 1356 1826 6472 1974 3855 9735 8042 661 1916
462 129 9842 2183 8090 2194 7457 3765 7790 5973 1869 2237 8948 944 8994 1567 291 140 2859
463 5880 2239 625 3727 2643 6967 5492 1638 4043 2539 1454 5194 5993 2871 7054 8287 2694 321 8499 7998 4285 6175 7960 1380 7678 8256 3203 6126 6257 9655 5239
464 1984 9299 3963 5295 3623 2519 9579 8776 5533 2661 7339 9524 8888 7715 267 4039 1641 3753 2202 4896 1705
465 1670 5866 2147 6445 3491 1939 6825 3112 2965 4341 205 8526 5122 9995 2569 6410 2133 4649 842 1763 3690 5029 9738 8562
466 1555 8060 8980 654 4262 8116 6855 2876 8140 8516 6400 9071 9324 7068 9342 7549 5796 3718 3530 2101 4822 2246 8252 6712
467 4027 9988 1084 8279 9218 1191 4069 8715 4386 5904 7123 3739 5856 8653 766
468 1290 6686 3696 9828 3988 8407 3554 2823 8044 3766 3428 5678
469 2183 5917 6538 5296 3541 560 5865 7613 1465 5500 2119 9266 1745 9711 1040 3024 3530 497 5383 6251
470 3836 110 4855 1934 7762 4107 7419 9440 4834 1476 3121 3215 2327 5156 8859 1574 937 2064 385 6020 9075 9683 7756 7023 552 4077 751 3101 8172 88 6409 7363 5655 6360 7698 5442 6937 6332 8227
471 4752 6391 9337 7355 2709 9742 4222 8604 2463 7239 5192 6961 6570 5206 943 8878 9476 9223 1424 7770 8676 8908
472 9691 8075 6833 2943 9107 7133 7244 1134 3061 5826 8287 354 7038 3474 6623 286 4939 5898 9417 6611 7600 792 3163 2206 225 8345 7762
473 7630 4249 3122 3830 4765 9825 640 3795 7293 6764 7231 2171 8386 4047 2483 3792 8227 8388 9862 915 5040 9878
474 8910 6830 1609 75 4071 3286 3275 6495 3393 8499 5277 3230 5605 5323 6202 6343 4886 1260 6961 2462 2822 5734 4866 1761
475 3936 164 6213 1429 6323 9336 5739 4188 2085 2773 496 3164 7736 3365 4377 7391 3596 2071 5360 345 2225 9545 2438 7088
476 9694 2753 1695 4974 3368 3736 2407 6570 7329 1496 1329 616 5908 5126 5816 8900 6269 9227 1930
477 3830 9483 4837 8609 753 8734 1281 7069 2423 2589 5929 1757 2188 7708 4123 650 878 8031 8692 1586 8946 9085 4959
478 5677 6327 3521 7713 4907 3349 2401 5063 9463 4814 9414 2615 5501 7893 3288 7635 4385 1464 9073 2829 5526 6376 6115
479 205 3964 950 901 3812 4226 7903 5741 7924 7533 6880 7991 8838 5704 3128 2279 1619 2439
480 2784 1562 6635 8092 7933 3012 9521 9815 4249 1544 9624 4308 6611 2240 8087 1554 8977 752 9259 8005 8710 1686 5433 921 1542 8810 9892 5522 7362 8982 2128
481 5334 1079 6685 965 2529 3253 1548 6205 4319 1345 4095 1136 6521 6499 9202 9884 6778
482 9791 1475 6491 964 7335 7379 134 7694 9971 3987 6566 5117 411 5185 2215 5266 5497 6892
483 3504 358 6959 4739 7568 9970 4243 6691 1929 8763 9453 9953 5744 6168 2516 6915 2218 9587
484 9003 798 380 4045 8599 8092 4343 8418 9522 138 5322 7907 6909 2286 3839 7299 4667 1809 3507 494 5385 1799 838 2340 6214 4834 5179
485 5437 887 9123 437 1562 4129 3706 7133 6144 3371 6458 1946 1628 3364 7829 7135 8169 5490 8831 2699 9843 9666 7496 987 4870 8748 8452 1829
486 6387 4407 1457 7815 8390 9036 6621 1133 8918 8205 3299 9964 9733 7522 4776 9683 5979 8443
487 6630 7205 9395 8663 8209 9842 912 9043 748 4414 3521 7336 7806 4520 8729 5113 8885 9496 989 6408 1646 2244 1833 3377 8406 9722 5375 9786 8736
488 4199 496 6747 7012 4091 7193 7845 137 1428 5997 4211 545 2156 6019 3199 2055 3371 7834 9573 1739 2544 1429 7622 4755 2875 774 9883 650 9091 7361 9852 4282 8491 6651 3144 136 9957
489 5219 5604 951 1924 5342 3251 7904 6011 1942 1752 1554 1576 5555 3380 5072 4093 3518 9640 7452 4324 6762 2485 8696 4372 7500 3837 876 3835 4264
490 4457 1641 6428 1506 3089 2100 5525 7476 8672 6429 7617 7030 5930 2575 3648 2723 5244
491 259 5078 4963 9563 3051 2683 1298 1160 2464 5546 5384 4029 2856 648 7008 6640 6999 5082 6116
492 4326 3751 5384 9273 3942 9669 8918 9654 1878 9376 291 8598 6949 5257 6131 9230 7679 1945 8569 438 6681 5623 8794 4047 9392 9664 6029
493 9931 9461 5656 5679 3801 4903 425 3944 9233 2690 3207 9107 5818 3528 9638 5153 1140 6639 3240 4697 8837 1282 13 3021 9116 1524 347 3013
494 6986 1650 4170 8495 5597 792 4702 8140 4642 3363 5862 250 5992 4691 174 2014 1577 1749 4189 1866 3016
495 3635 9707 2337 5081 736 2998 338 4983 7690 6416 7126
496 9354 7445 9154 345 7912 7755 2123 2458 3672 8363 5649 2791 9829 4243 9930 1937 7954 8367 8532
497 7921 5781 5939 1242 2893 4825 9793 5432 2770 6520 2329 8907
498 2983 2730 5942 3895 9443 4703 1851 8981 2264 5645 4886 876 8167 5338 1606 4504 2856 211 6250 6222 4497 7682 1907
499 935 84 2175 1738 3900 4755 7929 2685 9755 2533 3338 9897 1916 9761 7116 5885 1852 976 322 1923 6147
