100
0 4738 6915 5 1799 4460 139 398 15 5136 17 1558 663 281 26 2076 6045 1541 288 3489 36 422 625 426 45 1702 4040 180 5046 5561 186 1725 451 33 5448 2509 717 720 3160 4829 2526 8549 96 6160 7013 742 615 236 4589 110 1137 882 756 6134 38 2428 3069
1 0 1 2 5 6 7 8 9 5515 12 1679 19 26 27 28 30 5367 1572 549 65 39 40 41 940 46 435 436 158 56 1597 63 1089 684 199 72 2572 75 76 85 88 92 37 1632 869 238 240 116 425 120 396 123 252 3198
2 0 1 2 3 132 69 7 64 9 10 11 12 13 2264 131 148 21 214 23 24 346 94 5 96 33 36 38 102 103 168 66 940 49 178 83 264 62
3 256 3457 130 3478 903 1772 907 142 399 144 145 2067 6166 408 1434 150 3493 92 426 44 46 50 51 1334 447 66 971 71 73 3659 77 7373 1106 725 346 3676 735 8801 98 3299 484 364 112 147 809 4221
4 129 6147 2052 7687 392 671 1956 257 941 2478 433 1843 308 2654 3767 1336 9017 1387 68 8901 8518 55 335 4178 212 1881 91 1628 3293 222 224 993 229 103 1257 7275 3692 2413 2791 503 2132 3175 6913 637 511
5 0 747 4 1541 6 65 650 139 14 15 16 148 21 22 25 158 161 4258 35 549 1702 168 41 44 2478 180 1334 329 316 62 193 195 68 54 33 1225 78 8270 88 90 859 1756 93 94 97 611 9447 60 107 8044 637 3057 249 125 149
6 1 5634 534 135 137 146 22 280 27 2076 29 1310 1183 1184 48 37 38 43 175 176 7624 54 58 188 445 133 65 75 1476 72 459 332 1871 81 82 83 86 89 442 95 96 100 108 110 119 632
7 0 2304 2 3 2402 6 7 8 10 11 13 15 18 19 20 21 23 24 25 27 157 30 1315 37 166 40 44 46 47 49 3379 3211 5429 55 316 650 63 331 197 72 459 461 224 98 355 102 195 60 107 115 8955 2045 1173
8 3 4 1287 1388 10 3467 268 13 14 15 8080 17 404 21 22 8215 280 1434 411 8734 32 290 35 1734 38 135 151 815 2608 50 51 52 54 7915 58 1468 4554 1440 11 9030 1735 524 74 631 596 1365 2902 216 4703 2960 98 484 7269 487 4885 178 485 3692 110 3517 7537 500 2158 5751 7033 7292 253 126 5247
9 0 1 2 899 4 5 6 7 8 9 138 395 268 18 403 21 23 516 155 158 31 33 290 35 164 4390 2735 176 432 52 30 55 56 58 10 62 309 64 65 67 72 6729 204 78 5200 163 468 1881 97 1122 2726 1510 103 873 231 110 117 120 84 126
10 0 1 2 3 4 5 6 7 8 9 10 11 13 14 15 16 17 18 19 20 22 24 26 27 5276 30 31 2848 34 35 37 5926 389 4266 1707 940 47 513 824 61 193 72 1737 78 468 9047 5725 482 131 1667 914 40 4978 372 501 2088
11 0 65 2 5 1 8 9 74 55 653 206 79 17 18 83 725 24 216 93 1566 671 32 34 231 64 7 236 61 111 112 136 51 180 117 41 248 477 125
12 0 1 2 3 4 5 6 7 8 9 138 11 13 14 16 18 19 20 25 26 155 28 1310 2757 32 290 3483 39 40 554 135 51 1077 54 59 62 377 2371 69 78 120 82 803 84 7929 88 221 1502 1298 110 632 121 126
13 4994 1156 4482 5902 3600 1042 275 8802 1686 6684 1438 9888 240 2852 422 1959 43 429 1967 567 3257 443 1597 1087 1988 3525 5834 2509 207 976 3284 93 2142 2768 866 2491 1128 233 7658 750 1981 8688 6131 6644 885 1271 249 7162
14 0 3457 3591 8 9 128 139 13 303 19 404 4974 1558 666 27 2205 4895 2593 290 807 45 1583 4104 1587 948 990 201 3768 185 442 650 450 6979 161 456 1097 1228 1122 1104 482 825 5850 92 349 94 229 224 97 1762 611 90 362 148 370 1902 3441 4594 9559 503 249 121 3239
15 0 1 2 3 4 513 8 9 138 11 2700 142 280 18 131 20 21 23 152 772 2330 160 161 7 561 10 308 309 1161 57 87 61 63 3266 2627 199 72 78 83 468 1495 89 92 3082 96 84 2148 968 1766 107 3389 1263 147 545 212
16 1027 1985 393 398 6031 659 1428 151 3500 5791 288 289 418 933 1959 1704 8875 1452 8241 9225 1590 4023 56 948 1979 191 65 7367 1136 1207 1100 5069 848 2744 142 1754 143 2268 999 6630 231 167 3054 7791 880 417 242 2983 1401 762 382
17 0 1 2 3 4 5 390 7 8 9 138 9927 4335 273 1554 19 20 24 665 751 28 797 5278 5893 6049 2981 2342 5404 4167 1185 1584 3912 946 2614 3977 184 60 61 62 5558 454 199 1352 1591 8015 2232 210 3923 84 87 345 731 4063 2145 5218 356 536 4497 361 6378 879 1395 1524 9470 1270 4343 2296 510 4607
18 0 2 5381 4102 7 9 267 8334 3983 29 21 22 280 878 6234 158 389 161 546 35 4388 421 42 43 301 175 50 1395 30 55 56 60 65 66 139 1222 79 204 77 4302 207 339 728 2138 15 731 1251 747 647 750 879 157 114 979 245 118 120 9611
19 1793 1284 86 1799 2348 778 1548 6930 5395 5910 536 9732 3119 6684 285 2079 32 545 3106 1572 3621 39 9768 6698 300 303 309 54 55 4063 769 5182 3142 77 84 598 2391 1114 92 861 1119 1376 612 5990 871 1900 624 625 62 3447 3448 382 3455 3563 2374 134 1930 139 2444 146 1171 404 3477 1689 3483 1437 2208 70 2214 679 681 7086 3514 1468 8488 961 4291 980 7387 37 480 1762 995 8933 3046 231 1184 236 1521 243 1524 250 764 253
20 0 1 2 3 4 7 8 10 11 15 16 1169 19 148 21 23 25 27 1052 159 33 35 36 37 4225 44 176 49 50 1027 57 442 61 907 1225 74 75 249 859 1117 97 102 2150 2153 1771 3441 118 20 2298
21 0 1 2 4 5 6 9 10 12 15 16 1554 403 20 21 22 24 27 28 30 389 33 34 35 36 37 38 42 199 47 176 54 55 184 69 1350 71 84 3158 110 96 103 146 878 120 494
22 0 1 2 3 4 5 6 7 8 9 138 11 12 2818 14 15 16 17 19 148 21 22 23 26 27 28 29 1310 161 155 164 38 41 299 9517 10 57 58 1290 63 193 68 69 198 583 7624 73 74 843 45 977 468 342 859 476 442 731 3424 97 355 356 145 236 240 114 6035 117 126
23 0 1 2 3 129 393 138 139 524 1799 18 19 21 23 152 7325 160 35 37 39 426 7 1452 46 48 50 52 53 9 57 58 63 55 343 218 95 482 611 230 3700 2169 250 124 1429
24 0 1 2 388 7 8 9 138 2060 13 15 18 19 22 4 27 28 542 31 35 42 175 91 128 52 73 184 185 61 67 708 72 12 7373 80 56 82 2168 271 102 977 104 105 103 120 1151
25 3 7382 7 8 393 11 140 13 14 301 17 18 19 1667 1174 23 25 26 3483 161 164 3398 3880 425 44 45 48 4724 50 8243 74 57 2106 316 1482 3262 63 64 69 1222 72 7242 1200 9677 82 83 4397 342 2264 602 9054 6115 1888 227 1610 101 252 5482 107 236 850 40 595 1524 131 120 3196 2685
26 0 1 2 131 4 6 7 8 12 139 1420 13 16 19 84 21 342 234 409 27 797 30 415 67 134 168 105 66 199 907 46 62 119 1656 660 3194 63 124 42 446 1388
27 0 1 2 3 6 646 8 44 343 12 16 18 899 20 22 23 27 29 4510 1954 164 37 40 41 43 300 47 303 176 157 443 5313 69 2889 77 206 34 84 855 2780 107 112 552 115 119 121 122
28 258 131 900 7 264 10 268 144 2819 148 132 29 414 31 164 37 38 552 44 51 53 4281 58 309 64 67 197 73 77 1106 83 85 93 478 96 272 103 1643 621 1917 117 20 253 1150 383
29 131 1669 1803 14 274 20 22 281 24 793 5661 7584 1697 290 35 551 2216 6698 44 4656 270 4919 56 57 442 71 329 74 2487 335 337 595 84 526 727 609 113 5990 1384 360 2684 490 1387 236 109 110 496 1000 243 4724 510 153 55 252 4266 120
30 256 128 1026 134 9 14 9360 274 275 148 149 5526 23 537 154 27 2076 687 9246 4514 35 8740 1447 43 8365 2735 435 155 184 1583 1210 187 63 4801 6097 196 198 9543 968 201 1610 610 2385 602 992 2048 2274 3943 612 465 8938 8427 621 625 3759 4597 121 2427 252 253 126
31 0 1 2 3 4 5 1793 8 9 11 14 15 554 17 18 19 21 23 280 26 27 28 30 33 162 1065 170 199 45 776 7218 55 56 58 63 3008 1989 1734 583 2504 74 173 82 84 4397 249 2360 482 102 273 105 4818 1052 881 915 1911 596 5626 252 125
32 0 1 2 3 6 8 9 11 12 13 14 16 728 19 20 21 22 23 31 5921 34 35 549 42 47 176 709 52 55 59 60 65 197 968 74 632 1315 88 91 131 101 114 339 120 121
33 0 1 2 4 5 6 7 8 9 12 14 1807 16 17 19 20 25 24 3097 900 28 5150 33 1954 38 48 9896 665 298 299 940 46 432 49 51 316 65 193 69 73 74 204 78 83 659 1365 6656 88 2521 3600 482 995 145 1011 63 252 126
34 0 1 2 4 5 6 7 8 137 138 305 268 15 16 1809 19 1173 2713 152 25 27 30 33 34 35 38 1575 168 42 171 49 178 52 57 1089 708 968 12 77 82 1665 1679 96 391 114 121 21
35 5221 8450 899 388 4613 646 1799 3190 3839 8973 16 914 277 316 836 7709 1440 7970 675 454 5158 1959 1065 5895 300 301 686 5552 6962 8030 3126 55 57 1122 60 829 2371 4164 1186 70 4551 1352 969 6059 82 3923 344 1883 476 350 9957 97 1506 763 2148 7718 4710 519 444 107 108 7537 1604 9713 6644 118 120 6137 114 8315 638 21
36 3586 1412 22 8454 647 9 1290 396 751 14 1168 8465 149 5526 152 2180 26 3483 3996 7069 410 5 161 163 3718 1702 5041 40 3497 9246 199 114 9521 1332 30 4662 4919 1080 2591 637 406 709 198 1351 712 4171 332 206 80 5329 979 469 6137 9562 733 280 2659 1638 4070 871 252 107 1005 9710 6767 624 2930 3317 967 1783 1528 137 4984 7081 2979 120
37 0 1 2 3 4 5 7 8 10 395 175 17 18 19 3097 24 2073 154 155 410 31 32 176 166 129 41 45 303 48 178 2612 54 184 58 64 71 1737 88 26 5084 2147 356 1256 106 371 681 4347 2430
38 768 257 2992 132 2696 4361 2572 1549 5519 1937 659 4630 2840 2717 1054 161 293 551 4009 5329 5803 9906 6702 815 1456 2738 999 7924 698 3142 590 141 2385 1362 339 853 2191 1041 235 125 8948 7977 255 7677 7253
39 0 1 2 3 4 5 6 7 8 9 10 12 5634 16 17 1171 148 46 23 152 27 797 896 4768 33 34 2523 390 38 554 1671 686 48 138 439 57 1930 393 7104 69 2503 968 2889 74 162 646 2383 977 595 468 5895 176 1369 2688 335 37 97 1546 355 166 102 273 583 107 3182 3389 5921 119
40 1 2 3 388 3858 7 8 3849 907 3345 914 659 4500 23 132 538 797 1184 161 803 1958 3879 5546 777 6831 5296 3704 52 7734 265 7481 1468 64 193 2423 2372 566 73 1591 972 7117 80 977 210 595 1401 1880 345 672 216 2143 480 7777 482 928 3044 869 259 3561 621 1263 4849 183 1395 375 9208 20 6698
41 0 1408 3 900 389 9 10 11 12 13 14 15 17 20 24 665 26 2076 29 197 164 37 38 40 28 554 3884 4142 44 176 50 51 53 137 31 60 650 63 196 69 199 73 78 8272 142 549 224 229 145 61 625 372 117 4364 121 3135 382
42 0 1 2 3 4 5 6 7 8 9 138 11 13 14 15 17 18 19 149 151 516 26 155 284 30 1184 162 27 37 935 42 299 172 45 686 44 432 7347 56 57 62 63 1611 708 843 4820 5973 3286 3172 6362 5860 102 1384 39 1768 1522 243 3198 119 123 1789 126 2047
43 2052 8454 9359 785 23 152 412 3358 1183 1571 7589 1704 2218 2859 50 2094 1967 7986 52 8629 7862 1721 3317 6337 3395 1988 325 3016 1353 75 126 6094 1360 210 803 5205 2262 1758 98 1509 1510 1128 107 6126 7797 8309 502 890 251 946 1483 6655
44 2563 5 2823 6668 13 14 15 2577 1283 1070 389 8480 3363 2091 301 46 5936 51 309 4532 2106 1674 62 65 2955 2116 327 73 331 78 79 595 3927 1881 348 7518 8034 1379 1132 880 4977 370 371 372 4982 120 404 789 1651 901 2698 139 1933 67 2196 1173 1476 9886 671 681 7594 5295 3443 1204 4023 7869 5313 708 1221 712 716 207 211 224 2785 742 2707 5395 1002 4589 750 498 2291 500 5621 1270 4089 2298 255
45 0 1 2 3 5 6 7 9 11 16 17 19 171 22 23 25 26 27 156 32 161 162 38 40 41 554 135 45 48 49 57 70 330 206 79 82 2136 225 1001 107 243 252 126 255
46 0 1 2 1155 150 6 8 9 138 651 12 14 4568 1298 4372 21 22 836 27 1692 5482 901 928 289 35 294 679 28 1324 5720 3378 4148 5429 60 4288 708 69 199 1352 329 74 75 6092 6222 81 850 979 1494 983 88 1369 5850 1502 224 2659 612 485 9572 234 1771 1132 7151 7408 371 884 9086 1270 489 1656 1017 634 106 126
47 0 1 2 5 7 8 9 138 12 88 659 4500 23 1434 27 28 133 800 35 36 1702 517 174 44 1307 51 56 57 58 188 192 160 583 140 78 339 85 1495 2264 224 344 484 992 2177 3379 109 4977 244 383
48 0 1 2 3 17 6 7 8 9 138 11 12 13 14 4497 19 404 23 25 26 1312 545 164 134 39 41 300 8334 48 74 2825 1593 4247 4157 4799 1344 2955 68 325 198 583 968 841 330 79 211 398 3684 348 356 1510 1809 1384 1575 236 751 7569 104 5843 119 148 63 252
49 0 1 3 3332 5 1734 7 8 137 138 907 12 13 17 259 20 22 23 24 25 26 27 29 94 69 229 40 425 42 45 49 566 72 121 186 59 61 63
50 0 4864 2 3 4 1 776 44 11 2444 13 142 1343 4995 20 919 155 9502 1826 70 1446 647 3244 46 6577 926 55 126 61 1599 4619 198 140 1482 587 333 2126 653 2513 594 2787 3412 859 1921 6755 228 739 9346 1233 63 8044 1891 240 102 2292 1269 233 6523 2941 8702
51 0 1 2 3 4 5 6 7 8 9 2826 11 12 13 14 15 16 17 18 19 20 21 22 23 24 665 2818 27 28 26 30 197 9365 1826 5659 5031 41 1159 45 1692 371 58 10 63 1989 198 1225 78 977 35 910 6877 5603 2148 3046 102 1745 1387 146 3923 2420 117 268 121 5501 725
52 1153 6402 4869 1601 1417 7307 4226 2190 24 786 7959 397 410 1950 4130 2523 6001 1088 170 300 2162 4025 4277 310 951 1465 509 1954 2112 961 4421 2886 1096 1482 587 1186 1805 850 211 7895 6744 9946 5851 861 2164 2275 868 485 9832 105 106 1643 365 3182 239 5616 2088 6514 339 1012 2293 1401 8955 6376 2175
53 0 1 2 899 4 6 9 138 12 13 14 15 1296 21 534 23 152 158 36 1958 170 3243 176 51 30 10 62 1077 118 72 73 1866 332 78 82 211 468 725 215 216 100 485 8660 110 4848 4977 246 121 38 524
54 6 7 138 139 6668 144 4881 663 4632 156 288 624 41 193 9519 561 306 2612 53 182 439 4408 180 954 509 446 65 451 1607 72 76 5313 331 204 3533 2000 1489 90 349 737 6373 273 1001 487 4044 125 112 5195 115 1568 4088 1401 636 170
55 0 1 2 3 900 5 6 7 8 9 10 11 12 13 14 15 16 17 18 19 404 21 662 23 24 4 26 27 28 410 30 1184 155 37 166 193 3244 176 4148 55 57 58 443 957 1434 3774 2112 65 650 199 1737 330 183 80 5603 84 725 1495 348 1502 187 867 3008 485 145 6887 468 1263 115 117 1270 20 121 63 637 126
56 0 1 2 4 5 6 391 44 13 16 145 2451 789 23 5276 624 160 1697 35 805 40 1194 3756 46 50 179 181 1591 825 223 3006 1600 707 390 203 207 8402 595 731 37 481 443 485 2282 236 112 19 2810 8702 2431
57 0 1 2 4 5 3975 8 11 268 14 16 18 19 404 21 27 797 30 33 1442 296 135 2348 321 3613 49 52 158 54 62 448 480 7559 77 82 6616 3807 3424 1506 484 358 231 365 111 114 659 116 118 7672 7546 126
58 1283 1284 7 520 10 2955 8076 909 18 3 20 665 4 751 285 69 32 289 1954 8355 4133 3110 41 43 684 429 175 1077 1334 57 3131 3516 3773 4672 4417 196 325 6604 74 1065 1612 720 850 2659 468 342 89 859 1597 95 1627 867 6756 550 1768 745 6379 146 7279 880 1521 9894 2153 869 84 396 252 1149 254 166
59 769 8450 1412 646 8969 2187 2956 1805 142 914 195 494 535 536 2692 2980 933 38 167 554 1966 305 434 243 1972 1334 2231 6246 189 702 6335 5643 3908 70 327 1480 585 8138 203 204 78 1745 8146 979 5333 902 857 2948 6138 6238 1119 8139 4646 5350 871 1385 746 621 1134 1277 881 114 1011 6134 873 762 123 252 253
60 65 130 6379 310 390 1089 297 74 77 14 143 80 216 18 83 212 43 24 409 15 1756 797 280 95 5985 219 101 166 1513 235 1260 238 111 240 113 5554 1131 53 54 3319 88 122 1927
61 385 6 266 909 429 16 146 1171 408 285 927 2976 6051 41 45 48 566 184 444 65 70 583 968 205 9551 208 56 213 215 984 4525 79 476 221 351 8672 609 1506 228 869 230 104 105 362 1263 240 1137 9517 374 3831 120 2683 510
62 0 2 2475 5 6 7 8 9 138 111 12 13 14 17 662 151 24 26 155 28 7966 325 1571 36 41 2858 43 879 53 2616 5876 58 31 4413 309 164 197 3270 199 3400 76 56 1106 2521 1122 3428 9957 273 63 583 3052 5668 112 497 7454 69 117 120 1017 1275 382 5887
63 0 1 2 3 900 5 135 8 9 138 907 4364 14 15 4880 4497 1554 1283 3349 401 23 24 155 1052 285 2849 8355 2683 557 47 3248 6284 2359 56 3642 3008 2371 709 1223 5448 329 715 206 976 1745 8402 227 3412 267 1370 1303 1123 131 6481 232 2158 4336 115 5779 1236 506 1019 638
64 0 1 2 3 4 5 7 8 265 778 399 784 17 18 1283 542 27 28 157 158 671 33 805 166 296 301 46 7837 181 60 63 193 962 69 327 1737 77 465 1236 3032 9305 90 5091 2705 146 750 8184 505 126
65 131 132 5 390 7 395 12 13 1679 17 19 21 217 24 25 410 815 389 32 166 679 40 1412 135 173 47 432 4403 53 841 184 8761 6459 62 7753 65 69 72 73 183 4962 78 56 82 1491 429 15 604 1117 97 482 59 38 614 849 1385 4978 1395 117 2296 890 102 299
66 6656 0 2 131 1413 8 6539 13 3471 4881 947 2579 3477 2198 26 1583 157 4864 1951 2849 166 7975 909 171 684 301 8751 136 4018 307 8116 309 3639 56 31 572 61 845 65 8643 3142 457 4172 77 462 9933 82 83 87 5336 4953 3676 3706 5472 2274 356 101 102 2282 1387 3053 7918 496 7437 126 375 5754 2047 4336 2922 4350 3839
67 0 1 2 3 4 5 6 7 75 9 1290 11 126 14 15 71 17 18 19 20 86 24 120 22 155 28 26 30 31 36 42 519 45 29 176 158 118 184 60 10 574
68 0 4 517 6 647 8 650 12 13 18 20 279 132 27 1436 29 671 5667 37 424 28 42 47 264 1714 52 309 183 6459 316 62 63 66 324 197 194 715 461 2513 468 3158 604 223 1888 1122 81 2152 487 112 509
69 2177 43 3204 519 778 139 3853 782 15 2448 145 6290 2371 6165 6169 410 751 1294 30 572 32 243 37 38 1446 41 171 3831 176 388 6452 1334 2359 2616 57 58 187 1468 10 2238 501 2112 9665 3266 11 583 2120 73 6986 55 224 335 80 977 82 211 84 142 185 216 346 6543 1757 1119 1482 4834 3299 356 1593 102 2919 3561 107 1005 971 6767 240 1522 83 3520 117 4342 873 4436 21
70 4226 4099 1412 577 782 1881 2298 410 1626 287 545 34 666 1320 298 1351 1497 2973 1078 59 193 69 2759 840 76 75 332 226 9678 8911 378 142 86 1113 90 4858 9311 1506 2147 228 762 106 1388 1262 367 880 887 2170 7850 1877
71 0 1 2 3 4 6 7 9 11 268 13 15 19 3097 26 28 2591 34 35 164 38 40 41 42 172 45 48 184 1721 60 36 962 67 68 709 5447 968 12 330 715 290 728 2212 7776 355 9957 881 120
72 1408 2433 3 388 261 8 11 397 6035 1428 174 22 25 1434 26 5150 159 800 91 70 1190 679 4630 43 5038 243 52 54 55 543 313 187 1215 7712 6082 708 1478 6092 9613 1876 2261 1495 475 3038 84 356 1894 103 1384 515 114 371 377 1019 299
73 4 8 137 139 2700 782 2063 16 17 18 149 2198 919 665 1562 27 28 1434 5124 1311 161 5659 140 2857 6188 1522 686 3818 776 7218 172 2741 250 2201 1339 53 3774 309 320 65 3403 2244 197 70 72 6668 1611 8156 333 5838 1232 82 3923 596 597 92 1495 1307 5209 1114 2703 1756 1274 3166 4320 609 867 228 1128 252 1386 703 751 8528 3826 574 7798 6057 3706 63 3708 637 382
74 0 1 2 4 8 10 11 268 15 17 914 19 21 22 2967 24 410 29 31 32 36 37 38 170 3502 1332 54 314 446 2112 2848 199 841 76 4429 82 468 5011 3514 7774 609 9572 109 12 2291 372 250 1917
75 64 129 107 454 1671 8 236 587 34 79 16 209 210 147 22 919 90 155 8734 101 546 475 356 165 679 489 106 6379 3244 45 174 495 6 1506 562 1012 245 170 87 1073 1841 62
76 0 1 2 3 4 5 6 7 8 3849 10 11 2060 6402 14 15 16 3992 18 19 148 21 22 23 24 900 155 28 157 30 8095 35 164 549 166 39 27 50 9 184 61 62 63 139 3398 199 12 332 13 3408 121 3279 6288 867 869 145 104 17 107 236 3182 112 372 4364 2168 404 126
77 896 513 4098 899 3591 651 653 5848 8466 6163 404 533 25 8733 31 35 2942 5286 6961 1577 135 3884 301 7342 3603 8241 1395 184 1593 59 2378 75 330 331 76 78 1549 720 2258 83 5582 2533 3160 6745 90 207 3293 4959 2657 1251 612 229 5350 103 1258 235 9710 5872 243 372 501 1638 4347 254
78 5 8 1801 11 12 13 14 7055 17 18 20 27 29 30 261 32 34 292 680 172 45 285 1840 183 186 5566 117 67 325 70 15 74 7499 1613 3796 86 90 859 1502 352 4452 102 145 3057 245 119 122 252 126 2943
79 256 1601 2 164 68 6 291 9 19 140 66 14 3983 81 4371 87 89 4122 156 157 130 33 98 227 484 37 39 28 159 238 76 51 500 372 41 52 4281 119 62 36
80 0 1 2 131 5 1153 8 10 2060 15 4241 20 1173 22 24 641 9335 28 30 290 35 1572 37 422 1321 426 1195 1584 948 2614 55 184 57 316 4618 1174 6979 197 1862 6347 34 81 1152 726 164 655 5724 990 95 224 97 227 7908 2780 9947 1256 619 108 971 496 1012 1065 1911 3706 149
81 0 128 363 4 6 8 9 138 15 17 5778 19 277 662 152 282 155 156 36 37 167 681 554 300 45 3631 178 1583 95 316 829 65 67 68 715 78 81 211 24 57 1627 165 355 209 231 146 110 1135 147 7727
82 0 1 2 107 1671 8 137 1546 139 14 271 914 20 21 28 3102 2592 163 9542 41 432 30 54 1591 58 60 61 32 2114 6467 1606 199 74 1227 80 1294 342 89 3215 96 225 99 360 873 2282 235 494 253 625 114 7433 247 120 1300 7291 252 2538 4478
83 387 5 7 8 9 779 15 144 147 23 152 25 157 162 35 39 41 43 50 179 371 57 1850 319 323 5959 970 375 76 3661 3406 84 2134 218 4859 235 112 114 7315 501 5801 2552 4090 891 253
84 0 2 132 22 390 65 9 138 12 2701 14 145 21 3222 23 28 29 32 6049 289 36 38 39 176 817 50 51 53 60 62 321 451 69 455 76 74 204 86 229 5862 487 363 236 621 117 123 125 127
85 2562 3 5641 138 139 524 13 14 17 1554 19 20 5349 25 27 28 2973 1312 417 1757 37 1137 552 1756 2730 299 44 114 46 29 115 201 184 442 187 6718 1604 4421 73 970 715 332 3024 1106 121 6234 2652 2397 229 4962 355 5605 615 232 7401 253 3569 626 42 7876 1398 249 123 636 938 510 8703
86 0 1 2 3 4 199 72 10 11 13 5773 16 18 131 21 23 267 75 30 96 34 35 100 40 277 135 44 47 240 50 599 245 60 189 53
87 4 7 2825 10 909 3053 18 789 152 2841 27 797 2334 159 32 624 2978 1862 166 177 552 327 1583 1073 949 1847 184 316 138 62 323 197 70 737 331 207 80 81 82 99 49 1884 4048 995 231 104 107 109 61 2288 377 251 2045 3071
88 0 1 2 3 22 7 12 130 14 16 145 1027 21 278 282 155 29 290 27 38 42 173 51 54 957 1223 2316 74 13 85 90 79 144 869 4841 238 1263 113 120 9593 250 554 510 166
89 97 5 6 7 8 4618 12 782 15 16 17 8978 1172 110 152 25 538 155 26 7584 545 27 3526 625 424 9514 6087 943 48 178 436 841 57 58 3137 1734 71 968 2377 206 79 594 596 8790 4537 218 348 1757 272 2019 485 5350 145 1896 161 146 210 112 726 268 233 532 121 636 102
90 0 1 4 5 6 7 8 3977 11 12 15 3457 17 2322 147 90 410 28 157 158 32 34 35 2212 1189 38 679 424 896 1452 45 48 309 9 184 65 449 4171 198 201 330 331 210 83 1110 88 218 655 92 1256 9054 3299 229 1384 4329 110 1704 140 2899 2169 123 255
91 0 2304 6018 644 5 6 1671 8 267 66 8334 17 4370 148 534 663 25 5659 2972 1437 30 8992 33 4131 164 549 9127 426 1287 3244 2477 7086 5295 7600 817 948 2741 2871 184 825 3003 2492 2238 1090 2371 196 1221 70 327 585 439 78 1691 120 210 8019 139 3684 331 859 1629 2654 1119 97 2020 4581 455 8438 2685 1522 211 6005 1227 1016 183 126
92 0 1 2 69 8 585 10 143 13 14 15 205 20 21 121 24 25 27 137 31 97 611 356 549 1958 41 106 299 108 1714 304 176 9138 179 182 1673 248 57 122 253 169
93 1152 128 1155 7048 267 526 1936 145 915 276 150 1948 669 1951 555 549 6369 370 2205 6577 434 948 1077 310 585 56 185 59 68 9542 4807 201 3535 4688 597 4704 353 4067 361 108 2285 2889 1010 187 2296 122 125
94 6785 3458 1387 1412 133 1031 2185 4364 653 782 655 2576 4625 402 2965 663 2329 557 7708 8993 7971 7590 43 8492 301 321 1200 946 5909 2486 824 697 5051 4157 830 1344 193 2882 325 5447 4425 332 1506 975 612 978 1750 727 857 218 861 735 2402 5091 3428 1000 5483 189 1008 619 374 1783 4857 764 1223 1151
95 4609 2431 3056 2668 908 5516 2573 5390 2706 20 2670 25 3995 1564 8094 1183 8992 929 1575 552 7081 8243 54 329 3769 4413 7234 195 3654 1863 200 652 4791 589 9039 9464 3455 85 1623 3033 2138 3420 3348 228 742 3689 3946 5442 402 110 5616 3441 140 1521 268 7287 120 1017 119 3199
96 2818 4 391 523 143 145 120 154 29 542 69 33 219 163 42 43 44 301 46 178 1272 54 58 31 1597 63 2240 196 197 455 80 1361 2003 71 271 655 37 737 229 17 189 114 2291 504 249 123 127
97 0 1 2 3 4 5 6 7 8 9 138 11 12 13 14 15 16 19 20 21 22 1434 27 5276 285 9630 5381 33 168 28 4266 4142 1200 57 59 10 63 69 72 329 4301 78 86 6379 6102 9691 92 2653 100 102 103 46 624 3441 140 120 249 426 126
98 0 1 2 3 4 5 6 7 8 9 10 11 12 14 15 16 17 18 19 20 23 3097 410 27 26 927 35 38 40 41 44 2478 797 72 434 7347 52 55 56 6201 58 62 63 139 69 1736 7753 82 121 224 2148 229 5350 236 5394 157 114 915 285 2039 120 249 7173
99 0 1 2 8707 22 6 7 8 9 138 11 12 13 16 303 19 20 406 24 27 28 29 7454 31 32 36 37 3110 1320 4487 686 175 48 178 253 1023 56 187 10 1093 7234 69 70 199 1352 96 609 101 61 6385 117 119 38 6141 166
