100
0 6915 5 1799 4460 139 397 15 5136 17 1558 663 281 26 2076 6045 1541 288 3489 36 422 1137 426 43 45 5448 180 5046 3160 5561 186 1725 451 33 4040 717 2509 720 1368 4829 2526 7013 96 6160 1702 742 615 1384 236 4589 110 625 882 756 38 2428
1 0 1 2 5 6 71 72 9 75 12 63 19 85 88 26 27 92 30 869 1089 5367 37 65 39 40 28 199 549 46 240 76 435 116 158 238 41 56 7 396 123 2572 425
2 0 1 2 3 132 5 7 64 9 10 11 12 13 2264 83 148 21 214 23 24 346 94 69 96 33 36 38 102 103 168 66 940 49 178 131 62 264
3 256 3457 130 150 903 907 142 399 144 145 2067 6166 408 3097 1434 155 419 92 426 44 46 50 51 1334 447 66 971 71 73 3659 77 7373 1106 725 346 3676 735 8801 98 3299 484 364 112 147 809 4221
4 129 6147 2052 257 392 103 671 1956 7687 941 2478 433 1843 308 2654 55 1336 9017 1387 68 8901 8518 3767 335 4178 212 1881 91 1628 3293 222 224 229 3175 1257 7275 3692 2413 2791 503 2132 6913 637 511
5 0 747 4 1541 6 65 650 139 14 15 16 148 21 22 25 158 161 4258 35 549 39 168 41 44 2478 180 54 329 60 62 193 195 68 1334 33 1225 78 88 90 1756 93 94 97 611 316 107 249 637 149
6 1 5634 133 135 137 146 534 280 22 27 2076 29 1310 1183 1184 48 37 38 43 175 176 7624 54 442 188 445 65 459 1476 72 75 332 81 82 83 86 89 58 95 96 100 108 110 119 632
7 0 2 3 98 6 7 8 10 11 13 15 18 19 20 1173 23 24 25 27 157 30 1315 37 166 40 44 46 47 49 3379 3211 5429 55 60 650 63 331 197 72 459 461 1496 224 2402 355 102 195 316 107 115 2045 21
8 3 4 2902 135 8 1388 10 11 268 13 14 15 2960 17 404 21 22 151 280 1434 411 8734 1440 35 1572 1734 38 1287 50 815 178 51 52 53 54 8215 436 58 1468 32 3467 9030 524 74 596 24 216 98 484 485 487 7915 3692 110 7537 500 126 631 7292 253 3198 4885
9 0 1 2 899 4 5 6 7 8 9 10 18 403 21 23 516 155 30 31 33 290 163 164 4390 2735 176 432 52 158 55 56 58 62 309 64 65 67 72 6729 78 5200 35 468 1881 97 1122 1510 103 873 231 109 117 120 84 126
10 0 1 2 3 4 5 6 7 8 9 10 11 13 14 15 16 17 18 19 20 22 24 26 27 5276 30 31 2848 34 35 37 5926 40 4266 1707 940 47 513 824 61 193 72 389 78 468 9047 5725 482 131 1667 914 2088 372
11 0 1 5 65 136 74 55 653 206 79 272 17 18 83 725 24 216 93 1566 671 32 34 231 64 7 236 61 111 112 51 180 117 41 248 477 125
12 0 1 2 3 4 5 6 7 8 9 138 11 13 14 16 18 19 20 78 121 88 25 26 155 28 221 1502 32 99 39 40 2371 135 82 110 51 1077 54 632 84 59 554 62
13 4994 1156 4482 5902 3600 1042 275 8802 1686 6684 1438 9888 2852 422 1959 43 429 1967 567 3257 443 1597 1087 1988 3525 5834 2509 207 976 3284 93 2142 2768 866 2491 1128 233 7658 750 1981 8688 6131 6644 885 1271 249 7162
14 0 3457 3591 8 9 128 139 13 19 404 1558 153 666 27 1583 2205 4895 2593 290 807 45 303 456 1587 94 1097 3768 185 442 650 450 161 5850 201 1228 1122 9559 90 92 349 990 224 97 482 229 362 1902 3441 370 4104 503 148 121
15 0 1 2 3 4 513 8 9 10 11 2700 142 280 18 131 20 21 23 152 772 1263 160 161 561 308 309 138 57 87 3082 63 3266 2627 199 72 78 83 468 1495 89 92 96 84 2148 1766 107 3389 61 147 545 153 212
16 1027 65 393 142 6031 659 1428 151 3500 5791 288 417 418 933 167 1704 8875 1452 8241 948 1590 1207 2744 1979 191 1985 880 7367 4023 1100 5069 848 56 398 1754 143 2268 9225 999 6630 231 1959 289 3054 7791 1136 242 2983 1401 762 382
17 0 1 2 3 4 5 390 7 8 9 138 273 1554 19 20 24 665 879 28 797 5278 5893 6049 418 1030 5404 4167 1185 1584 946 5558 3977 2232 4063 60 61 62 2614 454 199 1352 8015 184 210 3923 84 87 345 731 2981 2145 5218 536 361 6378 751 1395 1524 510 4343 2296 763 9470 4607
18 0 129 2 5381 7 9 267 8334 3983 21 22 280 878 29 158 389 161 546 35 4388 421 42 647 301 175 50 30 55 56 60 65 66 139 68 731 204 77 207 79 979 2138 4302 728 6234 15 1251 747 750 879 114 1395 245 118 120 9611
19 1793 1521 3563 1284 598 134 1799 1930 139 2444 6930 1171 404 149 5910 2374 536 9732 3483 285 32 545 3106 3621 2214 39 9768 1468 6698 70 7086 303 871 625 309 54 55 126 3514 4063 769 778 5182 2208 961 4291 3142 8933 1737 77 81 37 980 86 2391 3046 1114 7387 92 861 1119 480 188 995 5990 358 231 3119 679 236 146 250 8488 243 1524 62 3447 3448 1437 3455 764 253 382 3477
20 0 1 2 3 4 7 8 10 11 15 16 19 20 21 23 25 27 1052 159 33 35 36 37 4225 44 176 49 50 1027 57 61 907 1771 74 75 1117 97 148 102 2153 491 3441 118 249 2298
21 0 1 2 4 5 6 9 10 12 15 16 1554 403 20 21 22 24 27 28 30 389 33 34 35 36 37 38 42 199 47 176 54 55 184 69 1350 71 84 3158 96 103 146 110 120 494
22 0 1 2 3 4 5 6 7 8 9 1290 11 12 2818 14 15 16 17 19 148 21 22 23 26 27 28 29 1310 161 41 299 9517 138 57 442 59 10 63 193 68 69 198 583 7624 74 45 977 468 89 859 58 97 356 236 114 117 126
23 0 1 2 3 129 9 138 139 524 18 19 21 23 152 7325 160 393 35 37 39 426 1799 1452 46 48 50 52 53 55 57 58 63 343 7 218 95 482 611 230 3700 2169 250 124 1429
24 0 1 2 4 7 8 138 12 13 15 18 19 22 27 28 542 31 35 184 42 2060 175 91 128 52 56 185 61 67 708 72 73 7373 269 80 977 82 2168 271 102 103 104 105 120 1151
25 3 86 7 8 393 236 11 140 13 14 301 17 18 19 1667 23 25 26 3483 161 164 48 40 425 44 45 1200 49 50 8243 342 57 2106 316 1482 3262 63 64 69 3398 72 74 82 83 7382 2264 602 9054 6115 227 1610 101 5482 107 7242 850 3880 4724 131 120 252 2685
26 0 1 2 131 4 6 7 8 1420 139 12 13 16 907 19 84 21 342 409 27 797 30 415 67 134 168 105 66 1388 46 62 119 1656 234 3194 1019 124 42 446 63
27 0 1 2 3 6 8 44 12 16 18 899 20 22 23 27 29 4510 1954 164 37 552 41 43 300 47 303 176 157 443 69 2889 77 206 34 84 343 2780 165 107 112 40 115 119 121 122
28 258 131 900 7 264 10 268 144 2819 148 132 29 414 31 164 37 38 552 44 51 53 4281 58 309 64 67 197 73 77 1106 83 85 93 478 96 272 103 1643 621 253 117 20 1917 1150 383
29 131 278 1803 14 274 20 22 793 24 281 5661 7584 1697 290 35 1000 113 2216 6698 44 4656 270 4919 56 57 442 71 329 74 2487 335 337 595 84 526 727 350 609 5990 360 2684 490 1387 236 109 110 496 1384 243 510 760 55 252 4266 120
30 256 2048 1026 134 9 128 14 9360 274 275 148 149 5526 23 537 154 27 2076 4514 35 1447 169 43 8365 687 435 155 184 1583 1210 187 63 4801 196 198 9543 968 201 1610 610 2385 6097 602 2735 2014 992 2274 612 465 8938 625 3759 4597 121 252 253 126
31 0 1 2 3 4 5 8 9 11 14 15 17 18 19 21 23 280 26 27 28 30 33 162 39 1065 554 199 45 55 56 58 63 3008 1989 1734 583 2504 74 173 82 84 4397 2360 482 102 273 105 1052 125 881 915 5626 252 170
32 0 1 2 3 709 6 8 9 74 11 12 13 14 16 120 19 20 21 22 23 88 91 339 31 5921 34 35 101 42 549 47 176 968 114 128 52 55 632 121 59 60
33 0 1 2 4 5 6 7 8 9 12 14 1807 16 17 19 20 25 24 3097 900 28 5150 33 1954 38 48 9896 298 299 940 46 432 49 51 316 65 193 66 69 73 74 204 78 83 659 1365 6656 88 2521 3600 482 1011 63 252
34 0 1 2 4 5 6 7 8 268 12 77 15 16 82 19 968 21 2713 152 25 27 30 68 1089 33 34 35 391 121 38 49 168 42 171 114 1575 305 178 52 137 57 1679 1173
35 128 5221 8450 899 388 4613 646 1799 3839 8973 16 914 277 836 7709 1440 7970 675 454 5158 1959 1065 6059 300 301 686 1604 3126 55 57 60 190 2371 4164 118 70 4551 1352 969 1186 82 3923 5895 344 476 350 9957 97 1122 763 7718 4710 519 316 106 107 108 9713 114 6644 3190 120 6137 8315 638 21
36 1412 5 8454 647 9 1290 396 14 1168 149 22 152 120 26 3483 3996 410 30 2591 161 163 198 406 5041 40 3497 1638 7069 9521 4662 137 1080 2930 709 5526 712 1481 4171 332 206 80 5329 979 469 9562 733 94 353 2659 1702 998 871 252 107 1005 751 624 114 3317 1783 1528 6137 4984 7081 2979
37 0 1 2 3 4 5 7 8 10 395 175 17 18 19 24 2073 154 155 26 410 31 32 166 129 41 45 303 48 178 2612 54 184 58 64 71 1737 88 5084 2147 356 1256 106 371 681 4347 2430
38 768 257 132 2696 4361 906 2572 1549 5519 1937 659 4630 2840 2717 1054 161 293 551 4009 5329 5803 9906 815 2992 2738 999 8948 3142 590 141 2385 1362 1456 7253 2191 1041 235 125 339 7924 7977 255 7677 853
39 0 1 2 3 4 5 6 7 8 9 10 12 5634 16 17 1171 686 23 152 27 797 4768 33 34 646 38 554 1671 46 48 138 439 57 1930 393 7104 69 390 583 968 74 162 2383 335 595 468 43 1369 2688 2523 37 355 102 273 107 119
40 1 2 3 388 7 8 777 907 3849 375 1880 914 659 20 405 23 132 538 797 928 161 803 1958 3879 5546 6831 52 7734 265 7481 1468 64 193 6698 73 1591 972 7117 80 9208 210 595 482 216 345 672 480 7777 98 3044 869 259 3561 1184 3858 1395 2423 3704 4500 183
41 0 3 900 389 9 650 11 12 13 14 15 17 20 24 665 26 28 29 197 37 38 40 2076 554 3884 4142 44 176 50 51 181 3135 137 31 60 10 53 69 199 73 78 8272 142 145 625 372 117 121 63 382
42 0 1 2 3 4 5 6 7 8 9 138 11 13 14 15 17 18 19 149 151 516 26 27 284 30 162 155 37 39 42 172 45 2862 44 432 7347 56 57 62 63 708 2047 843 4820 5973 3172 6362 5860 102 1384 935 1768 1522 243 126 119 123 1789 3198 686
43 2052 8454 9359 785 23 152 412 3358 1183 8309 803 1704 2218 2859 50 2094 1967 7986 52 8629 7862 1721 3317 6337 3395 1988 325 3016 1353 75 6094 210 1571 5205 2262 1758 98 1019 1509 1510 1128 107 6126 7797 502 1483 890 251 946 126 6655
44 1651 2050 2563 5 1270 1033 1290 2955 6668 13 14 15 4089 1809 2707 404 1173 46 901 9886 389 8480 2196 3363 9459 681 7594 2091 301 1070 5295 51 4532 309 498 4023 371 2106 671 2698 62 65 708 1221 211 327 712 73 331 716 78 79 595 3927 1881 207 348 378 224 2785 1379 742 1002 3443 1132 750 880 4977 370 2291 500 4982 120 1017 2298 255 1933 789
45 0 1 2 3 5 6 7 9 11 16 17 19 171 22 23 25 26 27 156 32 161 162 38 40 41 554 135 45 48 49 57 70 330 206 79 82 2136 225 1001 107 243 252 126 255
46 0 1 2 1155 22 6 8 9 651 12 14 145 1298 21 150 27 28 901 928 289 35 294 679 1692 1324 4148 5429 88 60 181 4288 69 329 74 75 6092 126 6222 81 979 983 4568 1369 1502 224 612 9572 5482 1132 7151 7408 371 884 106 489 1656 1017 634 234 9086
47 0 1 2 5 2177 8 9 138 12 130 88 4500 23 1434 27 28 133 160 35 36 1702 7 517 174 44 51 56 57 58 188 192 992 583 140 78 339 85 344 224 484 109 4977 244 383
48 0 1 2 3 17 6 7 8 9 138 11 12 13 14 4497 19 404 23 25 26 1312 545 164 134 39 41 300 48 398 2825 4247 330 4799 1344 2955 68 198 583 968 74 79 211 8334 3684 99 356 1510 1809 1384 751 104 119 148 63 252
49 0 1 3 3332 5 1734 7 8 137 138 907 12 13 17 259 20 22 23 24 25 26 27 29 94 69 229 40 425 42 45 49 566 72 121 186 59 61 63
50 0 1 2 3 4 6 647 776 44 11 2444 13 142 1343 4995 20 919 3097 412 4864 1826 70 1446 3244 46 6577 9502 55 6523 926 61 63 198 140 1482 587 333 2126 2513 594 739 3412 859 1921 6755 228 102 1233 233 8044 240 2292 8702 1599 2941 126
51 0 1 2 3 4 5 6 7 8 9 10 11 12 13 14 15 16 17 18 19 20 9365 22 23 24 2818 27 28 26 30 197 35 5031 41 45 58 2826 63 64 1989 78 977 3923 910 6877 5659 5603 2148 3046 146 371 2420 117 121 21 5501 725
52 1153 6402 4869 1601 1417 7307 1805 2190 786 7959 24 410 1950 418 5851 1186 1088 170 2162 4025 4277 310 951 1465 509 1954 296 2112 961 4421 4226 1096 1482 587 4130 397 211 7895 9946 2523 2164 355 868 485 9832 105 106 1643 365 3182 239 5616 2088 6514 339 1012 2293 1401 6376 6001
53 0 1 2 899 4 6 138 12 13 14 15 1296 21 534 23 152 158 36 38 170 3243 176 51 30 10 62 1077 246 72 73 1866 332 78 82 211 8660 725 215 216 100 485 468 110 4848 118 121 524
54 6 7 139 144 4881 4632 5020 90 288 624 156 193 9519 561 306 180 53 182 439 4408 2612 954 509 446 65 451 76 5195 204 1489 1568 214 1495 331 349 737 6373 487 1001 4044 125 112 115 41 4088 1401 636 170
55 0 1 2 3 4 5 6 7 8 9 10 11 12 13 14 15 16 17 18 19 20 21 662 23 24 900 26 27 28 30 1184 155 37 166 3244 55 57 58 3774 63 2112 65 1737 183 76 80 84 1495 1502 485 145 6887 1263 115 117 1270 637 126
56 0 1 2 4 5 6 391 44 13 16 145 2451 789 23 5276 624 160 1697 35 390 40 1194 3756 46 50 179 181 1591 825 223 3006 707 203 207 8402 595 731 37 481 443 485 2282 236 112 19 805 2810 8702 2431
57 0 1 2 4 5 3975 8 11 268 14 16 18 19 404 21 27 3613 30 33 1442 296 135 2348 321 797 49 52 158 54 62 448 480 7559 77 82 6616 3807 3424 1506 484 358 231 365 111 114 116 118 7672 7546 126
58 1283 4 7 520 138 2955 8076 909 173 18 3 20 665 7279 751 285 69 32 289 8355 4133 166 41 43 684 429 175 91 1077 1334 57 3516 10 4417 196 325 6604 74 1612 720 81 850 468 342 89 859 1597 95 2659 6756 3110 2153 6379 146 1007 9894 869 84 396 252 254
59 769 8450 1412 646 8969 5643 2956 1805 142 2187 1134 535 2692 5350 2980 933 38 167 554 1966 305 243 1972 1334 2231 189 702 6335 194 195 3908 70 327 1480 585 8138 203 204 78 8146 979 5333 902 857 2948 762 6238 1119 226 8139 4646 6246 1385 746 621 494 253 881 114 1011 6138 123 252 1277
60 65 130 235 54 1089 1513 74 77 14 15 80 88 18 83 212 43 24 409 71 143 216 797 280 95 5985 219 101 1927 1756 6379 1260 238 111 240 113 5554 1131 53 310 297 122 166
61 128 6 266 909 4525 16 146 1171 404 408 285 927 2976 6051 41 45 48 566 56 444 65 70 968 205 9551 208 184 213 215 79 476 221 351 8672 1506 869 230 104 105 362 1263 240 1137 9517 374 3831 120 2683 510
62 0 2 2475 5 6 7 8 9 12 13 14 17 662 151 24 26 155 28 7966 325 1571 36 41 43 879 5668 53 56 5876 58 31 4413 63 164 197 3270 199 3400 76 2616 1106 2521 1503 1122 3428 9957 273 3052 111 112 497 69 117 120 1017 1275 5887
63 0 1 2 3 900 5 135 8 9 138 907 4364 14 15 4497 401 1554 1283 3349 23 24 155 1052 285 329 2849 1223 557 47 3248 2359 56 3642 2371 709 1991 6284 206 976 1745 8402 1123 3412 1370 698 1303 227 131 6481 232 2158 4336 115 506 2683 638
64 0 1 2 3 4 5 7 8 265 778 399 784 17 18 1283 542 27 157 158 671 33 805 166 296 301 46 181 60 63 193 962 69 327 1737 77 465 3032 9305 90 5091 146 750 505 379 126
65 131 132 5 390 7 395 12 13 1679 17 19 21 24 25 410 47 32 166 679 1412 299 173 815 432 434 4403 53 73 568 8761 59 62 7753 65 69 72 841 183 482 78 56 82 1491 313 429 15 604 1117 734 97 4962 38 614 849 1385 1395 117 2296 890 102
66 0 6656 2 131 1413 8 307 6539 13 3471 1424 4881 2579 2198 26 157 4864 31 845 7975 171 8751 136 947 8116 309 56 1951 572 65 457 77 462 9933 6480 82 83 87 5472 2274 356 101 2282 1387 7918 4336 4350 502 375 5754 3839 166 126 2047
67 0 1 2 3 4 5 6 7 75 9 10 11 126 14 15 71 17 18 19 20 86 24 120 22 155 28 26 30 31 36 42 519 45 29 158 118 184 60 574
68 0 4 517 6 647 8 650 12 13 18 20 279 132 27 28 29 671 5667 37 551 424 1436 42 47 264 1714 52 309 183 6459 316 62 63 66 324 197 194 715 461 2513 3158 604 223 1888 1122 81 487 112 509
69 2177 171 3204 1671 10 11 3853 782 15 2448 145 6290 6165 6169 516 410 6767 30 572 32 38 1446 41 43 142 3831 176 388 6452 1334 55 57 58 187 1468 778 2238 117 2112 224 3266 2371 708 583 2120 73 6986 971 335 80 977 82 83 84 1294 185 216 1757 1119 1482 3299 356 1593 102 2919 519 3561 107 1005 751 240 1522 243 3520 501 4342 873 4436 762 3499 21
70 4226 4099 1412 193 142 2170 1881 2298 666 1626 410 287 545 34 1320 298 2759 2973 1078 315 577 69 1351 840 76 75 332 226 9678 782 86 1113 90 4858 9311 1506 2147 762 106 367 880 59 887 378 7850 1877
71 0 1 2 3 4 6 7 9 11 12 13 15 19 26 28 2591 34 35 2212 38 40 41 42 172 45 48 1721 60 962 164 68 5447 268 330 715 290 728 36 7776 67 355 9957 881 120
72 1408 2433 3 261 8 11 397 22 6035 1428 174 4630 1876 25 26 1434 5150 159 800 91 1190 679 43 5038 243 52 798 54 55 543 313 187 1215 7712 6082 70 6092 84 2261 1495 475 3038 356 1894 103 1384 114 371 377 1019 299
73 3708 4 8 137 139 2700 782 2063 16 17 18 149 2198 665 2201 1434 1307 28 1562 5124 1311 161 27 6057 6188 3826 686 776 6668 172 309 111 1339 53 3774 2741 320 65 1611 2244 3706 70 609 72 140 3403 1484 5838 1232 156 3923 596 597 1495 5209 2703 92 1756 3166 4320 8528 867 228 5659 1128 63 82 751 1522 574 2857 250 703 252 637 382
74 0 1 2 4 8 10 11 268 15 17 914 19 21 22 2967 24 410 29 31 32 36 37 38 170 3502 1332 54 314 446 2112 2848 199 841 76 4429 82 468 7774 109 12 5011 372 250 1917
75 64 129 34 325 454 583 8 236 138 587 1506 79 16 209 210 147 22 919 90 155 8734 165 107 546 475 356 101 679 489 106 6379 3244 174 495 87 1073 562 1841 245 1337 6 170 62
76 0 1 2 3 4 5 6 7 8 9 10 11 2060 13 14 15 16 3992 18 19 148 17 22 23 24 900 26 27 28 157 30 8095 35 549 166 39 50 155 3849 184 6402 61 62 63 3398 12 332 3279 121 867 869 145 104 107 112 404 126
77 896 513 899 3591 776 651 653 5848 8466 6163 404 533 25 8733 31 35 5286 6961 1577 135 3884 301 7342 3603 8241 1395 184 1593 2378 75 330 331 76 78 1549 720 254 2258 83 5582 342 3160 6745 90 207 2533 2657 1251 612 229 5350 103 1258 235 9710 5872 113 243 372 501 249 4347 2942
78 5 8 11 12 13 14 7055 17 18 20 154 27 29 30 261 32 34 292 680 172 45 285 183 186 318 117 67 325 70 15 74 7499 1613 86 90 859 1502 352 102 145 245 119 122 252 126
79 256 1601 2 68 6 28 9 51 140 66 14 81 4371 87 89 156 157 130 33 98 291 164 37 227 41 39 500 238 76 19 52 119 372 159 62 36
80 0 1 2 131 5 641 8 10 2060 15 4241 20 1173 22 24 9335 28 30 34 35 1572 37 422 2780 426 1195 1584 2614 55 184 57 316 4618 1174 6979 197 971 290 81 1152 726 655 5724 990 95 224 97 227 553 9947 1256 619 108 496 1012 6347 1321 1065 3706 149
81 0 4 6 8 9 138 15 17 5778 147 277 662 152 282 155 156 36 37 167 681 300 45 3631 178 209 1583 95 316 829 65 194 67 68 715 78 81 211 24 57 1627 165 355 231 363 146 110 19 7727
82 0 1 2 235 1671 8 137 139 14 271 20 21 28 3102 32 163 41 432 30 54 1591 2282 58 60 61 565 1606 199 74 1227 80 1294 342 89 3215 348 96 225 360 873 2538 107 494 113 114 247 120 1300 7291 252 253 4478 341
83 387 5 7 8 9 779 1932 15 144 147 23 152 25 157 162 35 39 41 43 50 179 371 57 1850 319 323 5959 970 375 76 3661 84 2134 218 4859 235 112 114 7315 501 5801 2552 4090 891 253
84 0 2 132 22 390 65 136 9 138 12 2701 14 145 21 3222 23 28 29 32 6049 289 36 38 176 817 50 51 53 60 62 321 451 3140 69 455 76 74 204 86 229 5862 487 363 236 621 117 123 125 127
85 2562 3 5641 138 139 524 13 14 17 1554 19 20 5349 25 27 28 2973 544 417 37 1137 552 2730 44 114 46 29 115 201 184 442 187 6718 1312 66 1604 4421 73 715 332 1106 6234 2652 1757 229 4962 355 5605 232 7401 253 3569 626 42 7876 1398 121 123 636 938 510
86 0 1 2 3 4 199 72 10 11 13 5773 16 18 131 21 23 267 75 30 96 34 35 100 40 277 135 44 47 240 50 599 245 60 189 53
87 4738 4 7 2825 138 909 3053 18 789 152 2841 27 797 2334 159 32 624 2978 1862 166 1073 1583 49 949 1847 184 316 10 62 323 197 70 327 177 331 80 81 82 99 1884 4048 995 231 104 107 109 61 2288 377 251
88 0 1 2 3 278 42 7 12 74 2316 130 14 13 16 145 1027 21 22 90 79 29 144 290 27 869 38 4841 554 1223 173 238 282 113 51 155 54 120 9593 250 166 957 510 85
89 43 5 6 7 8 4618 12 782 15 16 17 146 152 25 26 155 538 7584 545 27 1734 424 6087 943 48 178 436 57 58 1340 3137 3526 71 2377 206 79 210 596 726 218 348 1757 97 2019 485 5350 145 1896 161 110 112 233 121 636 102 127
90 0 1 4 5 6 7 8 3977 11 12 141 15 3457 17 147 90 410 28 157 158 32 34 35 2212 1189 38 679 424 896 1452 45 48 309 9 184 449 4171 198 201 330 331 210 2899 1110 88 218 655 92 9054 229 4329 110 140 83 123 255
91 0 2304 6018 644 5 6 1671 8 139 66 8334 17 4370 148 534 663 25 5659 2972 1437 30 33 4131 164 549 426 327 3244 2477 7086 5295 7600 817 948 2741 2871 184 825 3003 2492 1090 267 196 1221 70 455 439 126 78 120 210 8019 2020 331 859 1629 2654 97 151 1691 4581 8438 1522 211 6005 1227 1016 3684 374 183 1287
92 0 1 2 69 8 585 10 143 13 14 15 205 20 21 176 24 25 27 122 137 31 97 611 356 549 1958 41 106 299 108 1714 304 9138 179 182 1673 248 57 121 253 169
93 1152 128 68 9542 4807 7048 2889 187 267 526 3535 1936 56 434 915 276 597 150 1948 669 1951 4704 4688 4067 549 585 361 555 108 2285 2205 99 6577 1010 948 1077 310 201 2296 185 122 59 125
94 6785 3458 5483 1412 133 262 1031 2185 4364 653 782 655 2576 4625 402 5909 2329 7708 8993 7971 7590 1387 43 8492 301 321 861 1200 946 2486 824 697 5051 4157 830 193 2882 325 4425 332 2402 975 978 1750 727 857 218 557 735 1506 5091 1000 619 189 1008 232 374 1783 1151 764 2965
95 7234 195 54 3654 1863 200 329 652 908 5442 5390 5196 402 1017 20 85 1623 3033 7287 3420 8094 8992 929 228 742 3689 3946 2706 110 3056 1521 140 2431 25 862 268 4791 120 3769 217 119 2670 3199
96 2818 4 391 523 143 17 120 29 542 31 33 197 163 37 39 42 43 44 301 46 178 54 58 189 63 2240 196 69 455 968 219 80 1361 2003 71 271 655 737 229 1597 114 2291 1272 249 123 127
97 0 1 2 3 4 5 6 7 8 9 10 11 12 13 14 15 16 19 20 21 22 46 27 28 285 9630 5381 33 168 5276 426 4142 57 59 138 63 86 69 72 329 4301 78 335 6102 9691 92 100 102 103 6379 140 120 249 4266 126
98 0 1 2 3 4 5 6 7 8 9 10 11 12 14 15 16 17 18 19 20 23 3097 410 27 26 927 35 38 40 41 44 2478 157 72 434 7347 52 55 56 6201 58 62 63 139 69 1736 7753 82 121 2148 229 5350 236 5394 915 2039 120 249 7173
99 0 1 2 22 6 7 8 9 138 11 12 13 16 303 19 20 406 24 27 28 29 7454 31 32 36 37 3110 686 175 48 178 56 187 61 7234 67 69 70 199 96 609 101 38 117 10 166 253 1023

